#
# There is insufficient memory for the Java Runtime Environment to continue.
# Native memory allocation (mmap) failed to map 67108864 bytes for G1 virtual space
# Possible reasons:
#   The system is out of physical RAM or swap space
#   The process is running with CompressedOops enabled, and the Java Heap may be blocking the growth of the native heap
# Possible solutions:
#   Reduce memory load on the system
#   Increase physical memory or swap space
#   Check if swap backing store is full
#   Decrease Java heap size (-Xmx/-Xms)
#   Decrease number of Java threads
#   Decrease Java thread stack sizes (-Xss)
#   Set larger code cache with -XX:ReservedCodeCacheSize=
#   JVM is running with Unscaled Compressed Oops mode in which the Java heap is
#     placed in the first 4GB address space. The Java Heap base address is the
#     maximum limit for the native heap growth. Please use -XX:HeapBaseMinAddress
#     to set the Java Heap base and to place the Java Heap above 4GB virtual address.
# This output file may be truncated or incomplete.
#
#  Out of Memory Error (os_windows.cpp:3548), pid=4188, tid=12816
#
# JRE version:  (17.0.11+7) (build )
# Java VM: Java HotSpot(TM) 64-Bit Server VM (17.0.11+7-LTS-207, mixed mode, sharing, tiered, compressed oops, compressed class ptrs, g1 gc, windows-amd64)
# No core dump will be written. Minidumps are not enabled by default on client versions of Windows
#

---------------  S U M M A R Y ------------

Command Line: -Xmx64m -Xms64m -Dorg.gradle.appname=gradlew org.gradle.wrapper.GradleWrapperMain app:installDebug -PreactNativeDevServerPort=8081

Host: Intel(R) Core(TM) i3-8130U CPU @ 2.20GHz, 4 cores, 3G,  Windows 10 , 64 bit Build 19041 (10.0.19041.4717)
Time: Mon Aug 19 10:34:11 2024 Pacific Daylight Time elapsed time: 1.229993 seconds (0d 0h 0m 1s)

---------------  T H R E A D  ---------------

Current thread (0x000001a6c16aa3d0):  JavaThread "Unknown thread" [_thread_in_vm, id=12816, stack(0x000000149c300000,0x000000149c400000)]

Stack: [0x000000149c300000,0x000000149c400000]
Native frames: (J=compiled Java code, j=interpreted, Vv=VM code, C=native code)
V  [jvm.dll+0x679cca]
V  [jvm.dll+0x7da13d]
V  [jvm.dll+0x7dba83]
V  [jvm.dll+0x7dc0f3]
V  [jvm.dll+0x2449af]
V  [jvm.dll+0x676ce9]
V  [jvm.dll+0x66b852]
V  [jvm.dll+0x3018d6]
V  [jvm.dll+0x308e76]
V  [jvm.dll+0x3596ee]
V  [jvm.dll+0x35991f]
V  [jvm.dll+0x2d89a8]
V  [jvm.dll+0x2d9914]
V  [jvm.dll+0x7ac6b1]
V  [jvm.dll+0x366f61]
V  [jvm.dll+0x78b609]
V  [jvm.dll+0x3ec22f]
V  [jvm.dll+0x3ede61]
C  [jli.dll+0x5297]
C  [ucrtbase.dll+0x21bb2]
C  [KERNEL32.DLL+0x17374]
C  [ntdll.dll+0x4cc91]


---------------  P R O C E S S  ---------------

Threads class SMR info:
_java_thread_list=0x00007ffa1caa7a18, length=0, elements={
}

Java Threads: ( => current thread )

Other Threads:
  0x000001a6c16c6f60 GCTaskThread "GC Thread#0" [stack: 0x000000149c400000,0x000000149c500000] [id=8640]
  0x000001a6c16c86b0 ConcurrentGCThread "G1 Main Marker" [stack: 0x000000149c500000,0x000000149c600000] [id=15320]
  0x000001a6c16c90c0 ConcurrentGCThread "G1 Conc#0" [stack: 0x000000149c600000,0x000000149c700000] [id=10800]

[error occurred during error reporting (printing all threads), id 0xc0000005, EXCEPTION_ACCESS_VIOLATION (0xc0000005) at pc=0x00007ffa1c2d9497]

VM state: not at safepoint (not fully initialized)

VM Mutex/Monitor currently owned by a thread:  ([mutex/lock_event])
[0x000001a6c16a8ab0] Heap_lock - owner thread: 0x000001a6c16aa3d0

Heap address: 0x00000000fc000000, size: 64 MB, Compressed Oops mode: 32-bit

CDS archive(s) mapped at: [0x0000000000000000-0x0000000000000000-0x0000000000000000), size 0, SharedBaseAddress: 0x0000000800000000, ArchiveRelocationMode: 1.
Narrow klass base: 0x0000000000000000, Narrow klass shift: 0, Narrow klass range: 0x0

GC Precious Log:
<Empty>

Heap:
 garbage-first heap   total 0K, used 0K [0x00000000fc000000, 0x0000000100000000)
  region size 1024K, 0 young (0K), 0 survivors (0K)

[error occurred during error reporting (printing heap information), id 0xc0000005, EXCEPTION_ACCESS_VIOLATION (0xc0000005) at pc=0x00007ffa1c6c3559]

GC Heap History (0 events):
No events

Deoptimization events (0 events):
No events

Classes unloaded (0 events):
No events

Classes redefined (0 events):
No events

Internal exceptions (0 events):
No events

VM Operations (0 events):
No events

Events (1 events):
Event: 0.772 Loaded shared library C:\Program Files\Java\jdk-17\bin\java.dll


Dynamic libraries:
0x00007ff6d59b0000 - 0x00007ff6d59c0000 	C:\Program Files\Java\jdk-17\bin\java.exe
0x00007ffa80ab0000 - 0x00007ffa80ca8000 	C:\WINDOWS\SYSTEM32\ntdll.dll
0x00007ffa80680000 - 0x00007ffa80741000 	C:\WINDOWS\System32\KERNEL32.DLL
0x00007ffa7e5d0000 - 0x00007ffa7e8cd000 	C:\WINDOWS\System32\KERNELBASE.dll
0x00007ffa7e1d0000 - 0x00007ffa7e2d0000 	C:\WINDOWS\System32\ucrtbase.dll
0x00007ffa758c0000 - 0x00007ffa758d9000 	C:\Program Files\Java\jdk-17\bin\jli.dll
0x00007ffa805c0000 - 0x00007ffa80670000 	C:\WINDOWS\System32\ADVAPI32.dll
0x00007ffa7f700000 - 0x00007ffa7f79e000 	C:\WINDOWS\System32\msvcrt.dll
0x00007ffa7f2e0000 - 0x00007ffa7f380000 	C:\WINDOWS\System32\sechost.dll
0x00007ffa7f4e0000 - 0x00007ffa7f603000 	C:\WINDOWS\System32\RPCRT4.dll
0x00007ffa7e440000 - 0x00007ffa7e467000 	C:\WINDOWS\System32\bcrypt.dll
0x00007ffa80750000 - 0x00007ffa808ed000 	C:\WINDOWS\System32\USER32.dll
0x00007ffa7e410000 - 0x00007ffa7e432000 	C:\WINDOWS\System32\win32u.dll
0x00007ffa7ebf0000 - 0x00007ffa7ec1b000 	C:\WINDOWS\System32\GDI32.dll
0x00007ffa7e9c0000 - 0x00007ffa7ead7000 	C:\WINDOWS\System32\gdi32full.dll
0x00007ffa7e920000 - 0x00007ffa7e9bd000 	C:\WINDOWS\System32\msvcp_win.dll
0x00007ffa70e70000 - 0x00007ffa70e8b000 	C:\Program Files\Java\jdk-17\bin\VCRUNTIME140.dll
0x00007ffa67f70000 - 0x00007ffa6820a000 	C:\WINDOWS\WinSxS\amd64_microsoft.windows.common-controls_6595b64144ccf1df_6.0.19041.4355_none_60b8b9eb71f62e16\COMCTL32.dll
0x00007ffa73180000 - 0x00007ffa7318a000 	C:\WINDOWS\SYSTEM32\VERSION.dll
0x00007ffa804c0000 - 0x00007ffa804ef000 	C:\WINDOWS\System32\IMM32.DLL
0x00007ffa74f90000 - 0x00007ffa74f9c000 	C:\Program Files\Java\jdk-17\bin\vcruntime140_1.dll
0x00007ffa63f90000 - 0x00007ffa6401e000 	C:\Program Files\Java\jdk-17\bin\msvcp140.dll
0x00007ffa1bff0000 - 0x00007ffa1cbd0000 	C:\Program Files\Java\jdk-17\bin\server\jvm.dll
0x00007ffa80670000 - 0x00007ffa80678000 	C:\WINDOWS\System32\PSAPI.DLL
0x00007ffa710d0000 - 0x00007ffa710d9000 	C:\WINDOWS\SYSTEM32\WSOCK32.dll
0x00007ffa7f7a0000 - 0x00007ffa7f80b000 	C:\WINDOWS\System32\WS2_32.dll
0x00007ffa56fb0000 - 0x00007ffa56fd7000 	C:\WINDOWS\SYSTEM32\WINMM.dll
0x00007ffa7c9a0000 - 0x00007ffa7c9b2000 	C:\WINDOWS\SYSTEM32\kernel.appcore.dll
0x00007ffa74800000 - 0x00007ffa7480a000 	C:\Program Files\Java\jdk-17\bin\jimage.dll
0x00007ffa78e90000 - 0x00007ffa79074000 	C:\WINDOWS\SYSTEM32\DBGHELP.DLL
0x00007ffa61fa0000 - 0x00007ffa61fd4000 	C:\WINDOWS\SYSTEM32\dbgcore.DLL
0x00007ffa7e380000 - 0x00007ffa7e402000 	C:\WINDOWS\System32\bcryptPrimitives.dll
0x00007ffa67230000 - 0x00007ffa67255000 	C:\Program Files\Java\jdk-17\bin\java.dll

dbghelp: loaded successfully - version: 4.0.5 - missing functions: none
symbol engine: initialized successfully - sym options: 0x614 - pdb path: .;C:\Program Files\Java\jdk-17\bin;C:\WINDOWS\SYSTEM32;C:\WINDOWS\WinSxS\amd64_microsoft.windows.common-controls_6595b64144ccf1df_6.0.19041.4355_none_60b8b9eb71f62e16;C:\Program Files\Java\jdk-17\bin\server

VM Arguments:
jvm_args: -Xmx64m -Xms64m -Dorg.gradle.appname=gradlew 
java_command: org.gradle.wrapper.GradleWrapperMain app:installDebug -PreactNativeDevServerPort=8081
java_class_path (initial): G:\NativeProject\android\\gradle\wrapper\gradle-wrapper.jar
Launcher Type: SUN_STANDARD

[Global flags]
     intx CICompilerCount                          = 3                                         {product} {ergonomic}
     uint ConcGCThreads                            = 1                                         {product} {ergonomic}
     uint G1ConcRefinementThreads                  = 4                                         {product} {ergonomic}
   size_t G1HeapRegionSize                         = 1048576                                   {product} {ergonomic}
    uintx GCDrainStackTargetSize                   = 64                                        {product} {ergonomic}
   size_t InitialHeapSize                          = 67108864                                  {product} {command line}
   size_t MarkStackSize                            = 4194304                                   {product} {ergonomic}
   size_t MaxHeapSize                              = 67108864                                  {product} {command line}
   size_t MinHeapDeltaBytes                        = 1048576                                   {product} {ergonomic}
   size_t MinHeapSize                              = 67108864                                  {product} {command line}
    uintx NonNMethodCodeHeapSize                   = 5832780                                {pd product} {ergonomic}
    uintx NonProfiledCodeHeapSize                  = 122912730                              {pd product} {ergonomic}
    uintx ProfiledCodeHeapSize                     = 122912730                              {pd product} {ergonomic}
    uintx ReservedCodeCacheSize                    = 251658240                              {pd product} {ergonomic}
     bool SegmentedCodeCache                       = true                                      {product} {ergonomic}
   size_t SoftMaxHeapSize                          = 67108864                               {manageable} {ergonomic}
     bool UseCompressedClassPointers               = true                           {product lp64_product} {ergonomic}
     bool UseCompressedOops                        = true                           {product lp64_product} {ergonomic}
     bool UseG1GC                                  = true                                      {product} {ergonomic}
     bool UseLargePagesIndividualAllocation        = false                                  {pd product} {ergonomic}

Logging:
Log output configuration:
 #0: stdout all=warning uptime,level,tags
 #1: stderr all=off uptime,level,tags

Environment Variables:
JAVA_HOME=C:\Program Files\Java\jdk-17
CLASSPATH=G:\NativeProject\android\\gradle\wrapper\gradle-wrapper.jar
PATH=G:\NativeProject\node_modules\.bin;G:\NativeProject\node_modules\.bin;G:\node_modules\.bin;C:\Program Files\nodejs\node_modules\npm\node_modules\@npmcli\run-script\lib\node-gyp-bin;C:\Program Files\Common Files\Oracle\Java\javapath;C:\WINDOWS\system32;C:\WINDOWS;C:\WINDOWS\System32\Wbem;C:\WINDOWS\System32\WindowsPowerShell\v1.0\;C:\WINDOWS\System32\OpenSSH\;C:\Program Files\nodejs\;C:\Program Files\Git\cmd;C:\ProgramData\chocolatey\bin;C:\Program Files\MySQL\MySQL Shell 8.0\bin\;C:\Users\Ghousia computer\AppData\Local\Microsoft\WindowsApps;C:\Users\Ghousia computer\AppData\Local\Programs\Microsoft VS Code\bin;C:\Users\Ghousia computer\AppData\Roaming\npm;C:\Program Files\Java\jdk-17\bin;C:\Program Files\Android\Android Studio\bin;
USERNAME=Ghousia computer
LANG=en_US.UTF-8
OS=Windows_NT
PROCESSOR_IDENTIFIER=Intel64 Family 6 Model 142 Stepping 10, GenuineIntel



---------------  S Y S T E M  ---------------

OS:
 Windows 10 , 64 bit Build 19041 (10.0.19041.4717)
OS uptime: 1 days 5:19 hours

CPU: total 4 (initial active 4) (2 cores per cpu, 2 threads per core) family 6 model 142 stepping 10 microcode 0xf4, cx8, cmov, fxsr, ht, mmx, 3dnowpref, sse, sse2, sse3, ssse3, sse4.1, sse4.2, popcnt, lzcnt, tsc, tscinvbit, avx, avx2, aes, erms, clmul, bmi1, bmi2, adx, fma, vzeroupper, clflush, clflushopt

Memory: 4k page, system-wide physical 3939M (176M free)
TotalPageFile size 12780M (AvailPageFile size 17M)
current process WorkingSet (physical memory assigned to process): 9M, peak: 9M
current process commit charge ("private bytes"): 51M, peak: 115M

vm_info: Java HotSpot(TM) 64-Bit Server VM (17.0.11+7-LTS-207) for windows-amd64 JRE (17.0.11+7-LTS-207), built on Mar 11 2024 19:01:50 by "mach5one" with MS VC++ 17.6 (VS2022)

END.
