#
# There is insufficient memory for the Java Runtime Environment to continue.
# Native memory allocation (malloc) failed to allocate 1422800 bytes for Chunk::new
# Possible reasons:
#   The system is out of physical RAM or swap space
#   The process is running with CompressedOops enabled, and the Java Heap may be blocking the growth of the native heap
# Possible solutions:
#   Reduce memory load on the system
#   Increase physical memory or swap space
#   Check if swap backing store is full
#   Decrease Java heap size (-Xmx/-Xms)
#   Decrease number of Java threads
#   Decrease Java thread stack sizes (-Xss)
#   Set larger code cache with -XX:ReservedCodeCacheSize=
#   JVM is running with Unscaled Compressed Oops mode in which the Java heap is
#     placed in the first 4GB address space. The Java Heap base address is the
#     maximum limit for the native heap growth. Please use -XX:HeapBaseMinAddress
#     to set the Java Heap base and to place the Java Heap above 4GB virtual address.
# This output file may be truncated or incomplete.
#
#  Out of Memory Error (arena.cpp:189), pid=8056, tid=10288
#
# JRE version: Java(TM) SE Runtime Environment (17.0.11+7) (build 17.0.11+7-LTS-207)
# Java VM: Java HotSpot(TM) 64-Bit Server VM (17.0.11+7-LTS-207, mixed mode, sharing, tiered, compressed oops, compressed class ptrs, g1 gc, windows-amd64)
# No core dump will be written. Minidumps are not enabled by default on client versions of Windows
#

---------------  S U M M A R Y ------------

Command Line: -XX:MaxMetaspaceSize=512m --add-opens=java.base/java.util=ALL-UNNAMED --add-opens=java.base/java.lang=ALL-UNNAMED --add-opens=java.base/java.lang.invoke=ALL-UNNAMED --add-opens=java.prefs/java.util.prefs=ALL-UNNAMED --add-opens=java.base/java.nio.charset=ALL-UNNAMED --add-opens=java.base/java.net=ALL-UNNAMED --add-opens=java.base/java.util.concurrent.atomic=ALL-UNNAMED -Xmx2048m -Dfile.encoding=windows-1252 -Duser.country=US -Duser.language=en -Duser.variant -javaagent:C:\Users\CITY C\.gradle\wrapper\dists\gradle-8.6-all\3mbtmo166bl6vumsh5k2lkq5h\gradle-8.6\lib\agents\gradle-instrumentation-agent-8.6.jar org.gradle.launcher.daemon.bootstrap.GradleDaemon 8.6

Host: Intel(R) Core(TM) i3-5010U CPU @ 2.10GHz, 4 cores, 3G,  Windows 10 , 64 bit Build 19041 (10.0.19041.3636)
Time: Mon Jul  8 04:48:28 2024 Pacific Daylight Time elapsed time: 46.537531 seconds (0d 0h 0m 46s)

---------------  T H R E A D  ---------------

Current thread (0x000001d5ec82bf00):  JavaThread "C2 CompilerThread0" daemon [_thread_in_native, id=10288, stack(0x0000009aaab00000,0x0000009aaac00000)]


Current CompileTask:
C2:  46538 2137       4       jdk.internal.org.objectweb.asm.Frame::execute (2305 bytes)

Stack: [0x0000009aaab00000,0x0000009aaac00000]
Native frames: (J=compiled Java code, j=interpreted, Vv=VM code, C=native code)
V  [jvm.dll+0x679cca]
V  [jvm.dll+0x7da13d]
V  [jvm.dll+0x7dba83]
V  [jvm.dll+0x7dc0f3]
V  [jvm.dll+0x2449af]
V  [jvm.dll+0xab83b]
V  [jvm.dll+0xabe1c]
V  [jvm.dll+0x3615ae]
V  [jvm.dll+0x1b9fca]
V  [jvm.dll+0x216337]
V  [jvm.dll+0x21560f]
V  [jvm.dll+0x1a2040]
V  [jvm.dll+0x225a2b]
V  [jvm.dll+0x223bcb]
V  [jvm.dll+0x7903ec]
V  [jvm.dll+0x78a85a]
V  [jvm.dll+0x678bb5]
C  [ucrtbase.dll+0x21bb2]
C  [KERNEL32.DLL+0x17344]
C  [ntdll.dll+0x4cc91]


---------------  P R O C E S S  ---------------

Threads class SMR info:
_java_thread_list=0x000001d5f1f6ca00, length=22, elements={
0x000001d5ceeec540, 0x000001d5ec80fe50, 0x000001d5ec810be0, 0x000001d5ec8254b0,
0x000001d5ec826f90, 0x000001d5ec829970, 0x000001d5ec82b250, 0x000001d5ec82bf00,
0x000001d5ec82c8c0, 0x000001d5ec89f4c0, 0x000001d5ec7fd3c0, 0x000001d5ecb1aab0,
0x000001d5f1ef36c0, 0x000001d5f204f000, 0x000001d5f1a715a0, 0x000001d5f1efc750,
0x000001d5f19b2aa0, 0x000001d5f140b5e0, 0x000001d5f140ca20, 0x000001d5f140c510,
0x000001d5f140abc0, 0x000001d5f140a6b0
}

Java Threads: ( => current thread )
  0x000001d5ceeec540 JavaThread "main" [_thread_blocked, id=13264, stack(0x0000009aa9e00000,0x0000009aa9f00000)]
  0x000001d5ec80fe50 JavaThread "Reference Handler" daemon [_thread_blocked, id=13480, stack(0x0000009aaa500000,0x0000009aaa600000)]
  0x000001d5ec810be0 JavaThread "Finalizer" daemon [_thread_blocked, id=1224, stack(0x0000009aaa600000,0x0000009aaa700000)]
  0x000001d5ec8254b0 JavaThread "Signal Dispatcher" daemon [_thread_blocked, id=6944, stack(0x0000009aaa700000,0x0000009aaa800000)]
  0x000001d5ec826f90 JavaThread "Attach Listener" daemon [_thread_blocked, id=12112, stack(0x0000009aaa800000,0x0000009aaa900000)]
  0x000001d5ec829970 JavaThread "Service Thread" daemon [_thread_blocked, id=14948, stack(0x0000009aaa900000,0x0000009aaaa00000)]
  0x000001d5ec82b250 JavaThread "Monitor Deflation Thread" daemon [_thread_blocked, id=4960, stack(0x0000009aaaa00000,0x0000009aaab00000)]
=>0x000001d5ec82bf00 JavaThread "C2 CompilerThread0" daemon [_thread_in_native, id=10288, stack(0x0000009aaab00000,0x0000009aaac00000)]
  0x000001d5ec82c8c0 JavaThread "C1 CompilerThread0" daemon [_thread_blocked, id=9344, stack(0x0000009aaac00000,0x0000009aaad00000)]
  0x000001d5ec89f4c0 JavaThread "Sweeper thread" daemon [_thread_blocked, id=14276, stack(0x0000009aaad00000,0x0000009aaae00000)]
  0x000001d5ec7fd3c0 JavaThread "Common-Cleaner" daemon [_thread_blocked, id=14620, stack(0x0000009aaae00000,0x0000009aaaf00000)]
  0x000001d5ecb1aab0 JavaThread "Notification Thread" daemon [_thread_blocked, id=13976, stack(0x0000009aaaf00000,0x0000009aab000000)]
  0x000001d5f1ef36c0 JavaThread "Daemon health stats" [_thread_blocked, id=8012, stack(0x0000009aab400000,0x0000009aab500000)]
  0x000001d5f204f000 JavaThread "Incoming local TCP Connector on port 52522" [_thread_in_native, id=14772, stack(0x0000009aab500000,0x0000009aab600000)]
  0x000001d5f1a715a0 JavaThread "Daemon periodic checks" [_thread_blocked, id=10328, stack(0x0000009aab600000,0x0000009aab700000)]
  0x000001d5f1efc750 JavaThread "Daemon" [_thread_blocked, id=5760, stack(0x0000009aab700000,0x0000009aab800000)]
  0x000001d5f19b2aa0 JavaThread "Handler for socket connection from /127.0.0.1:52522 to /127.0.0.1:52523" [_thread_in_native, id=13336, stack(0x0000009aab800000,0x0000009aab900000)]
  0x000001d5f140b5e0 JavaThread "Cancel handler" [_thread_blocked, id=15100, stack(0x0000009aab900000,0x0000009aaba00000)]
  0x000001d5f140ca20 JavaThread "Daemon worker" [_thread_blocked, id=7344, stack(0x0000009aaba00000,0x0000009aabb00000)]
  0x000001d5f140c510 JavaThread "Asynchronous log dispatcher for DefaultDaemonConnection: socket connection from /127.0.0.1:52522 to /127.0.0.1:52523" [_thread_blocked, id=8084, stack(0x0000009aabb00000,0x0000009aabc00000)]
  0x000001d5f140abc0 JavaThread "Stdin handler" [_thread_blocked, id=7476, stack(0x0000009aabc00000,0x0000009aabd00000)]
  0x000001d5f140a6b0 JavaThread "Daemon client event forwarder" [_thread_blocked, id=9680, stack(0x0000009aabd00000,0x0000009aabe00000)]

Other Threads:
  0x000001d5ec8082c0 VMThread "VM Thread" [stack: 0x0000009aaa400000,0x0000009aaa500000] [id=2372] _threads_hazard_ptr=0x000001d5f1f6ca00
  0x000001d5ceeed410 WatcherThread [stack: 0x0000009aab000000,0x0000009aab100000] [id=6272]
  0x000001d5cef46020 GCTaskThread "GC Thread#0" [stack: 0x0000009aa9f00000,0x0000009aaa000000] [id=14220]
  0x000001d5ecadff90 GCTaskThread "GC Thread#1" [stack: 0x0000009aab100000,0x0000009aab200000] [id=6744]
  0x000001d5ecbfc800 GCTaskThread "GC Thread#2" [stack: 0x0000009aab200000,0x0000009aab300000] [id=6772]
  0x000001d5f1b22c20 GCTaskThread "GC Thread#3" [stack: 0x0000009aab300000,0x0000009aab400000] [id=10996]
  0x000001d5cef56e80 ConcurrentGCThread "G1 Main Marker" [stack: 0x0000009aaa000000,0x0000009aaa100000] [id=1936]
  0x000001d5cef577a0 ConcurrentGCThread "G1 Conc#0" [stack: 0x0000009aaa100000,0x0000009aaa200000] [id=9912]
  0x000001d5cefa3ef0 ConcurrentGCThread "G1 Refine#0" [stack: 0x0000009aaa200000,0x0000009aaa300000] [id=8508]
  0x000001d5cefa4830 ConcurrentGCThread "G1 Service" [stack: 0x0000009aaa300000,0x0000009aaa400000] [id=7536]

Threads with active compile tasks:
C2 CompilerThread0    46713 2137       4       jdk.internal.org.objectweb.asm.Frame::execute (2305 bytes)

VM state: not at safepoint (normal execution)

VM Mutex/Monitor currently owned by a thread: None

Heap address: 0x0000000080000000, size: 2048 MB, Compressed Oops mode: 32-bit

CDS archive(s) mapped at: [0x000001d580000000-0x000001d580bd0000-0x000001d580bd0000), size 12386304, SharedBaseAddress: 0x000001d580000000, ArchiveRelocationMode: 1.
Compressed class space mapped at: 0x000001d581000000-0x000001d59b000000, reserved size: 436207616
Narrow klass base: 0x000001d580000000, Narrow klass shift: 0, Narrow klass range: 0x100000000

GC Precious Log:
 CPUs: 4 total, 4 available
 Memory: 3984M
 Large Page Support: Disabled
 NUMA Support: Disabled
 Compressed Oops: Enabled (32-bit)
 Heap Region Size: 1M
 Heap Min Capacity: 8M
 Heap Initial Capacity: 64M
 Heap Max Capacity: 2G
 Pre-touch: Disabled
 Parallel Workers: 4
 Concurrent Workers: 1
 Concurrent Refinement Workers: 4
 Periodic GC: Disabled

Heap:
 garbage-first heap   total 65536K, used 22143K [0x0000000080000000, 0x0000000100000000)
  region size 1024K, 6 young (6144K), 2 survivors (2048K)
 Metaspace       used 12830K, committed 13056K, reserved 491520K
  class space    used 1801K, committed 1920K, reserved 425984K

Heap Regions: E=young(eden), S=young(survivor), O=old, HS=humongous(starts), HC=humongous(continues), CS=collection set, F=free, OA=open archive, CA=closed archive, TAMS=top-at-mark-start (previous, next)
|   0|0x0000000080000000, 0x0000000080100000, 0x0000000080100000|100%| O|  |TAMS 0x0000000080000000, 0x0000000080000000| Untracked 
|   1|0x0000000080100000, 0x0000000080200000, 0x0000000080200000|100%|HS|  |TAMS 0x0000000080100000, 0x0000000080100000| Complete 
|   2|0x0000000080200000, 0x0000000080300000, 0x0000000080300000|100%|HC|  |TAMS 0x0000000080200000, 0x0000000080200000| Complete 
|   3|0x0000000080300000, 0x0000000080400000, 0x0000000080400000|100%|HC|  |TAMS 0x0000000080300000, 0x0000000080300000| Complete 
|   4|0x0000000080400000, 0x0000000080500000, 0x0000000080500000|100%|HC|  |TAMS 0x0000000080400000, 0x0000000080400000| Complete 
|   5|0x0000000080500000, 0x0000000080600000, 0x0000000080600000|100%| O|  |TAMS 0x0000000080500000, 0x0000000080500000| Untracked 
|   6|0x0000000080600000, 0x0000000080700000, 0x0000000080700000|100%| O|  |TAMS 0x0000000080600000, 0x0000000080600000| Untracked 
|   7|0x0000000080700000, 0x0000000080800000, 0x0000000080800000|100%| O|  |TAMS 0x0000000080700000, 0x0000000080700000| Untracked 
|   8|0x0000000080800000, 0x0000000080900000, 0x0000000080900000|100%| O|  |TAMS 0x0000000080800000, 0x0000000080800000| Untracked 
|   9|0x0000000080900000, 0x0000000080a00000, 0x0000000080a00000|100%| O|  |TAMS 0x0000000080900000, 0x0000000080900000| Untracked 
|  10|0x0000000080a00000, 0x0000000080b00000, 0x0000000080b00000|100%| O|  |TAMS 0x0000000080a00000, 0x0000000080a00000| Untracked 
|  11|0x0000000080b00000, 0x0000000080c00000, 0x0000000080c00000|100%| O|  |TAMS 0x0000000080b00000, 0x0000000080b00000| Untracked 
|  12|0x0000000080c00000, 0x0000000080d00000, 0x0000000080d00000|100%| O|  |TAMS 0x0000000080c00000, 0x0000000080c00000| Untracked 
|  13|0x0000000080d00000, 0x0000000080e00000, 0x0000000080e00000|100%| O|  |TAMS 0x0000000080d00000, 0x0000000080d00000| Untracked 
|  14|0x0000000080e00000, 0x0000000080f00000, 0x0000000080f00000|100%| O|  |TAMS 0x0000000080e00000, 0x0000000080e00000| Untracked 
|  15|0x0000000080f00000, 0x0000000081000000, 0x0000000081000000|100%| O|  |TAMS 0x0000000080f00000, 0x0000000080f00000| Untracked 
|  16|0x0000000081000000, 0x00000000810c4200, 0x0000000081100000| 76%| O|  |TAMS 0x0000000081000000, 0x0000000081000000| Untracked 
|  17|0x0000000081100000, 0x0000000081100000, 0x0000000081200000|  0%| F|  |TAMS 0x0000000081100000, 0x0000000081100000| Untracked 
|  18|0x0000000081200000, 0x0000000081200000, 0x0000000081300000|  0%| F|  |TAMS 0x0000000081200000, 0x0000000081200000| Untracked 
|  19|0x0000000081300000, 0x0000000081300000, 0x0000000081400000|  0%| F|  |TAMS 0x0000000081300000, 0x0000000081300000| Untracked 
|  20|0x0000000081400000, 0x0000000081400000, 0x0000000081500000|  0%| F|  |TAMS 0x0000000081400000, 0x0000000081400000| Untracked 
|  21|0x0000000081500000, 0x0000000081500000, 0x0000000081600000|  0%| F|  |TAMS 0x0000000081500000, 0x0000000081500000| Untracked 
|  22|0x0000000081600000, 0x0000000081600000, 0x0000000081700000|  0%| F|  |TAMS 0x0000000081600000, 0x0000000081600000| Untracked 
|  23|0x0000000081700000, 0x0000000081700000, 0x0000000081800000|  0%| F|  |TAMS 0x0000000081700000, 0x0000000081700000| Untracked 
|  24|0x0000000081800000, 0x0000000081800000, 0x0000000081900000|  0%| F|  |TAMS 0x0000000081800000, 0x0000000081800000| Untracked 
|  25|0x0000000081900000, 0x0000000081900000, 0x0000000081a00000|  0%| F|  |TAMS 0x0000000081900000, 0x0000000081900000| Untracked 
|  26|0x0000000081a00000, 0x0000000081a00000, 0x0000000081b00000|  0%| F|  |TAMS 0x0000000081a00000, 0x0000000081a00000| Untracked 
|  27|0x0000000081b00000, 0x0000000081b00000, 0x0000000081c00000|  0%| F|  |TAMS 0x0000000081b00000, 0x0000000081b00000| Untracked 
|  28|0x0000000081c00000, 0x0000000081c00000, 0x0000000081d00000|  0%| F|  |TAMS 0x0000000081c00000, 0x0000000081c00000| Untracked 
|  29|0x0000000081d00000, 0x0000000081d00000, 0x0000000081e00000|  0%| F|  |TAMS 0x0000000081d00000, 0x0000000081d00000| Untracked 
|  30|0x0000000081e00000, 0x0000000081e00000, 0x0000000081f00000|  0%| F|  |TAMS 0x0000000081e00000, 0x0000000081e00000| Untracked 
|  31|0x0000000081f00000, 0x0000000081f00000, 0x0000000082000000|  0%| F|  |TAMS 0x0000000081f00000, 0x0000000081f00000| Untracked 
|  32|0x0000000082000000, 0x0000000082000000, 0x0000000082100000|  0%| F|  |TAMS 0x0000000082000000, 0x0000000082000000| Untracked 
|  33|0x0000000082100000, 0x0000000082100000, 0x0000000082200000|  0%| F|  |TAMS 0x0000000082100000, 0x0000000082100000| Untracked 
|  34|0x0000000082200000, 0x0000000082200000, 0x0000000082300000|  0%| F|  |TAMS 0x0000000082200000, 0x0000000082200000| Untracked 
|  35|0x0000000082300000, 0x0000000082300000, 0x0000000082400000|  0%| F|  |TAMS 0x0000000082300000, 0x0000000082300000| Untracked 
|  36|0x0000000082400000, 0x0000000082400000, 0x0000000082500000|  0%| F|  |TAMS 0x0000000082400000, 0x0000000082400000| Untracked 
|  37|0x0000000082500000, 0x0000000082500000, 0x0000000082600000|  0%| F|  |TAMS 0x0000000082500000, 0x0000000082500000| Untracked 
|  38|0x0000000082600000, 0x0000000082600000, 0x0000000082700000|  0%| F|  |TAMS 0x0000000082600000, 0x0000000082600000| Untracked 
|  39|0x0000000082700000, 0x00000000827dba80, 0x0000000082800000| 85%| S|CS|TAMS 0x0000000082700000, 0x0000000082700000| Complete 
|  40|0x0000000082800000, 0x0000000082900000, 0x0000000082900000|100%| S|CS|TAMS 0x0000000082800000, 0x0000000082800000| Complete 
|  41|0x0000000082900000, 0x0000000082900000, 0x0000000082a00000|  0%| F|  |TAMS 0x0000000082900000, 0x0000000082900000| Untracked 
|  42|0x0000000082a00000, 0x0000000082a00000, 0x0000000082b00000|  0%| F|  |TAMS 0x0000000082a00000, 0x0000000082a00000| Untracked 
|  43|0x0000000082b00000, 0x0000000082b00000, 0x0000000082c00000|  0%| F|  |TAMS 0x0000000082b00000, 0x0000000082b00000| Untracked 
|  44|0x0000000082c00000, 0x0000000082c00000, 0x0000000082d00000|  0%| F|  |TAMS 0x0000000082c00000, 0x0000000082c00000| Untracked 
|  45|0x0000000082d00000, 0x0000000082d00000, 0x0000000082e00000|  0%| F|  |TAMS 0x0000000082d00000, 0x0000000082d00000| Untracked 
|  46|0x0000000082e00000, 0x0000000082e00000, 0x0000000082f00000|  0%| F|  |TAMS 0x0000000082e00000, 0x0000000082e00000| Untracked 
|  47|0x0000000082f00000, 0x0000000082f00000, 0x0000000083000000|  0%| F|  |TAMS 0x0000000082f00000, 0x0000000082f00000| Untracked 
|  48|0x0000000083000000, 0x0000000083000000, 0x0000000083100000|  0%| F|  |TAMS 0x0000000083000000, 0x0000000083000000| Untracked 
|  49|0x0000000083100000, 0x0000000083100000, 0x0000000083200000|  0%| F|  |TAMS 0x0000000083100000, 0x0000000083100000| Untracked 
|  50|0x0000000083200000, 0x0000000083200000, 0x0000000083300000|  0%| F|  |TAMS 0x0000000083200000, 0x0000000083200000| Untracked 
|  51|0x0000000083300000, 0x0000000083300000, 0x0000000083400000|  0%| F|  |TAMS 0x0000000083300000, 0x0000000083300000| Untracked 
|  52|0x0000000083400000, 0x0000000083400000, 0x0000000083500000|  0%| F|  |TAMS 0x0000000083400000, 0x0000000083400000| Untracked 
|  53|0x0000000083500000, 0x0000000083500000, 0x0000000083600000|  0%| F|  |TAMS 0x0000000083500000, 0x0000000083500000| Untracked 
|  54|0x0000000083600000, 0x0000000083600000, 0x0000000083700000|  0%| F|  |TAMS 0x0000000083600000, 0x0000000083600000| Untracked 
|  55|0x0000000083700000, 0x0000000083700000, 0x0000000083800000|  0%| F|  |TAMS 0x0000000083700000, 0x0000000083700000| Untracked 
|  56|0x0000000083800000, 0x0000000083800000, 0x0000000083900000|  0%| F|  |TAMS 0x0000000083800000, 0x0000000083800000| Untracked 
|  57|0x0000000083900000, 0x0000000083900000, 0x0000000083a00000|  0%| F|  |TAMS 0x0000000083900000, 0x0000000083900000| Untracked 
|  58|0x0000000083a00000, 0x0000000083a00000, 0x0000000083b00000|  0%| F|  |TAMS 0x0000000083a00000, 0x0000000083a00000| Untracked 
|  59|0x0000000083b00000, 0x0000000083b00000, 0x0000000083c00000|  0%| F|  |TAMS 0x0000000083b00000, 0x0000000083b00000| Untracked 
|  60|0x0000000083c00000, 0x0000000083cc9808, 0x0000000083d00000| 78%| E|  |TAMS 0x0000000083c00000, 0x0000000083c00000| Complete 
|  61|0x0000000083d00000, 0x0000000083e00000, 0x0000000083e00000|100%| E|CS|TAMS 0x0000000083d00000, 0x0000000083d00000| Complete 
|  62|0x0000000083e00000, 0x0000000083f00000, 0x0000000083f00000|100%| E|CS|TAMS 0x0000000083e00000, 0x0000000083e00000| Complete 
|  63|0x0000000083f00000, 0x0000000084000000, 0x0000000084000000|100%| E|CS|TAMS 0x0000000083f00000, 0x0000000083f00000| Complete 

Card table byte_map: [0x000001d5e5bb0000,0x000001d5e5fb0000] _byte_map_base: 0x000001d5e57b0000

Marking Bits (Prev, Next): (CMBitMap*) 0x000001d5cef46550, (CMBitMap*) 0x000001d5cef46590
 Prev Bits: [0x000001d5e63b0000, 0x000001d5e83b0000)
 Next Bits: [0x000001d5e83b0000, 0x000001d5ea3b0000)

Polling page: 0x000001d5ccd00000

Metaspace:

Usage:
  Non-class:     10.78 MB used.
      Class:      1.76 MB used.
       Both:     12.55 MB used.

Virtual space:
  Non-class space:       64.00 MB reserved,      10.88 MB ( 17%) committed,  1 nodes.
      Class space:      416.00 MB reserved,       1.88 MB ( <1%) committed,  1 nodes.
             Both:      480.00 MB reserved,      12.75 MB (  3%) committed. 

Chunk freelists:
   Non-Class:  5.12 MB
       Class:  14.08 MB
        Both:  19.20 MB

MaxMetaspaceSize: 512.00 MB
CompressedClassSpaceSize: 416.00 MB
Initial GC threshold: 21.00 MB
Current GC threshold: 21.00 MB
CDS: on
MetaspaceReclaimPolicy: balanced
 - commit_granule_bytes: 65536.
 - commit_granule_words: 8192.
 - virtual_space_node_default_size: 8388608.
 - enlarge_chunks_in_place: 1.
 - new_chunks_are_fully_committed: 0.
 - uncommit_free_chunks: 1.
 - use_allocation_guard: 0.
 - handle_deallocations: 1.


Internal statistics:

num_allocs_failed_limit: 0.
num_arena_births: 184.
num_arena_deaths: 0.
num_vsnodes_births: 2.
num_vsnodes_deaths: 0.
num_space_committed: 204.
num_space_uncommitted: 0.
num_chunks_returned_to_freelist: 0.
num_chunks_taken_from_freelist: 570.
num_chunk_merges: 0.
num_chunk_splits: 383.
num_chunks_enlarged: 291.
num_inconsistent_stats: 0.

CodeHeap 'non-profiled nmethods': size=120000Kb used=1055Kb max_used=1055Kb free=118944Kb
 bounds [0x000001d5de280000, 0x000001d5de4f0000, 0x000001d5e57b0000]
CodeHeap 'profiled nmethods': size=120000Kb used=4475Kb max_used=4475Kb free=115525Kb
 bounds [0x000001d5d67b0000, 0x000001d5d6c10000, 0x000001d5ddce0000]
CodeHeap 'non-nmethods': size=5760Kb used=1211Kb max_used=1224Kb free=4548Kb
 bounds [0x000001d5ddce0000, 0x000001d5ddf50000, 0x000001d5de280000]
 total_blobs=2719 nmethods=2206 adapters=425
 compilation: enabled
              stopped_count=0, restarted_count=0
 full_count=0

Compilation events (20 events):
Event: 46.431 Thread 0x000001d5ec82c8c0 2198       3       sun.reflect.generics.tree.ClassTypeSignature::<init> (10 bytes)
Event: 46.432 Thread 0x000001d5ec82c8c0 nmethod 2198 0x000001d5d6c01590 code [0x000001d5d6c01720, 0x000001d5d6c018d8]
Event: 46.432 Thread 0x000001d5ec82c8c0 2199       3       jdk.internal.reflect.ClassFileAssembler::emitConstantPoolUTF8 (50 bytes)
Event: 46.434 Thread 0x000001d5ec82c8c0 nmethod 2199 0x000001d5d6c01990 code [0x000001d5d6c01bc0, 0x000001d5d6c02228]
Event: 46.434 Thread 0x000001d5ec82c8c0 2200   !   3       jdk.internal.reflect.UTF8::encode (191 bytes)
Event: 46.439 Thread 0x000001d5ec82c8c0 nmethod 2200 0x000001d5d6c02610 code [0x000001d5d6c02880, 0x000001d5d6c03478]
Event: 46.439 Thread 0x000001d5ec82c8c0 2201       3       jdk.internal.reflect.ByteVectorImpl::getLength (7 bytes)
Event: 46.439 Thread 0x000001d5ec82c8c0 nmethod 2201 0x000001d5d6c03b10 code [0x000001d5d6c03ca0, 0x000001d5d6c03db8]
Event: 46.439 Thread 0x000001d5ec82c8c0 2202       3       java.lang.ref.WeakReference::<init> (6 bytes)
Event: 46.440 Thread 0x000001d5ec82c8c0 nmethod 2202 0x000001d5d6c03e90 code [0x000001d5d6c04040, 0x000001d5d6c04358]
Event: 46.441 Thread 0x000001d5ec82c8c0 2206       1       sun.reflect.annotation.AnnotationType::retention (5 bytes)
Event: 46.441 Thread 0x000001d5ec82c8c0 nmethod 2206 0x000001d5de387090 code [0x000001d5de387220, 0x000001d5de3872f8]
Event: 46.441 Thread 0x000001d5ec82c8c0 2207       3       sun.reflect.generics.parser.SignatureParser::parseClassTypeSignature (118 bytes)
Event: 46.446 Thread 0x000001d5ec82c8c0 nmethod 2207 0x000001d5d6c04490 code [0x000001d5d6c04820, 0x000001d5d6c05c18]
Event: 46.446 Thread 0x000001d5ec82c8c0 2208       3       sun.reflect.generics.parser.SignatureParser::parseTypeSignature (130 bytes)
Event: 46.447 Thread 0x000001d5ec82c8c0 nmethod 2208 0x000001d5d6c06390 code [0x000001d5d6c06560, 0x000001d5d6c06a08]
Event: 46.447 Thread 0x000001d5ec82c8c0 2203       1       sun.reflect.annotation.AnnotationType::memberTypes (5 bytes)
Event: 46.448 Thread 0x000001d5ec82c8c0 nmethod 2203 0x000001d5de387390 code [0x000001d5de387520, 0x000001d5de3875f8]
Event: 46.448 Thread 0x000001d5ec82c8c0 2204       1       sun.reflect.annotation.AnnotationType::memberDefaults (5 bytes)
Event: 46.448 Thread 0x000001d5ec82c8c0 nmethod 2204 0x000001d5de387690 code [0x000001d5de387820, 0x000001d5de3878f8]

GC Heap History (10 events):
Event: 8.046 GC heap before
{Heap before GC invocations=0 (full 0):
 garbage-first heap   total 65536K, used 12288K [0x0000000080000000, 0x0000000100000000)
  region size 1024K, 13 young (13312K), 0 survivors (0K)
 Metaspace       used 1002K, committed 1152K, reserved 491520K
  class space    used 74K, committed 128K, reserved 425984K
}
Event: 8.132 GC heap after
{Heap after GC invocations=1 (full 0):
 garbage-first heap   total 65536K, used 3028K [0x0000000080000000, 0x0000000100000000)
  region size 1024K, 2 young (2048K), 2 survivors (2048K)
 Metaspace       used 1002K, committed 1152K, reserved 491520K
  class space    used 74K, committed 128K, reserved 425984K
}
Event: 15.887 GC heap before
{Heap before GC invocations=1 (full 0):
 garbage-first heap   total 65536K, used 22484K [0x0000000080000000, 0x0000000100000000)
  region size 1024K, 17 young (17408K), 2 survivors (2048K)
 Metaspace       used 3526K, committed 3648K, reserved 491520K
  class space    used 439K, committed 512K, reserved 425984K
}
Event: 15.910 GC heap after
{Heap after GC invocations=2 (full 0):
 garbage-first heap   total 65536K, used 10547K [0x0000000080000000, 0x0000000100000000)
  region size 1024K, 3 young (3072K), 3 survivors (3072K)
 Metaspace       used 3526K, committed 3648K, reserved 491520K
  class space    used 439K, committed 512K, reserved 425984K
}
Event: 23.683 GC heap before
{Heap before GC invocations=2 (full 0):
 garbage-first heap   total 65536K, used 31027K [0x0000000080000000, 0x0000000100000000)
  region size 1024K, 24 young (24576K), 3 survivors (3072K)
 Metaspace       used 4019K, committed 4224K, reserved 491520K
  class space    used 489K, committed 576K, reserved 425984K
}
Event: 23.698 GC heap after
{Heap after GC invocations=3 (full 0):
 garbage-first heap   total 65536K, used 11215K [0x0000000080000000, 0x0000000100000000)
  region size 1024K, 1 young (1024K), 1 survivors (1024K)
 Metaspace       used 4019K, committed 4224K, reserved 491520K
  class space    used 489K, committed 576K, reserved 425984K
}
Event: 37.113 GC heap before
{Heap before GC invocations=3 (full 0):
 garbage-first heap   total 65536K, used 42959K [0x0000000080000000, 0x0000000100000000)
  region size 1024K, 32 young (32768K), 1 survivors (1024K)
 Metaspace       used 6923K, committed 7104K, reserved 491520K
  class space    used 943K, committed 1024K, reserved 425984K
}
Event: 37.133 GC heap after
{Heap after GC invocations=4 (full 0):
 garbage-first heap   total 65536K, used 16968K [0x0000000080000000, 0x0000000100000000)
  region size 1024K, 4 young (4096K), 4 survivors (4096K)
 Metaspace       used 6923K, committed 7104K, reserved 491520K
  class space    used 943K, committed 1024K, reserved 425984K
}
Event: 45.647 GC heap before
{Heap before GC invocations=4 (full 0):
 garbage-first heap   total 65536K, used 40520K [0x0000000080000000, 0x0000000100000000)
  region size 1024K, 27 young (27648K), 4 survivors (4096K)
 Metaspace       used 12413K, committed 12672K, reserved 491520K
  class space    used 1722K, committed 1856K, reserved 425984K
}
Event: 45.669 GC heap after
{Heap after GC invocations=5 (full 0):
 garbage-first heap   total 65536K, used 19071K [0x0000000080000000, 0x0000000100000000)
  region size 1024K, 2 young (2048K), 2 survivors (2048K)
 Metaspace       used 12413K, committed 12672K, reserved 491520K
  class space    used 1722K, committed 1856K, reserved 425984K
}

Deoptimization events (20 events):
Event: 41.943 Thread 0x000001d5f19b2aa0 Uncommon trap: trap_request=0xffffff45 fr.pc=0x000001d5de2a0a58 relative=0x00000000000003f8
Event: 41.943 Thread 0x000001d5f19b2aa0 Uncommon trap: reason=unstable_if action=reinterpret pc=0x000001d5de2a0a58 method=java.util.regex.Matcher.match(II)Z @ 76 c2
Event: 41.943 Thread 0x000001d5f19b2aa0 DEOPT PACKING pc=0x000001d5de2a0a58 sp=0x0000009aab8fdfd0
Event: 41.943 Thread 0x000001d5f19b2aa0 DEOPT UNPACKING pc=0x000001d5ddd323a3 sp=0x0000009aab8fdfa0 mode 2
Event: 42.233 Thread 0x000001d5f140ca20 Uncommon trap: trap_request=0xffffff45 fr.pc=0x000001d5de33d5cc relative=0x000000000000122c
Event: 42.233 Thread 0x000001d5f140ca20 Uncommon trap: reason=unstable_if action=reinterpret pc=0x000001d5de33d5cc method=java.util.concurrent.ConcurrentHashMap.putVal(Ljava/lang/Object;Ljava/lang/Object;Z)Ljava/lang/Object; @ 256 c2
Event: 42.233 Thread 0x000001d5f140ca20 DEOPT PACKING pc=0x000001d5de33d5cc sp=0x0000009aabafef30
Event: 42.233 Thread 0x000001d5f140ca20 DEOPT UNPACKING pc=0x000001d5ddd323a3 sp=0x0000009aabafeea8 mode 2
Event: 42.234 Thread 0x000001d5f140ca20 Uncommon trap: trap_request=0xffffff6e fr.pc=0x000001d5de326bd0 relative=0x00000000000003b0
Event: 42.234 Thread 0x000001d5f140ca20 Uncommon trap: reason=loop_limit_check action=maybe_recompile pc=0x000001d5de326bd0 method=java.lang.StringLatin1.indexOf([BI[BII)I @ 37 c2
Event: 42.234 Thread 0x000001d5f140ca20 DEOPT PACKING pc=0x000001d5de326bd0 sp=0x0000009aabafefb0
Event: 42.234 Thread 0x000001d5f140ca20 DEOPT UNPACKING pc=0x000001d5ddd323a3 sp=0x0000009aabafef38 mode 2
Event: 43.816 Thread 0x000001d5f140ca20 Uncommon trap: trap_request=0xffffff45 fr.pc=0x000001d5de2be738 relative=0x00000000000003f8
Event: 43.816 Thread 0x000001d5f140ca20 Uncommon trap: reason=unstable_if action=reinterpret pc=0x000001d5de2be738 method=java.util.HashMap.getNode(Ljava/lang/Object;)Ljava/util/HashMap$Node; @ 66 c2
Event: 43.816 Thread 0x000001d5f140ca20 DEOPT PACKING pc=0x000001d5de2be738 sp=0x0000009aabafc430
Event: 43.816 Thread 0x000001d5f140ca20 DEOPT UNPACKING pc=0x000001d5ddd323a3 sp=0x0000009aabafc3b0 mode 2
Event: 43.917 Thread 0x000001d5f140ca20 Uncommon trap: trap_request=0xffffff45 fr.pc=0x000001d5de33ef24 relative=0x00000000000003e4
Event: 43.917 Thread 0x000001d5f140ca20 Uncommon trap: reason=unstable_if action=reinterpret pc=0x000001d5de33ef24 method=java.util.concurrent.ConcurrentHashMap.get(Ljava/lang/Object;)Ljava/lang/Object; @ 152 c2
Event: 43.917 Thread 0x000001d5f140ca20 DEOPT PACKING pc=0x000001d5de33ef24 sp=0x0000009aabafb8d0
Event: 43.917 Thread 0x000001d5f140ca20 DEOPT UNPACKING pc=0x000001d5ddd323a3 sp=0x0000009aabafb848 mode 2

Classes unloaded (0 events):
No events

Classes redefined (0 events):
No events

Internal exceptions (20 events):
Event: 14.076 Thread 0x000001d5ceeec540 Exception <a 'java/lang/NoSuchMethodError'{0x000000008366bc90}: 'int java.lang.invoke.DirectMethodHandle$Holder.invokeStaticInit(java.lang.Object)'> (0x000000008366bc90) 
thrown [s\open\src\hotspot\share\interpreter\linkResolver.cpp, line 759]
Event: 16.110 Thread 0x000001d5ceeec540 Exception <a 'java/lang/NoSuchMethodError'{0x0000000083f8eb78}: 'void java.lang.invoke.DirectMethodHandle$Holder.invokeInterface(java.lang.Object, java.lang.Object, java.lang.Object)'> (0x0000000083f8eb78) 
thrown [s\open\src\hotspot\share\interpreter\linkResolver.cpp, line 759]
Event: 35.268 Thread 0x000001d5ceeec540 Exception <a 'java/lang/NoSuchMethodError'{0x00000000826d8c38}: 'java.lang.Object java.lang.invoke.DirectMethodHandle$Holder.invokeStaticInit(java.lang.Object)'> (0x00000000826d8c38) 
thrown [s\open\src\hotspot\share\interpreter\linkResolver.cpp, line 759]
Event: 35.593 Thread 0x000001d5ceeec540 Exception <a 'java/lang/NoSuchMethodError'{0x0000000082561808}: 'java.lang.Object java.lang.invoke.DirectMethodHandle$Holder.invokeInterface(java.lang.Object, java.lang.Object)'> (0x0000000082561808) 
thrown [s\open\src\hotspot\share\interpreter\linkResolver.cpp, line 759]
Event: 37.294 Thread 0x000001d5ceeec540 Exception <a 'java/lang/NoSuchMethodError'{0x0000000083f7e458}: 'java.lang.Object java.lang.invoke.DirectMethodHandle$Holder.invokeStaticInit(java.lang.Object, int, int, int, int)'> (0x0000000083f7e458) 
thrown [s\open\src\hotspot\share\interpreter\linkResolver.cpp, line 759]
Event: 38.143 Thread 0x000001d5ceeec540 Exception <a 'java/lang/NoSuchMethodError'{0x0000000083e080b8}: 'java.lang.Object java.lang.invoke.DirectMethodHandle$Holder.invokeStaticInit(java.lang.Object, java.lang.Object, int, int, int, int)'> (0x0000000083e080b8) 
thrown [s\open\src\hotspot\share\interpreter\linkResolver.cpp, line 759]
Event: 40.453 Thread 0x000001d5ceeec540 Exception <a 'java/lang/NoSuchMethodError'{0x0000000083d70488}: 'void java.lang.invoke.DirectMethodHandle$Holder.invokeStatic(java.lang.Object, java.lang.Object, java.lang.Object)'> (0x0000000083d70488) 
thrown [s\open\src\hotspot\share\interpreter\linkResolver.cpp, line 759]
Event: 40.730 Thread 0x000001d5ceeec540 Exception <a 'java/io/IOException'{0x0000000083c66cc0}> (0x0000000083c66cc0) 
thrown [s\open\src\hotspot\share\prims\jni.cpp, line 516]
Event: 42.837 Thread 0x000001d5f140ca20 Exception <a 'java/lang/NoSuchMethodError'{0x0000000083569360}: 'long java.lang.invoke.DirectMethodHandle$Holder.invokeInterface(java.lang.Object, java.lang.Object)'> (0x0000000083569360) 
thrown [s\open\src\hotspot\share\interpreter\linkResolver.cpp, line 759]
Event: 42.899 Thread 0x000001d5f140ca20 Exception <a 'java/lang/NoSuchMethodError'{0x00000000835a4688}: 'java.lang.Object java.lang.invoke.DirectMethodHandle$Holder.invokeVirtual(java.lang.Object, java.lang.Object, java.lang.Object)'> (0x00000000835a4688) 
thrown [s\open\src\hotspot\share\interpreter\linkResolver.cpp, line 759]
Event: 43.505 Thread 0x000001d5f140ca20 Exception <a 'java/lang/NoSuchMethodError'{0x000000008315e778}: 'void java.lang.invoke.DirectMethodHandle$Holder.invokeStatic(java.lang.Object, java.lang.Object)'> (0x000000008315e778) 
thrown [s\open\src\hotspot\share\interpreter\linkResolver.cpp, line 759]
Event: 43.870 Thread 0x000001d5f140ca20 Exception <a 'java/lang/NoSuchMethodError'{0x0000000082f1dd80}: 'java.lang.Object java.lang.invoke.DirectMethodHandle$Holder.newInvokeSpecial(java.lang.Object, java.lang.Object, java.lang.Object, java.lang.Object, java.lang.Object)'> (0x0000000082f1dd80) 
thrown [s\open\src\hotspot\share\interpreter\linkResolver.cpp, line 759]
Event: 44.241 Thread 0x000001d5f140ca20 Exception <a 'java/lang/NoSuchMethodError'{0x0000000082d45ed8}: 'void java.lang.invoke.DirectMethodHandle$Holder.invokeSpecial(java.lang.Object, java.lang.Object, java.lang.Object)'> (0x0000000082d45ed8) 
thrown [s\open\src\hotspot\share\interpreter\linkResolver.cpp, line 759]
Event: 44.604 Thread 0x000001d5f140ca20 Exception <a 'java/lang/NoSuchMethodError'{0x0000000082df26a0}: 'java.lang.Object java.lang.invoke.DirectMethodHandle$Holder.newInvokeSpecial(java.lang.Object, java.lang.Object, java.lang.Object, java.lang.Object, java.lang.Object, java.lang.Object)'> (0x0000000082df26a0) 
thrown [s\open\src\hotspot\share\interpreter\linkResolver.cpp, line 759]
Event: 44.647 Thread 0x000001d5f140ca20 Exception <a 'java/lang/NoSuchMethodError'{0x0000000082c0a968}: 'void java.lang.invoke.DirectMethodHandle$Holder.invokeSpecial(java.lang.Object, java.lang.Object, java.lang.Object, java.lang.Object, java.lang.Object)'> (0x0000000082c0a968) 
thrown [s\open\src\hotspot\share\interpreter\linkResolver.cpp, line 759]
Event: 44.656 Thread 0x000001d5f140ca20 Exception <a 'java/lang/NoSuchMethodError'{0x0000000082c1e7c8}: 'void java.lang.invoke.DirectMethodHandle$Holder.invokeStaticInit(java.lang.Object, java.lang.Object)'> (0x0000000082c1e7c8) 
thrown [s\open\src\hotspot\share\interpreter\linkResolver.cpp, line 759]
Event: 45.157 Thread 0x000001d5f140ca20 Exception <a 'java/lang/NoSuchMethodError'{0x0000000082ae2378}: 'void java.lang.invoke.DelegatingMethodHandle$Holder.reinvoke_L(java.lang.Object, java.lang.Object, java.lang.Object, java.lang.Object, java.lang.Object, java.lang.Object, java.lang.Object, java.lang.Object, java.lang.Object, java.lang.Object)'> (0x0000000082ae2378) 
thrown [s\open\src\hotspot\share\interpreter\linkResolver.cpp, line 759]
Event: 45.186 Thread 0x000001d5f140ca20 Exception <a 'java/lang/NoSuchMethodError'{0x0000000082aea928}: 'java.lang.Object java.lang.invoke.DirectMethodHandle$Holder.invokeSpecial(java.lang.Object, java.lang.Object, java.lang.Object, java.lang.Object, java.lang.Object, java.lang.Object, java.lang.Object, java.lang.Object, java.lang.Object, java.lang.Object)'> (0x0000000082aea928) 
thrown [s\open\src\hotspot\share\interpreter\linkResolver.cpp, line 759]
Event: 45.189 Thread 0x000001d5f140ca20 Exception <a 'java/lang/NoSuchMethodError'{0x0000000082aef4a8}: 'java.lang.Object java.lang.invoke.Invokers$Holder.invoker(java.lang.Object, java.lang.Object, java.lang.Object, java.lang.Object, java.lang.Object, java.lang.Object, java.lang.Object, java.lang.Object, java.lang.Object, java.lang.Object)'> (0x0000000082aef4a8) 
thrown [s\open\src\hotspot\share\interpreter\linkResolver.cpp, line 759]
Event: 45.194 Thread 0x000001d5f140ca20 Exception <a 'java/lang/NoSuchMethodError'{0x0000000082af5030}: 'java.lang.Object java.lang.invoke.DirectMethodHandle$Holder.invokeSpecial(java.lang.Object, java.lang.Object, java.lang.Object, java.lang.Object, java.lang.Object, java.lang.Object, java.lang.Object, java.lang.Object, java.lang.Object, java.lang.Object, java.lang.Object)'> (0x0000000082af5030) 
thrown [s\open\src\hotspot\share\interpreter\linkResolver.cpp, line 759]

VM Operations (20 events):
Event: 38.098 Executing VM operation: HandshakeAllThreads
Event: 38.098 Executing VM operation: HandshakeAllThreads done
Event: 39.106 Executing VM operation: Cleanup
Event: 39.106 Executing VM operation: Cleanup done
Event: 40.117 Executing VM operation: Cleanup
Event: 40.118 Executing VM operation: Cleanup done
Event: 40.441 Executing VM operation: HandshakeAllThreads
Event: 40.441 Executing VM operation: HandshakeAllThreads done
Event: 40.972 Executing VM operation: HandshakeAllThreads
Event: 40.972 Executing VM operation: HandshakeAllThreads done
Event: 41.973 Executing VM operation: Cleanup
Event: 42.006 Executing VM operation: Cleanup done
Event: 43.014 Executing VM operation: Cleanup
Event: 43.014 Executing VM operation: Cleanup done
Event: 44.023 Executing VM operation: Cleanup
Event: 44.055 Executing VM operation: Cleanup done
Event: 44.967 Executing VM operation: HandshakeAllThreads
Event: 44.967 Executing VM operation: HandshakeAllThreads done
Event: 45.647 Executing VM operation: G1CollectForAllocation
Event: 45.669 Executing VM operation: G1CollectForAllocation done

Events (20 events):
Event: 43.925 loading class java/util/stream/MatchOps$MatchKind
Event: 43.926 loading class java/util/stream/MatchOps$MatchKind done
Event: 43.927 loading class java/util/stream/MatchOps
Event: 43.928 loading class java/util/stream/MatchOps done
Event: 43.928 loading class java/util/stream/MatchOps$MatchOp
Event: 43.928 loading class java/util/stream/MatchOps$MatchOp done
Event: 43.929 loading class java/util/stream/MatchOps$BooleanTerminalSink
Event: 43.929 loading class java/util/stream/MatchOps$BooleanTerminalSink done
Event: 43.930 loading class java/util/stream/MatchOps$1MatchSink
Event: 43.932 loading class java/util/stream/MatchOps$1MatchSink done
Event: 44.722 loading class java/lang/invoke/MethodHandle$1
Event: 44.723 loading class java/lang/invoke/MethodHandle$1 done
Event: 44.794 loading class java/util/ConcurrentModificationException
Event: 44.795 loading class java/util/ConcurrentModificationException done
Event: 44.977 loading class sun/reflect/generics/scope/ConstructorScope
Event: 44.977 loading class sun/reflect/generics/scope/ConstructorScope done
Event: 44.977 loading class sun/reflect/generics/tree/VoidDescriptor
Event: 44.978 loading class sun/reflect/generics/tree/VoidDescriptor done
Event: 45.428 loading class java/io/UncheckedIOException
Event: 45.429 loading class java/io/UncheckedIOException done


Dynamic libraries:
0x00007ff79d820000 - 0x00007ff79d830000 	C:\Program Files\Java\jdk-17\bin\java.exe
0x00007ffa05e70000 - 0x00007ffa06068000 	C:\Windows\SYSTEM32\ntdll.dll
0x00007ffa04290000 - 0x00007ffa0434d000 	C:\Windows\System32\KERNEL32.DLL
0x00007ffa03690000 - 0x00007ffa03986000 	C:\Windows\System32\KERNELBASE.dll
0x00007ffa03db0000 - 0x00007ffa03eb0000 	C:\Windows\System32\ucrtbase.dll
0x00007ff9fd080000 - 0x00007ff9fd099000 	C:\Program Files\Java\jdk-17\bin\jli.dll
0x00007ffa03eb0000 - 0x00007ffa03f60000 	C:\Windows\System32\ADVAPI32.dll
0x00007ffa053c0000 - 0x00007ffa0545e000 	C:\Windows\System32\msvcrt.dll
0x00007ffa04f60000 - 0x00007ffa05000000 	C:\Windows\System32\sechost.dll
0x00007ffa04350000 - 0x00007ffa04473000 	C:\Windows\System32\RPCRT4.dll
0x00007ffa035c0000 - 0x00007ffa035e7000 	C:\Windows\System32\bcrypt.dll
0x00007ffa040f0000 - 0x00007ffa0428f000 	C:\Windows\System32\USER32.dll
0x00007ffa03660000 - 0x00007ffa03682000 	C:\Windows\System32\win32u.dll
0x00007ffa050b0000 - 0x00007ffa050db000 	C:\Windows\System32\GDI32.dll
0x00007ffa03c90000 - 0x00007ffa03da7000 	C:\Windows\System32\gdi32full.dll
0x00007ffa03990000 - 0x00007ffa03a2d000 	C:\Windows\System32\msvcp_win.dll
0x00007ff9fcfb0000 - 0x00007ff9fcfcb000 	C:\Program Files\Java\jdk-17\bin\VCRUNTIME140.dll
0x00007ff9f3d90000 - 0x00007ff9f402a000 	C:\Windows\WinSxS\amd64_microsoft.windows.common-controls_6595b64144ccf1df_6.0.19041.4355_none_60b8b9eb71f62e16\COMCTL32.dll
0x00007ff9f4700000 - 0x00007ff9f470a000 	C:\Windows\SYSTEM32\VERSION.dll
0x00007ffa05460000 - 0x00007ffa0548f000 	C:\Windows\System32\IMM32.DLL
0x00007ff9ff5d0000 - 0x00007ff9ff5dc000 	C:\Program Files\Java\jdk-17\bin\vcruntime140_1.dll
0x00007ff9f90d0000 - 0x00007ff9f915e000 	C:\Program Files\Java\jdk-17\bin\msvcp140.dll
0x00007ff9b0aa0000 - 0x00007ff9b1680000 	C:\Program Files\Java\jdk-17\bin\server\jvm.dll
0x00007ffa050e0000 - 0x00007ffa050e8000 	C:\Windows\System32\PSAPI.DLL
0x00007ff9f2650000 - 0x00007ff9f2659000 	C:\Windows\SYSTEM32\WSOCK32.dll
0x00007ffa04e90000 - 0x00007ffa04efb000 	C:\Windows\System32\WS2_32.dll
0x00007ff9f26c0000 - 0x00007ff9f26e7000 	C:\Windows\SYSTEM32\WINMM.dll
0x00007ffa01d40000 - 0x00007ffa01d52000 	C:\Windows\SYSTEM32\kernel.appcore.dll
0x00007ff9fe720000 - 0x00007ff9fe72a000 	C:\Program Files\Java\jdk-17\bin\jimage.dll
0x00007ffa01a50000 - 0x00007ffa01c34000 	C:\Windows\SYSTEM32\DBGHELP.DLL
0x00007ff9ef5a0000 - 0x00007ff9ef5d4000 	C:\Windows\SYSTEM32\dbgcore.DLL
0x00007ffa03530000 - 0x00007ffa035b2000 	C:\Windows\System32\bcryptPrimitives.dll
0x00007ff9fc5e0000 - 0x00007ff9fc5ee000 	C:\Program Files\Java\jdk-17\bin\instrument.dll
0x00007ff9fc980000 - 0x00007ff9fc9a5000 	C:\Program Files\Java\jdk-17\bin\java.dll
0x00007ff9dd900000 - 0x00007ff9dd9d7000 	C:\Program Files\Java\jdk-17\bin\jsvml.dll
0x00007ffa04480000 - 0x00007ffa04bec000 	C:\Windows\System32\SHELL32.dll
0x00007ffa011e0000 - 0x00007ffa0197d000 	C:\Windows\SYSTEM32\windows.storage.dll
0x00007ffa05560000 - 0x00007ffa058b3000 	C:\Windows\System32\combase.dll
0x00007ffa02f50000 - 0x00007ffa02f7e000 	C:\Windows\SYSTEM32\Wldp.dll
0x00007ffa03f60000 - 0x00007ffa0402d000 	C:\Windows\System32\OLEAUT32.dll
0x00007ffa05000000 - 0x00007ffa050ad000 	C:\Windows\System32\SHCORE.dll
0x00007ffa054f0000 - 0x00007ffa05545000 	C:\Windows\System32\shlwapi.dll
0x00007ffa03460000 - 0x00007ffa03484000 	C:\Windows\SYSTEM32\profapi.dll
0x00007ff9fc8f0000 - 0x00007ff9fc908000 	C:\Program Files\Java\jdk-17\bin\zip.dll
0x00007ff9fc960000 - 0x00007ff9fc979000 	C:\Program Files\Java\jdk-17\bin\net.dll
0x00007ff9fafd0000 - 0x00007ff9fb0da000 	C:\Windows\SYSTEM32\WINHTTP.dll
0x00007ffa02cb0000 - 0x00007ffa02d1a000 	C:\Windows\system32\mswsock.dll
0x00007ff9fc940000 - 0x00007ff9fc956000 	C:\Program Files\Java\jdk-17\bin\nio.dll
0x00007ff9fd070000 - 0x00007ff9fd080000 	C:\Program Files\Java\jdk-17\bin\verify.dll
0x00007ff9f3d40000 - 0x00007ff9f3d67000 	C:\Users\CITY C\.gradle\native\c067742578af261105cb4f569cf0c3c89f3d7b1fecec35dd04571415982c5e48\windows-amd64\native-platform.dll
0x00007ff9cdc70000 - 0x00007ff9cddb4000 	C:\Users\CITY C\.gradle\native\38dada09dfb8b06ba9b0570ebf7e218e3eb74d4ef43ca46872605cf95ebc2f47\windows-amd64\native-platform-file-events.dll
0x00007ff9fc8c0000 - 0x00007ff9fc8ca000 	C:\Program Files\Java\jdk-17\bin\management.dll
0x00007ff9fc640000 - 0x00007ff9fc64b000 	C:\Program Files\Java\jdk-17\bin\management_ext.dll
0x00007ffa02eb0000 - 0x00007ffa02ec8000 	C:\Windows\SYSTEM32\CRYPTSP.dll
0x00007ffa02560000 - 0x00007ffa02594000 	C:\Windows\system32\rsaenh.dll
0x00007ffa03410000 - 0x00007ffa0343e000 	C:\Windows\SYSTEM32\USERENV.dll
0x00007ffa02ea0000 - 0x00007ffa02eac000 	C:\Windows\SYSTEM32\CRYPTBASE.dll
0x00007ffa02940000 - 0x00007ffa0297b000 	C:\Windows\SYSTEM32\IPHLPAPI.DLL
0x00007ffa04030000 - 0x00007ffa04038000 	C:\Windows\System32\NSI.dll
0x00007ff9fa7f0000 - 0x00007ff9fa807000 	C:\Windows\SYSTEM32\dhcpcsvc6.DLL
0x00007ff9fb7d0000 - 0x00007ff9fb7ed000 	C:\Windows\SYSTEM32\dhcpcsvc.DLL
0x00007ffa02990000 - 0x00007ffa02a5a000 	C:\Windows\SYSTEM32\DNSAPI.dll
0x00007ff9fc590000 - 0x00007ff9fc59e000 	C:\Program Files\Java\jdk-17\bin\sunmscapi.dll
0x00007ffa03b30000 - 0x00007ffa03c8e000 	C:\Windows\System32\CRYPT32.dll
0x00007ffa02fc0000 - 0x00007ffa02fe9000 	C:\Windows\SYSTEM32\ncrypt.dll
0x00007ffa02f80000 - 0x00007ffa02fbb000 	C:\Windows\SYSTEM32\NTASN1.dll
0x00007ff9fb7f0000 - 0x00007ff9fb7f7000 	C:\Windows\system32\wshunix.dll

dbghelp: loaded successfully - version: 4.0.5 - missing functions: none
symbol engine: initialized successfully - sym options: 0x614 - pdb path: .;C:\Program Files\Java\jdk-17\bin;C:\Windows\SYSTEM32;C:\Windows\WinSxS\amd64_microsoft.windows.common-controls_6595b64144ccf1df_6.0.19041.4355_none_60b8b9eb71f62e16;C:\Program Files\Java\jdk-17\bin\server;C:\Users\CITY C\.gradle\native\c067742578af261105cb4f569cf0c3c89f3d7b1fecec35dd04571415982c5e48\windows-amd64;C:\Users\CITY C\.gradle\native\38dada09dfb8b06ba9b0570ebf7e218e3eb74d4ef43ca46872605cf95ebc2f47\windows-amd64

VM Arguments:
jvm_args: -XX:MaxMetaspaceSize=512m --add-opens=java.base/java.util=ALL-UNNAMED --add-opens=java.base/java.lang=ALL-UNNAMED --add-opens=java.base/java.lang.invoke=ALL-UNNAMED --add-opens=java.prefs/java.util.prefs=ALL-UNNAMED --add-opens=java.base/java.nio.charset=ALL-UNNAMED --add-opens=java.base/java.net=ALL-UNNAMED --add-opens=java.base/java.util.concurrent.atomic=ALL-UNNAMED -Xmx2048m -Dfile.encoding=windows-1252 -Duser.country=US -Duser.language=en -Duser.variant -javaagent:C:\Users\CITY C\.gradle\wrapper\dists\gradle-8.6-all\3mbtmo166bl6vumsh5k2lkq5h\gradle-8.6\lib\agents\gradle-instrumentation-agent-8.6.jar 
java_command: org.gradle.launcher.daemon.bootstrap.GradleDaemon 8.6
java_class_path (initial): C:\Users\CITY C\.gradle\wrapper\dists\gradle-8.6-all\3mbtmo166bl6vumsh5k2lkq5h\gradle-8.6\lib\gradle-launcher-8.6.jar
Launcher Type: SUN_STANDARD

[Global flags]
     intx CICompilerCount                          = 3                                         {product} {ergonomic}
   size_t CompressedClassSpaceSize                 = 436207616                                 {product} {ergonomic}
     uint ConcGCThreads                            = 1                                         {product} {ergonomic}
     uint G1ConcRefinementThreads                  = 4                                         {product} {ergonomic}
   size_t G1HeapRegionSize                         = 1048576                                   {product} {ergonomic}
    uintx GCDrainStackTargetSize                   = 64                                        {product} {ergonomic}
   size_t InitialHeapSize                          = 67108864                                  {product} {ergonomic}
   size_t MarkStackSize                            = 4194304                                   {product} {ergonomic}
   size_t MaxHeapSize                              = 2147483648                                {product} {command line}
   size_t MaxMetaspaceSize                         = 536870912                                 {product} {command line}
   size_t MaxNewSize                               = 1287651328                                {product} {ergonomic}
   size_t MinHeapDeltaBytes                        = 1048576                                   {product} {ergonomic}
   size_t MinHeapSize                              = 8388608                                   {product} {ergonomic}
    uintx NonNMethodCodeHeapSize                   = 5832780                                {pd product} {ergonomic}
    uintx NonProfiledCodeHeapSize                  = 122912730                              {pd product} {ergonomic}
    uintx ProfiledCodeHeapSize                     = 122912730                              {pd product} {ergonomic}
    uintx ReservedCodeCacheSize                    = 251658240                              {pd product} {ergonomic}
     bool SegmentedCodeCache                       = true                                      {product} {ergonomic}
   size_t SoftMaxHeapSize                          = 2147483648                             {manageable} {ergonomic}
     bool UseCompressedClassPointers               = true                           {product lp64_product} {ergonomic}
     bool UseCompressedOops                        = true                           {product lp64_product} {ergonomic}
     bool UseG1GC                                  = true                                      {product} {ergonomic}
     bool UseLargePagesIndividualAllocation        = false                                  {pd product} {ergonomic}

Logging:
Log output configuration:
 #0: stdout all=warning uptime,level,tags
 #1: stderr all=off uptime,level,tags

Environment Variables:
JAVA_HOME=C:\Program Files\Java\jdk-17
CLASSPATH=D:\Native Projects\NativeProject\android\\gradle\wrapper\gradle-wrapper.jar
PATH=D:\Native Projects\NativeProject\node_modules\.bin;D:\Native Projects\NativeProject\node_modules\.bin;D:\Native Projects\node_modules\.bin;D:\node_modules\.bin;C:\Users\CITY C\AppData\Roaming\npm\node_modules\npm\node_modules\@npmcli\run-script\lib\node-gyp-bin;D:\Native Projects\NativeProject\node_modules\.bin;D:\Native Projects\NativeProject\node_modules\.bin;D:\Native Projects\node_modules\.bin;D:\node_modules\.bin;C:\Users\CITY C\AppData\Roaming\npm\node_modules\npm\node_modules\@npmcli\run-script\lib\node-gyp-bin;C:\Program Files\Common Files\Oracle\Java\javapath;C:\Windows\system32;C:\Windows;C:\Windows\System32\Wbem;C:\Windows\System32\WindowsPowerShell\v1.0\;C:\Windows\System32\OpenSSH\;C:\Program Files\nodejs\;C:\Program Files\Git\cmd;C:\Program Files\MySQL\MySQL Shell 8.0\bin\;C:\Users\CITY C\AppData\Local\Microsoft\WindowsApps;C:\Users\CITY C\AppData\Local\Programs\Microsoft VS Code\bin;C:\Users\CITY C\AppData\Roaming\npm;C:\Program Files\Java\jdk-17\bin;C:\Users\CITY C\AppData\Local\Android\Sdk\platform-tools;
USERNAME=CITY C
LANG=en_US.UTF-8
OS=Windows_NT
PROCESSOR_IDENTIFIER=Intel64 Family 6 Model 61 Stepping 4, GenuineIntel



---------------  S Y S T E M  ---------------

OS:
 Windows 10 , 64 bit Build 19041 (10.0.19041.3636)
OS uptime: 3 days 0:54 hours

CPU: total 4 (initial active 4) (2 cores per cpu, 2 threads per core) family 6 model 61 stepping 4 microcode 0x2d, cx8, cmov, fxsr, ht, mmx, 3dnowpref, sse, sse2, sse3, ssse3, sse4.1, sse4.2, popcnt, lzcnt, tsc, tscinvbit, avx, avx2, aes, erms, clmul, bmi1, bmi2, adx, fma, vzeroupper, clflush

Memory: 4k page, system-wide physical 3984M (260M free)
TotalPageFile size 12857M (AvailPageFile size 2M)
current process WorkingSet (physical memory assigned to process): 139M, peak: 141M
current process commit charge ("private bytes"): 191M, peak: 192M

vm_info: Java HotSpot(TM) 64-Bit Server VM (17.0.11+7-LTS-207) for windows-amd64 JRE (17.0.11+7-LTS-207), built on Mar 11 2024 19:01:50 by "mach5one" with MS VC++ 17.6 (VS2022)

END.
