#
# There is insufficient memory for the Java Runtime Environment to continue.
# Native memory allocation (malloc) failed to allocate 32744 bytes for ChunkPool::allocate
# Possible reasons:
#   The system is out of physical RAM or swap space
#   The process is running with CompressedOops enabled, and the Java Heap may be blocking the growth of the native heap
# Possible solutions:
#   Reduce memory load on the system
#   Increase physical memory or swap space
#   Check if swap backing store is full
#   Decrease Java heap size (-Xmx/-Xms)
#   Decrease number of Java threads
#   Decrease Java thread stack sizes (-Xss)
#   Set larger code cache with -XX:ReservedCodeCacheSize=
#   JVM is running with Zero Based Compressed Oops mode in which the Java heap is
#     placed in the first 32GB address space. The Java Heap base address is the
#     maximum limit for the native heap growth. Please use -XX:HeapBaseMinAddress
#     to set the Java Heap base and to place the Java Heap above 32GB virtual address.
# This output file may be truncated or incomplete.
#
#  Out of Memory Error (arena.cpp:78), pid=7044, tid=15152
#
# JRE version: Java(TM) SE Runtime Environment (17.0.11+7) (build 17.0.11+7-LTS-207)
# Java VM: Java HotSpot(TM) 64-Bit Server VM (17.0.11+7-LTS-207, mixed mode, sharing, tiered, compressed oops, compressed class ptrs, g1 gc, windows-amd64)
# No core dump will be written. Minidumps are not enabled by default on client versions of Windows
#

---------------  S U M M A R Y ------------

Command Line: -XX:MaxMetaspaceSize=1024m -XX:+HeapDumpOnOutOfMemoryError --add-opens=java.base/java.util=ALL-UNNAMED --add-opens=java.base/java.lang=ALL-UNNAMED --add-opens=java.base/java.lang.invoke=ALL-UNNAMED --add-opens=java.prefs/java.util.prefs=ALL-UNNAMED --add-opens=java.base/java.nio.charset=ALL-UNNAMED --add-opens=java.base/java.net=ALL-UNNAMED --add-opens=java.base/java.util.concurrent.atomic=ALL-UNNAMED -Xmx4096m -Dfile.encoding=UTF-8 -Duser.country=US -Duser.language=en -Duser.variant -javaagent:C:\Users\Ghousia computer\.gradle\wrapper\dists\gradle-8.6-all\3mbtmo166bl6vumsh5k2lkq5h\gradle-8.6\lib\agents\gradle-instrumentation-agent-8.6.jar org.gradle.launcher.daemon.bootstrap.GradleDaemon 8.6

Host: Intel(R) Core(TM) i3-8130U CPU @ 2.20GHz, 4 cores, 3G,  Windows 10 , 64 bit Build 19041 (10.0.19041.4597)
Time: Tue Aug  6 05:39:05 2024 Pacific Daylight Time elapsed time: 84.767315 seconds (0d 0h 1m 24s)

---------------  T H R E A D  ---------------

Current thread (0x00000211e7e3d600):  JavaThread "C2 CompilerThread0" daemon [_thread_in_native, id=15152, stack(0x0000003a29e00000,0x0000003a29f00000)]


Current CompileTask:
C2:  84767 15213       4       org.gradle.internal.service.DefaultServiceRegistry$ClassInspector::getDetailsForClass (50 bytes)

Stack: [0x0000003a29e00000,0x0000003a29f00000]
Native frames: (J=compiled Java code, j=interpreted, Vv=VM code, C=native code)
V  [jvm.dll+0x679cca]
V  [jvm.dll+0x7da13d]
V  [jvm.dll+0x7dba83]
V  [jvm.dll+0x7dc0f3]
V  [jvm.dll+0x2449af]
V  [jvm.dll+0xaba8c]
V  [jvm.dll+0xabe1c]
V  [jvm.dll+0x3666a9]
V  [jvm.dll+0x563b38]
V  [jvm.dll+0x562b95]
V  [jvm.dll+0x56348b]
V  [jvm.dll+0x32bd90]
V  [jvm.dll+0x32b1fa]
V  [jvm.dll+0x2161df]
V  [jvm.dll+0x21560f]
V  [jvm.dll+0x1a2040]
V  [jvm.dll+0x225a2b]
V  [jvm.dll+0x223bcb]
V  [jvm.dll+0x7903ec]
V  [jvm.dll+0x78a85a]
V  [jvm.dll+0x678bb5]
C  [ucrtbase.dll+0x21bb2]
C  [KERNEL32.DLL+0x17374]
C  [ntdll.dll+0x4cc91]


---------------  P R O C E S S  ---------------

Threads class SMR info:
_java_thread_list=0x00000211ef7bc020, length=44, elements={
0x00000211c3977500, 0x00000211e7e20360, 0x00000211e7e210f0, 0x00000211e7e30e70,
0x00000211e7e33850, 0x00000211e7e34120, 0x00000211e7e349f0, 0x00000211e7e3d600,
0x00000211e7e41410, 0x00000211e7e45d50, 0x00000211c3a48c80, 0x00000211ec154000,
0x00000211ed5a6810, 0x00000211ecb99d70, 0x00000211ed9988c0, 0x00000211edb220e0,
0x00000211edb0ab20, 0x00000211edb0d8b0, 0x00000211edb0bf60, 0x00000211edb0c470,
0x00000211ee6e1d40, 0x00000211ee6e3690, 0x00000211ee6e2760, 0x00000211ee6e1830,
0x00000211ee6e7860, 0x00000211ee6e5a00, 0x00000211ee6e7d70, 0x00000211ee6e3ba0,
0x00000211ee6e45c0, 0x00000211ee6e2c70, 0x00000211ef95e110, 0x00000211ef964b60,
0x00000211ef95fa60, 0x00000211ef95ff70, 0x00000211ef9627f0, 0x00000211f79729f0,
0x00000211f7973920, 0x00000211f7971fd0, 0x00000211f7973e30, 0x00000211f79724e0,
0x00000211f7974d60, 0x00000211f7975780, 0x00000211f7975270, 0x00000211f7972f00
}

Java Threads: ( => current thread )
  0x00000211c3977500 JavaThread "main" [_thread_blocked, id=7984, stack(0x0000003a29100000,0x0000003a29200000)]
  0x00000211e7e20360 JavaThread "Reference Handler" daemon [_thread_blocked, id=12000, stack(0x0000003a29800000,0x0000003a29900000)]
  0x00000211e7e210f0 JavaThread "Finalizer" daemon [_thread_blocked, id=11744, stack(0x0000003a29900000,0x0000003a29a00000)]
  0x00000211e7e30e70 JavaThread "Signal Dispatcher" daemon [_thread_blocked, id=15276, stack(0x0000003a29a00000,0x0000003a29b00000)]
  0x00000211e7e33850 JavaThread "Attach Listener" daemon [_thread_blocked, id=13284, stack(0x0000003a29b00000,0x0000003a29c00000)]
  0x00000211e7e34120 JavaThread "Service Thread" daemon [_thread_blocked, id=15204, stack(0x0000003a29c00000,0x0000003a29d00000)]
  0x00000211e7e349f0 JavaThread "Monitor Deflation Thread" daemon [_thread_blocked, id=4716, stack(0x0000003a29d00000,0x0000003a29e00000)]
=>0x00000211e7e3d600 JavaThread "C2 CompilerThread0" daemon [_thread_in_native, id=15152, stack(0x0000003a29e00000,0x0000003a29f00000)]
  0x00000211e7e41410 JavaThread "C1 CompilerThread0" daemon [_thread_blocked, id=12408, stack(0x0000003a29f00000,0x0000003a2a000000)]
  0x00000211e7e45d50 JavaThread "Sweeper thread" daemon [_thread_blocked, id=6640, stack(0x0000003a2a000000,0x0000003a2a100000)]
  0x00000211c3a48c80 JavaThread "Common-Cleaner" daemon [_thread_blocked, id=11240, stack(0x0000003a2a100000,0x0000003a2a200000)]
  0x00000211ec154000 JavaThread "Notification Thread" daemon [_thread_blocked, id=12404, stack(0x0000003a2a200000,0x0000003a2a300000)]
  0x00000211ed5a6810 JavaThread "Daemon health stats" [_thread_blocked, id=10420, stack(0x0000003a2a700000,0x0000003a2a800000)]
  0x00000211ecb99d70 JavaThread "Incoming local TCP Connector on port 63700" [_thread_in_native, id=13840, stack(0x0000003a2a800000,0x0000003a2a900000)]
  0x00000211ed9988c0 JavaThread "Daemon periodic checks" [_thread_blocked, id=13676, stack(0x0000003a2a900000,0x0000003a2aa00000)]
  0x00000211edb220e0 JavaThread "Daemon" [_thread_blocked, id=14744, stack(0x0000003a2aa00000,0x0000003a2ab00000)]
  0x00000211edb0ab20 JavaThread "Daemon worker" [_thread_blocked, id=3096, stack(0x0000003a2ad00000,0x0000003a2ae00000)]
  0x00000211edb0d8b0 JavaThread "Cache worker for journal cache (C:\Users\Ghousia computer\.gradle\caches\journal-1)" [_thread_blocked, id=14928, stack(0x0000003a2b100000,0x0000003a2b200000)]
  0x00000211edb0bf60 JavaThread "File lock request listener" [_thread_in_native, id=5504, stack(0x0000003a2b200000,0x0000003a2b300000)]
  0x00000211edb0c470 JavaThread "Cache worker for file hash cache (C:\Users\Ghousia computer\.gradle\caches\8.6\fileHashes)" [_thread_blocked, id=8760, stack(0x0000003a2b300000,0x0000003a2b400000)]
  0x00000211ee6e1d40 JavaThread "File watcher server" daemon [_thread_in_native, id=11328, stack(0x0000003a2b400000,0x0000003a2b500000)]
  0x00000211ee6e3690 JavaThread "File watcher consumer" daemon [_thread_blocked, id=11420, stack(0x0000003a2b500000,0x0000003a2b600000)]
  0x00000211ee6e2760 JavaThread "Cache worker for file content cache (C:\Users\Ghousia computer\.gradle\caches\8.6\fileContent)" [_thread_blocked, id=3992, stack(0x0000003a2ba00000,0x0000003a2bb00000)]
  0x00000211ee6e1830 JavaThread "jar transforms" [_thread_blocked, id=15072, stack(0x0000003a2bb00000,0x0000003a2bc00000)]
  0x00000211ee6e7860 JavaThread "jar transforms Thread 2" [_thread_blocked, id=13900, stack(0x0000003a2bc00000,0x0000003a2bd00000)]
  0x00000211ee6e5a00 JavaThread "jar transforms Thread 3" [_thread_blocked, id=11908, stack(0x0000003a2bd00000,0x0000003a2be00000)]
  0x00000211ee6e7d70 JavaThread "jar transforms Thread 4" [_thread_blocked, id=5580, stack(0x0000003a2be00000,0x0000003a2bf00000)]
  0x00000211ee6e3ba0 JavaThread "Exec process" [_thread_in_native, id=10772, stack(0x0000003a2bf00000,0x0000003a2c000000)]
  0x00000211ee6e45c0 JavaThread "Exec process Thread 2" [_thread_in_native, id=13696, stack(0x0000003a2c000000,0x0000003a2c100000)]
  0x00000211ee6e2c70 JavaThread "Exec process Thread 3" [_thread_in_native, id=12688, stack(0x0000003a2c100000,0x0000003a2c200000)]
  0x00000211ef95e110 JavaThread "Memory manager" [_thread_blocked, id=14664, stack(0x0000003a2c900000,0x0000003a2ca00000)]
  0x00000211ef964b60 JavaThread "ForkJoinPool.commonPool-worker-1" daemon [_thread_blocked, id=14488, stack(0x0000003a2cd00000,0x0000003a2ce00000)]
  0x00000211ef95fa60 JavaThread "ForkJoinPool.commonPool-worker-2" daemon [_thread_blocked, id=11004, stack(0x0000003a2ce00000,0x0000003a2cf00000)]
  0x00000211ef95ff70 JavaThread "ForkJoinPool.commonPool-worker-3" daemon [_thread_blocked, id=10612, stack(0x0000003a2cf00000,0x0000003a2d000000)]
  0x00000211ef9627f0 JavaThread "included builds" [_thread_blocked, id=5784, stack(0x0000003a2d000000,0x0000003a2d100000)]
  0x00000211f79729f0 JavaThread "Handler for socket connection from /127.0.0.1:63700 to /127.0.0.1:63727" [_thread_in_native, id=11752, stack(0x0000003a28e00000,0x0000003a28f00000)]
  0x00000211f7973920 JavaThread "Cancel handler" [_thread_blocked, id=12544, stack(0x0000003a28f00000,0x0000003a29000000)]
  0x00000211f7971fd0 JavaThread "Asynchronous log dispatcher for DefaultDaemonConnection: socket connection from /127.0.0.1:63700 to /127.0.0.1:63727" [_thread_blocked, id=7564, stack(0x0000003a29000000,0x0000003a29100000)]
  0x00000211f7973e30 JavaThread "Stdin handler" [_thread_blocked, id=11572, stack(0x0000003a2ab00000,0x0000003a2ac00000)]
  0x00000211f79724e0 JavaThread "Daemon client event forwarder" [_thread_blocked, id=1260, stack(0x0000003a2ac00000,0x0000003a2ad00000)]
  0x00000211f7974d60 JavaThread "Cache worker for checksums cache (G:\NativeProject\android\.gradle\8.6\checksums)" [_thread_blocked, id=14628, stack(0x0000003a2ae00000,0x0000003a2af00000)]
  0x00000211f7975780 JavaThread "Cache worker for file hash cache (G:\NativeProject\android\.gradle\8.6\fileHashes)" [_thread_blocked, id=8840, stack(0x0000003a2af00000,0x0000003a2b000000)]
  0x00000211f7975270 JavaThread "Cache worker for cache directory md-supplier (C:\Users\Ghousia computer\.gradle\caches\8.6\md-supplier)" [_thread_blocked, id=7012, stack(0x0000003a2b000000,0x0000003a2b100000)]
  0x00000211f7972f00 JavaThread "Cache worker for cache directory md-rule (C:\Users\Ghousia computer\.gradle\caches\8.6\md-rule)" [_thread_blocked, id=13776, stack(0x0000003a2b600000,0x0000003a2b700000)]

Other Threads:
  0x00000211e7e1c850 VMThread "VM Thread" [stack: 0x0000003a29700000,0x0000003a29800000] [id=14880]
  0x00000211c39fdc90 WatcherThread [stack: 0x0000003a2a300000,0x0000003a2a400000] [id=9180]
  0x00000211c39e2570 GCTaskThread "GC Thread#0" [stack: 0x0000003a29200000,0x0000003a29300000] [id=9144]
  0x00000211ec4f4260 GCTaskThread "GC Thread#1" [stack: 0x0000003a2a400000,0x0000003a2a500000] [id=5336]
  0x00000211ec25a720 GCTaskThread "GC Thread#2" [stack: 0x0000003a2a500000,0x0000003a2a600000] [id=14056]
  0x00000211ecbf9d10 GCTaskThread "GC Thread#3" [stack: 0x0000003a2a600000,0x0000003a2a700000] [id=9836]
  0x00000211c39f43e0 ConcurrentGCThread "G1 Main Marker" [stack: 0x0000003a29300000,0x0000003a29400000] [id=11296]
  0x00000211c39f54a0 ConcurrentGCThread "G1 Conc#0" [stack: 0x0000003a29400000,0x0000003a29500000] [id=11120]
  0x00000211c3a356a0 ConcurrentGCThread "G1 Refine#0" [stack: 0x0000003a29500000,0x0000003a29600000] [id=7352]
  0x00000211c3a35fe0 ConcurrentGCThread "G1 Service" [stack: 0x0000003a29600000,0x0000003a29700000] [id=2608]

Threads with active compile tasks:
C2 CompilerThread0    84868 15213       4       org.gradle.internal.service.DefaultServiceRegistry$ClassInspector::getDetailsForClass (50 bytes)

VM state: not at safepoint (normal execution)

VM Mutex/Monitor currently owned by a thread: None

Heap address: 0x0000000700000000, size: 4096 MB, Compressed Oops mode: Zero based, Oop shift amount: 3

CDS archive(s) mapped at: [0x0000021180000000-0x0000021180bd0000-0x0000021180bd0000), size 12386304, SharedBaseAddress: 0x0000021180000000, ArchiveRelocationMode: 1.
Compressed class space mapped at: 0x0000021181000000-0x00000211b5000000, reserved size: 872415232
Narrow klass base: 0x0000021180000000, Narrow klass shift: 0, Narrow klass range: 0x100000000

GC Precious Log:
 CPUs: 4 total, 4 available
 Memory: 3939M
 Large Page Support: Disabled
 NUMA Support: Disabled
 Compressed Oops: Enabled (Zero based)
 Heap Region Size: 2M
 Heap Min Capacity: 8M
 Heap Initial Capacity: 62M
 Heap Max Capacity: 4G
 Pre-touch: Disabled
 Parallel Workers: 4
 Concurrent Workers: 1
 Concurrent Refinement Workers: 4
 Periodic GC: Disabled

Heap:
 garbage-first heap   total 593920K, used 184320K [0x0000000700000000, 0x0000000800000000)
  region size 2048K, 11 young (22528K), 5 survivors (10240K)
 Metaspace       used 104119K, committed 105280K, reserved 983040K
  class space    used 14620K, committed 15168K, reserved 851968K

Heap Regions: E=young(eden), S=young(survivor), O=old, HS=humongous(starts), HC=humongous(continues), CS=collection set, F=free, OA=open archive, CA=closed archive, TAMS=top-at-mark-start (previous, next)
|   0|0x0000000700000000, 0x0000000700200000, 0x0000000700200000|100%|HS|  |TAMS 0x0000000700200000, 0x0000000700000000| Complete 
|   1|0x0000000700200000, 0x0000000700400000, 0x0000000700400000|100%|HC|  |TAMS 0x0000000700400000, 0x0000000700200000| Complete 
|   2|0x0000000700400000, 0x0000000700600000, 0x0000000700600000|100%| O|  |TAMS 0x0000000700600000, 0x0000000700400000| Untracked 
|   3|0x0000000700600000, 0x0000000700800000, 0x0000000700800000|100%| O|  |TAMS 0x0000000700800000, 0x0000000700600000| Untracked 
|   4|0x0000000700800000, 0x0000000700a00000, 0x0000000700a00000|100%| O|  |TAMS 0x0000000700a00000, 0x0000000700800000| Untracked 
|   5|0x0000000700a00000, 0x0000000700c00000, 0x0000000700c00000|100%| O|  |TAMS 0x0000000700c00000, 0x0000000700a00000| Untracked 
|   6|0x0000000700c00000, 0x0000000700e00000, 0x0000000700e00000|100%| O|  |TAMS 0x0000000700e00000, 0x0000000700c00000| Untracked 
|   7|0x0000000700e00000, 0x0000000701000000, 0x0000000701000000|100%| O|  |TAMS 0x0000000701000000, 0x0000000700e00000| Untracked 
|   8|0x0000000701000000, 0x0000000701200000, 0x0000000701200000|100%| O|  |TAMS 0x0000000701200000, 0x0000000701000000| Untracked 
|   9|0x0000000701200000, 0x0000000701400000, 0x0000000701400000|100%| O|  |TAMS 0x0000000701400000, 0x0000000701200000| Untracked 
|  10|0x0000000701400000, 0x0000000701600000, 0x0000000701600000|100%| O|  |TAMS 0x0000000701600000, 0x0000000701400000| Untracked 
|  11|0x0000000701600000, 0x0000000701800000, 0x0000000701800000|100%| O|  |TAMS 0x0000000701800000, 0x0000000701600000| Untracked 
|  12|0x0000000701800000, 0x0000000701a00000, 0x0000000701a00000|100%| O|  |TAMS 0x0000000701a00000, 0x0000000701800000| Untracked 
|  13|0x0000000701a00000, 0x0000000701c00000, 0x0000000701c00000|100%| O|  |TAMS 0x0000000701c00000, 0x0000000701a00000| Untracked 
|  14|0x0000000701c00000, 0x0000000701e00000, 0x0000000701e00000|100%| O|  |TAMS 0x0000000701e00000, 0x0000000701c00000| Untracked 
|  15|0x0000000701e00000, 0x0000000702000000, 0x0000000702000000|100%| O|  |TAMS 0x0000000702000000, 0x0000000701e00000| Untracked 
|  16|0x0000000702000000, 0x0000000702200000, 0x0000000702200000|100%| O|  |TAMS 0x0000000702200000, 0x0000000702000000| Untracked 
|  17|0x0000000702200000, 0x0000000702400000, 0x0000000702400000|100%| O|  |TAMS 0x0000000702400000, 0x0000000702200000| Untracked 
|  18|0x0000000702400000, 0x0000000702600000, 0x0000000702600000|100%|HS|  |TAMS 0x0000000702600000, 0x0000000702400000| Complete 
|  19|0x0000000702600000, 0x0000000702800000, 0x0000000702800000|100%|HS|  |TAMS 0x0000000702800000, 0x0000000702600000| Complete 
|  20|0x0000000702800000, 0x0000000702a00000, 0x0000000702a00000|100%|HS|  |TAMS 0x0000000702a00000, 0x0000000702800000| Complete 
|  21|0x0000000702a00000, 0x0000000702c00000, 0x0000000702c00000|100%|HC|  |TAMS 0x0000000702c00000, 0x0000000702a00000| Complete 
|  22|0x0000000702c00000, 0x0000000702e00000, 0x0000000702e00000|100%| O|  |TAMS 0x0000000702e00000, 0x0000000702c00000| Untracked 
|  23|0x0000000702e00000, 0x0000000703000000, 0x0000000703000000|100%| O|  |TAMS 0x0000000703000000, 0x0000000702e00000| Untracked 
|  24|0x0000000703000000, 0x0000000703200000, 0x0000000703200000|100%| O|  |TAMS 0x0000000703200000, 0x0000000703000000| Untracked 
|  25|0x0000000703200000, 0x0000000703400000, 0x0000000703400000|100%| O|  |TAMS 0x0000000703400000, 0x0000000703200000| Untracked 
|  26|0x0000000703400000, 0x0000000703600000, 0x0000000703600000|100%|HS|  |TAMS 0x0000000703600000, 0x0000000703400000| Complete 
|  27|0x0000000703600000, 0x0000000703800000, 0x0000000703800000|100%|HC|  |TAMS 0x0000000703800000, 0x0000000703600000| Complete 
|  28|0x0000000703800000, 0x0000000703a00000, 0x0000000703a00000|100%| O|  |TAMS 0x0000000703a00000, 0x0000000703800000| Untracked 
|  29|0x0000000703a00000, 0x0000000703c00000, 0x0000000703c00000|100%| O|  |TAMS 0x0000000703c00000, 0x0000000703a00000| Untracked 
|  30|0x0000000703c00000, 0x0000000703e00000, 0x0000000703e00000|100%| O|  |TAMS 0x0000000703e00000, 0x0000000703c00000| Untracked 
|  31|0x0000000703e00000, 0x0000000704000000, 0x0000000704000000|100%| O|  |TAMS 0x0000000704000000, 0x0000000703e00000| Untracked 
|  32|0x0000000704000000, 0x0000000704200000, 0x0000000704200000|100%| O|  |TAMS 0x0000000704200000, 0x0000000704000000| Untracked 
|  33|0x0000000704200000, 0x0000000704400000, 0x0000000704400000|100%| O|  |TAMS 0x0000000704400000, 0x0000000704200000| Untracked 
|  34|0x0000000704400000, 0x0000000704600000, 0x0000000704600000|100%| O|  |TAMS 0x0000000704600000, 0x0000000704400000| Untracked 
|  35|0x0000000704600000, 0x0000000704800000, 0x0000000704800000|100%| O|  |TAMS 0x0000000704800000, 0x0000000704600000| Untracked 
|  36|0x0000000704800000, 0x0000000704a00000, 0x0000000704a00000|100%| O|  |TAMS 0x0000000704a00000, 0x0000000704800000| Untracked 
|  37|0x0000000704a00000, 0x0000000704c00000, 0x0000000704c00000|100%| O|  |TAMS 0x0000000704c00000, 0x0000000704a00000| Untracked 
|  38|0x0000000704c00000, 0x0000000704e00000, 0x0000000704e00000|100%| O|  |TAMS 0x0000000704e00000, 0x0000000704c00000| Untracked 
|  39|0x0000000704e00000, 0x0000000705000000, 0x0000000705000000|100%| O|  |TAMS 0x0000000705000000, 0x0000000704e00000| Untracked 
|  40|0x0000000705000000, 0x0000000705200000, 0x0000000705200000|100%| O|  |TAMS 0x0000000705200000, 0x0000000705000000| Untracked 
|  41|0x0000000705200000, 0x0000000705400000, 0x0000000705400000|100%| O|  |TAMS 0x0000000705400000, 0x0000000705200000| Untracked 
|  42|0x0000000705400000, 0x0000000705600000, 0x0000000705600000|100%| O|  |TAMS 0x0000000705600000, 0x0000000705400000| Untracked 
|  43|0x0000000705600000, 0x0000000705800000, 0x0000000705800000|100%| O|  |TAMS 0x0000000705800000, 0x0000000705600000| Untracked 
|  44|0x0000000705800000, 0x0000000705a00000, 0x0000000705a00000|100%| O|  |TAMS 0x0000000705a00000, 0x0000000705800000| Untracked 
|  45|0x0000000705a00000, 0x0000000705c00000, 0x0000000705c00000|100%| O|  |TAMS 0x0000000705c00000, 0x0000000705a00000| Untracked 
|  46|0x0000000705c00000, 0x0000000705e00000, 0x0000000705e00000|100%| O|  |TAMS 0x0000000705e00000, 0x0000000705c00000| Untracked 
|  47|0x0000000705e00000, 0x0000000706000000, 0x0000000706000000|100%| O|  |TAMS 0x0000000706000000, 0x0000000705e00000| Untracked 
|  48|0x0000000706000000, 0x0000000706200000, 0x0000000706200000|100%| O|  |TAMS 0x0000000706200000, 0x0000000706000000| Untracked 
|  49|0x0000000706200000, 0x0000000706400000, 0x0000000706400000|100%| O|  |TAMS 0x0000000706400000, 0x0000000706200000| Untracked 
|  50|0x0000000706400000, 0x0000000706600000, 0x0000000706600000|100%| O|  |TAMS 0x0000000706600000, 0x0000000706400000| Untracked 
|  51|0x0000000706600000, 0x0000000706800000, 0x0000000706800000|100%| O|  |TAMS 0x0000000706800000, 0x0000000706600000| Untracked 
|  52|0x0000000706800000, 0x0000000706a00000, 0x0000000706a00000|100%|HS|  |TAMS 0x0000000706a00000, 0x0000000706800000| Complete 
|  53|0x0000000706a00000, 0x0000000706c00000, 0x0000000706c00000|100%| O|  |TAMS 0x0000000706c00000, 0x0000000706a00000| Untracked 
|  54|0x0000000706c00000, 0x0000000706e00000, 0x0000000706e00000|100%| O|  |TAMS 0x0000000706e00000, 0x0000000706c00000| Untracked 
|  55|0x0000000706e00000, 0x0000000707000000, 0x0000000707000000|100%| O|  |TAMS 0x0000000707000000, 0x0000000706e00000| Untracked 
|  56|0x0000000707000000, 0x0000000707200000, 0x0000000707200000|100%| O|  |TAMS 0x0000000707200000, 0x0000000707000000| Untracked 
|  57|0x0000000707200000, 0x0000000707400000, 0x0000000707400000|100%| O|  |TAMS 0x0000000707400000, 0x0000000707200000| Untracked 
|  58|0x0000000707400000, 0x0000000707400000, 0x0000000707600000|  0%| F|  |TAMS 0x0000000707400000, 0x0000000707400000| Untracked 
|  59|0x0000000707600000, 0x0000000707800000, 0x0000000707800000|100%| O|  |TAMS 0x0000000707800000, 0x0000000707600000| Untracked 
|  60|0x0000000707800000, 0x0000000707a00000, 0x0000000707a00000|100%| O|  |TAMS 0x0000000707a00000, 0x0000000707800000| Untracked 
|  61|0x0000000707a00000, 0x0000000707c00000, 0x0000000707c00000|100%| O|  |TAMS 0x0000000707c00000, 0x0000000707a00000| Untracked 
|  62|0x0000000707c00000, 0x0000000707e00000, 0x0000000707e00000|100%| O|  |TAMS 0x0000000707e00000, 0x0000000707c00000| Untracked 
|  63|0x0000000707e00000, 0x0000000708000000, 0x0000000708000000|100%| O|  |TAMS 0x0000000708000000, 0x0000000707e00000| Untracked 
|  64|0x0000000708000000, 0x0000000708200000, 0x0000000708200000|100%| O|  |TAMS 0x0000000708200000, 0x0000000708000000| Untracked 
|  65|0x0000000708200000, 0x0000000708400000, 0x0000000708400000|100%| O|  |TAMS 0x0000000708400000, 0x0000000708200000| Untracked 
|  66|0x0000000708400000, 0x0000000708600000, 0x0000000708600000|100%| O|  |TAMS 0x0000000708600000, 0x0000000708400000| Untracked 
|  67|0x0000000708600000, 0x0000000708800000, 0x0000000708800000|100%| O|  |TAMS 0x0000000708800000, 0x0000000708600000| Untracked 
|  68|0x0000000708800000, 0x0000000708a00000, 0x0000000708a00000|100%| O|  |TAMS 0x0000000708a00000, 0x0000000708800000| Untracked 
|  69|0x0000000708a00000, 0x0000000708c00000, 0x0000000708c00000|100%| O|  |TAMS 0x0000000708c00000, 0x0000000708a00000| Untracked 
|  70|0x0000000708c00000, 0x0000000708e00000, 0x0000000708e00000|100%| O|  |TAMS 0x0000000708e00000, 0x0000000708c00000| Untracked 
|  71|0x0000000708e00000, 0x0000000709000000, 0x0000000709000000|100%| O|  |TAMS 0x0000000709000000, 0x0000000708e00000| Untracked 
|  72|0x0000000709000000, 0x0000000709200000, 0x0000000709200000|100%| O|  |TAMS 0x0000000709200000, 0x0000000709000000| Untracked 
|  73|0x0000000709200000, 0x0000000709400000, 0x0000000709400000|100%| O|  |TAMS 0x0000000709400000, 0x0000000709200000| Untracked 
|  74|0x0000000709400000, 0x0000000709600000, 0x0000000709600000|100%| O|  |TAMS 0x0000000709600000, 0x0000000709400000| Untracked 
|  75|0x0000000709600000, 0x0000000709800000, 0x0000000709800000|100%| O|  |TAMS 0x0000000709800000, 0x0000000709600000| Untracked 
|  76|0x0000000709800000, 0x0000000709a00000, 0x0000000709a00000|100%| O|  |TAMS 0x0000000709a00000, 0x0000000709800000| Untracked 
|  77|0x0000000709a00000, 0x0000000709c00000, 0x0000000709c00000|100%| O|  |TAMS 0x0000000709c00000, 0x0000000709a00000| Untracked 
|  78|0x0000000709c00000, 0x0000000709e00000, 0x0000000709e00000|100%| O|  |TAMS 0x0000000709e00000, 0x0000000709c00000| Untracked 
|  79|0x0000000709e00000, 0x000000070a000000, 0x000000070a000000|100%| O|  |TAMS 0x000000070a000000, 0x0000000709e00000| Untracked 
|  80|0x000000070a000000, 0x000000070a200000, 0x000000070a200000|100%| O|  |TAMS 0x000000070a196a00, 0x000000070a000000| Complete 
|  81|0x000000070a200000, 0x000000070a200000, 0x000000070a400000|  0%| F|  |TAMS 0x000000070a200000, 0x000000070a200000| Untracked 
|  82|0x000000070a400000, 0x000000070a400000, 0x000000070a600000|  0%| F|  |TAMS 0x000000070a400000, 0x000000070a400000| Untracked 
|  83|0x000000070a600000, 0x000000070a600000, 0x000000070a800000|  0%| F|  |TAMS 0x000000070a600000, 0x000000070a600000| Untracked 
|  84|0x000000070a800000, 0x000000070a800000, 0x000000070aa00000|  0%| F|  |TAMS 0x000000070a800000, 0x000000070a800000| Untracked 
|  85|0x000000070aa00000, 0x000000070aa00000, 0x000000070ac00000|  0%| F|  |TAMS 0x000000070aa00000, 0x000000070aa00000| Untracked 
|  86|0x000000070ac00000, 0x000000070ac00000, 0x000000070ae00000|  0%| F|  |TAMS 0x000000070ac00000, 0x000000070ac00000| Untracked 
|  87|0x000000070ae00000, 0x000000070ae00000, 0x000000070b000000|  0%| F|  |TAMS 0x000000070ae00000, 0x000000070ae00000| Untracked 
|  88|0x000000070b000000, 0x000000070b000000, 0x000000070b200000|  0%| F|  |TAMS 0x000000070b000000, 0x000000070b000000| Untracked 
|  89|0x000000070b200000, 0x000000070b200000, 0x000000070b400000|  0%| F|  |TAMS 0x000000070b200000, 0x000000070b200000| Untracked 
|  90|0x000000070b400000, 0x000000070b400000, 0x000000070b600000|  0%| F|  |TAMS 0x000000070b400000, 0x000000070b400000| Untracked 
|  91|0x000000070b600000, 0x000000070b600000, 0x000000070b800000|  0%| F|  |TAMS 0x000000070b600000, 0x000000070b600000| Untracked 
|  92|0x000000070b800000, 0x000000070b800000, 0x000000070ba00000|  0%| F|  |TAMS 0x000000070b800000, 0x000000070b800000| Untracked 
|  93|0x000000070ba00000, 0x000000070ba00000, 0x000000070bc00000|  0%| F|  |TAMS 0x000000070ba00000, 0x000000070ba00000| Untracked 
|  94|0x000000070bc00000, 0x000000070bc00000, 0x000000070be00000|  0%| F|  |TAMS 0x000000070bc00000, 0x000000070bc00000| Untracked 
|  95|0x000000070be00000, 0x000000070be00000, 0x000000070c000000|  0%| F|  |TAMS 0x000000070be00000, 0x000000070be00000| Untracked 
|  96|0x000000070c000000, 0x000000070c000000, 0x000000070c200000|  0%| F|  |TAMS 0x000000070c000000, 0x000000070c000000| Untracked 
|  97|0x000000070c200000, 0x000000070c200000, 0x000000070c400000|  0%| F|  |TAMS 0x000000070c200000, 0x000000070c200000| Untracked 
|  98|0x000000070c400000, 0x000000070c400000, 0x000000070c600000|  0%| F|  |TAMS 0x000000070c400000, 0x000000070c400000| Untracked 
|  99|0x000000070c600000, 0x000000070c600000, 0x000000070c800000|  0%| F|  |TAMS 0x000000070c600000, 0x000000070c600000| Untracked 
| 100|0x000000070c800000, 0x000000070c800000, 0x000000070ca00000|  0%| F|  |TAMS 0x000000070c800000, 0x000000070c800000| Untracked 
| 101|0x000000070ca00000, 0x000000070ca00000, 0x000000070cc00000|  0%| F|  |TAMS 0x000000070ca00000, 0x000000070ca00000| Untracked 
| 102|0x000000070cc00000, 0x000000070cc00000, 0x000000070ce00000|  0%| F|  |TAMS 0x000000070cc00000, 0x000000070cc00000| Untracked 
| 103|0x000000070ce00000, 0x000000070ce00000, 0x000000070d000000|  0%| F|  |TAMS 0x000000070ce00000, 0x000000070ce00000| Untracked 
| 104|0x000000070d000000, 0x000000070d000000, 0x000000070d200000|  0%| F|  |TAMS 0x000000070d000000, 0x000000070d000000| Untracked 
| 105|0x000000070d200000, 0x000000070d400000, 0x000000070d400000|100%| S|CS|TAMS 0x000000070d200000, 0x000000070d200000| Complete 
| 106|0x000000070d400000, 0x000000070d600000, 0x000000070d600000|100%| S|CS|TAMS 0x000000070d400000, 0x000000070d400000| Complete 
| 107|0x000000070d600000, 0x000000070d800000, 0x000000070d800000|100%| S|CS|TAMS 0x000000070d600000, 0x000000070d600000| Complete 
| 108|0x000000070d800000, 0x000000070da00000, 0x000000070da00000|100%| S|CS|TAMS 0x000000070d800000, 0x000000070d800000| Complete 
| 109|0x000000070da00000, 0x000000070dc00000, 0x000000070dc00000|100%| S|CS|TAMS 0x000000070da00000, 0x000000070da00000| Complete 
| 110|0x000000070dc00000, 0x000000070dc00000, 0x000000070de00000|  0%| F|  |TAMS 0x000000070dc00000, 0x000000070dc00000| Untracked 
| 111|0x000000070de00000, 0x000000070de00000, 0x000000070e000000|  0%| F|  |TAMS 0x000000070de00000, 0x000000070de00000| Untracked 
| 112|0x000000070e000000, 0x000000070e000000, 0x000000070e200000|  0%| F|  |TAMS 0x000000070e000000, 0x000000070e000000| Untracked 
| 113|0x000000070e200000, 0x000000070e200000, 0x000000070e400000|  0%| F|  |TAMS 0x000000070e200000, 0x000000070e200000| Untracked 
| 114|0x000000070e400000, 0x000000070e400000, 0x000000070e600000|  0%| F|  |TAMS 0x000000070e400000, 0x000000070e400000| Untracked 
| 115|0x000000070e600000, 0x000000070e600000, 0x000000070e800000|  0%| F|  |TAMS 0x000000070e600000, 0x000000070e600000| Untracked 
| 116|0x000000070e800000, 0x000000070e800000, 0x000000070ea00000|  0%| F|  |TAMS 0x000000070e800000, 0x000000070e800000| Untracked 
| 117|0x000000070ea00000, 0x000000070ea00000, 0x000000070ec00000|  0%| F|  |TAMS 0x000000070ea00000, 0x000000070ea00000| Untracked 
| 118|0x000000070ec00000, 0x000000070ec00000, 0x000000070ee00000|  0%| F|  |TAMS 0x000000070ec00000, 0x000000070ec00000| Untracked 
| 119|0x000000070ee00000, 0x000000070ee00000, 0x000000070f000000|  0%| F|  |TAMS 0x000000070ee00000, 0x000000070ee00000| Untracked 
| 120|0x000000070f000000, 0x000000070f000000, 0x000000070f200000|  0%| F|  |TAMS 0x000000070f000000, 0x000000070f000000| Untracked 
| 121|0x000000070f200000, 0x000000070f200000, 0x000000070f400000|  0%| F|  |TAMS 0x000000070f200000, 0x000000070f200000| Untracked 
| 122|0x000000070f400000, 0x000000070f400000, 0x000000070f600000|  0%| F|  |TAMS 0x000000070f400000, 0x000000070f400000| Untracked 
| 123|0x000000070f600000, 0x000000070f600000, 0x000000070f800000|  0%| F|  |TAMS 0x000000070f600000, 0x000000070f600000| Untracked 
| 124|0x000000070f800000, 0x000000070f800000, 0x000000070fa00000|  0%| F|  |TAMS 0x000000070f800000, 0x000000070f800000| Untracked 
| 125|0x000000070fa00000, 0x000000070fa00000, 0x000000070fc00000|  0%| F|  |TAMS 0x000000070fa00000, 0x000000070fa00000| Untracked 
| 126|0x000000070fc00000, 0x000000070fc00000, 0x000000070fe00000|  0%| F|  |TAMS 0x000000070fc00000, 0x000000070fc00000| Untracked 
| 127|0x000000070fe00000, 0x000000070fe00000, 0x0000000710000000|  0%| F|  |TAMS 0x000000070fe00000, 0x000000070fe00000| Untracked 
| 128|0x0000000710000000, 0x0000000710000000, 0x0000000710200000|  0%| F|  |TAMS 0x0000000710000000, 0x0000000710000000| Untracked 
| 129|0x0000000710200000, 0x0000000710200000, 0x0000000710400000|  0%| F|  |TAMS 0x0000000710200000, 0x0000000710200000| Untracked 
| 130|0x0000000710400000, 0x0000000710400000, 0x0000000710600000|  0%| F|  |TAMS 0x0000000710400000, 0x0000000710400000| Untracked 
| 131|0x0000000710600000, 0x0000000710600000, 0x0000000710800000|  0%| F|  |TAMS 0x0000000710600000, 0x0000000710600000| Untracked 
| 132|0x0000000710800000, 0x0000000710800000, 0x0000000710a00000|  0%| F|  |TAMS 0x0000000710800000, 0x0000000710800000| Untracked 
| 133|0x0000000710a00000, 0x0000000710a00000, 0x0000000710c00000|  0%| F|  |TAMS 0x0000000710a00000, 0x0000000710a00000| Untracked 
| 134|0x0000000710c00000, 0x0000000710c00000, 0x0000000710e00000|  0%| F|  |TAMS 0x0000000710c00000, 0x0000000710c00000| Untracked 
| 135|0x0000000710e00000, 0x0000000710e00000, 0x0000000711000000|  0%| F|  |TAMS 0x0000000710e00000, 0x0000000710e00000| Untracked 
| 136|0x0000000711000000, 0x0000000711000000, 0x0000000711200000|  0%| F|  |TAMS 0x0000000711000000, 0x0000000711000000| Untracked 
| 137|0x0000000711200000, 0x0000000711200000, 0x0000000711400000|  0%| F|  |TAMS 0x0000000711200000, 0x0000000711200000| Untracked 
| 138|0x0000000711400000, 0x0000000711400000, 0x0000000711600000|  0%| F|  |TAMS 0x0000000711400000, 0x0000000711400000| Untracked 
| 139|0x0000000711600000, 0x0000000711600000, 0x0000000711800000|  0%| F|  |TAMS 0x0000000711600000, 0x0000000711600000| Untracked 
| 140|0x0000000711800000, 0x0000000711800000, 0x0000000711a00000|  0%| F|  |TAMS 0x0000000711800000, 0x0000000711800000| Untracked 
| 141|0x0000000711a00000, 0x0000000711a00000, 0x0000000711c00000|  0%| F|  |TAMS 0x0000000711a00000, 0x0000000711a00000| Untracked 
| 142|0x0000000711c00000, 0x0000000711c00000, 0x0000000711e00000|  0%| F|  |TAMS 0x0000000711c00000, 0x0000000711c00000| Untracked 
| 143|0x0000000711e00000, 0x0000000711e00000, 0x0000000712000000|  0%| F|  |TAMS 0x0000000711e00000, 0x0000000711e00000| Untracked 
| 144|0x0000000712000000, 0x0000000712000000, 0x0000000712200000|  0%| F|  |TAMS 0x0000000712000000, 0x0000000712000000| Untracked 
| 145|0x0000000712200000, 0x0000000712200000, 0x0000000712400000|  0%| F|  |TAMS 0x0000000712200000, 0x0000000712200000| Untracked 
| 146|0x0000000712400000, 0x0000000712400000, 0x0000000712600000|  0%| F|  |TAMS 0x0000000712400000, 0x0000000712400000| Untracked 
| 147|0x0000000712600000, 0x0000000712600000, 0x0000000712800000|  0%| F|  |TAMS 0x0000000712600000, 0x0000000712600000| Untracked 
| 148|0x0000000712800000, 0x0000000712800000, 0x0000000712a00000|  0%| F|  |TAMS 0x0000000712800000, 0x0000000712800000| Untracked 
| 149|0x0000000712a00000, 0x0000000712a00000, 0x0000000712c00000|  0%| F|  |TAMS 0x0000000712a00000, 0x0000000712a00000| Untracked 
| 150|0x0000000712c00000, 0x0000000712c00000, 0x0000000712e00000|  0%| F|  |TAMS 0x0000000712c00000, 0x0000000712c00000| Untracked 
| 151|0x0000000712e00000, 0x0000000712e00000, 0x0000000713000000|  0%| F|  |TAMS 0x0000000712e00000, 0x0000000712e00000| Untracked 
| 152|0x0000000713000000, 0x0000000713000000, 0x0000000713200000|  0%| F|  |TAMS 0x0000000713000000, 0x0000000713000000| Untracked 
| 153|0x0000000713200000, 0x0000000713200000, 0x0000000713400000|  0%| F|  |TAMS 0x0000000713200000, 0x0000000713200000| Untracked 
| 154|0x0000000713400000, 0x0000000713400000, 0x0000000713600000|  0%| F|  |TAMS 0x0000000713400000, 0x0000000713400000| Untracked 
| 155|0x0000000713600000, 0x0000000713600000, 0x0000000713800000|  0%| F|  |TAMS 0x0000000713600000, 0x0000000713600000| Untracked 
| 156|0x0000000713800000, 0x0000000713800000, 0x0000000713a00000|  0%| F|  |TAMS 0x0000000713800000, 0x0000000713800000| Untracked 
| 157|0x0000000713a00000, 0x0000000713a00000, 0x0000000713c00000|  0%| F|  |TAMS 0x0000000713a00000, 0x0000000713a00000| Untracked 
| 158|0x0000000713c00000, 0x0000000713c00000, 0x0000000713e00000|  0%| F|  |TAMS 0x0000000713c00000, 0x0000000713c00000| Untracked 
| 159|0x0000000713e00000, 0x0000000713e00000, 0x0000000714000000|  0%| F|  |TAMS 0x0000000713e00000, 0x0000000713e00000| Untracked 
| 160|0x0000000714000000, 0x0000000714000000, 0x0000000714200000|  0%| F|  |TAMS 0x0000000714000000, 0x0000000714000000| Untracked 
| 161|0x0000000714200000, 0x0000000714200000, 0x0000000714400000|  0%| F|  |TAMS 0x0000000714200000, 0x0000000714200000| Untracked 
| 162|0x0000000714400000, 0x0000000714400000, 0x0000000714600000|  0%| F|  |TAMS 0x0000000714400000, 0x0000000714400000| Untracked 
| 163|0x0000000714600000, 0x0000000714600000, 0x0000000714800000|  0%| F|  |TAMS 0x0000000714600000, 0x0000000714600000| Untracked 
| 164|0x0000000714800000, 0x0000000714800000, 0x0000000714a00000|  0%| F|  |TAMS 0x0000000714800000, 0x0000000714800000| Untracked 
| 165|0x0000000714a00000, 0x0000000714a00000, 0x0000000714c00000|  0%| F|  |TAMS 0x0000000714a00000, 0x0000000714a00000| Untracked 
| 166|0x0000000714c00000, 0x0000000714c00000, 0x0000000714e00000|  0%| F|  |TAMS 0x0000000714c00000, 0x0000000714c00000| Untracked 
| 167|0x0000000714e00000, 0x0000000714e00000, 0x0000000715000000|  0%| F|  |TAMS 0x0000000714e00000, 0x0000000714e00000| Untracked 
| 168|0x0000000715000000, 0x0000000715000000, 0x0000000715200000|  0%| F|  |TAMS 0x0000000715000000, 0x0000000715000000| Untracked 
| 169|0x0000000715200000, 0x0000000715200000, 0x0000000715400000|  0%| F|  |TAMS 0x0000000715200000, 0x0000000715200000| Untracked 
| 170|0x0000000715400000, 0x0000000715400000, 0x0000000715600000|  0%| F|  |TAMS 0x0000000715400000, 0x0000000715400000| Untracked 
| 171|0x0000000715600000, 0x0000000715600000, 0x0000000715800000|  0%| F|  |TAMS 0x0000000715600000, 0x0000000715600000| Untracked 
| 172|0x0000000715800000, 0x0000000715800000, 0x0000000715a00000|  0%| F|  |TAMS 0x0000000715800000, 0x0000000715800000| Untracked 
| 173|0x0000000715a00000, 0x0000000715a00000, 0x0000000715c00000|  0%| F|  |TAMS 0x0000000715a00000, 0x0000000715a00000| Untracked 
| 174|0x0000000715c00000, 0x0000000715c00000, 0x0000000715e00000|  0%| F|  |TAMS 0x0000000715c00000, 0x0000000715c00000| Untracked 
| 175|0x0000000715e00000, 0x0000000715e00000, 0x0000000716000000|  0%| F|  |TAMS 0x0000000715e00000, 0x0000000715e00000| Untracked 
| 176|0x0000000716000000, 0x0000000716000000, 0x0000000716200000|  0%| F|  |TAMS 0x0000000716000000, 0x0000000716000000| Untracked 
| 177|0x0000000716200000, 0x0000000716200000, 0x0000000716400000|  0%| F|  |TAMS 0x0000000716200000, 0x0000000716200000| Untracked 
| 178|0x0000000716400000, 0x0000000716400000, 0x0000000716600000|  0%| F|  |TAMS 0x0000000716400000, 0x0000000716400000| Untracked 
| 179|0x0000000716600000, 0x0000000716600000, 0x0000000716800000|  0%| F|  |TAMS 0x0000000716600000, 0x0000000716600000| Untracked 
| 180|0x0000000716800000, 0x0000000716800000, 0x0000000716a00000|  0%| F|  |TAMS 0x0000000716800000, 0x0000000716800000| Untracked 
| 181|0x0000000716a00000, 0x0000000716a00000, 0x0000000716c00000|  0%| F|  |TAMS 0x0000000716a00000, 0x0000000716a00000| Untracked 
| 182|0x0000000716c00000, 0x0000000716c00000, 0x0000000716e00000|  0%| F|  |TAMS 0x0000000716c00000, 0x0000000716c00000| Untracked 
| 183|0x0000000716e00000, 0x0000000716e00000, 0x0000000717000000|  0%| F|  |TAMS 0x0000000716e00000, 0x0000000716e00000| Untracked 
| 184|0x0000000717000000, 0x0000000717000000, 0x0000000717200000|  0%| F|  |TAMS 0x0000000717000000, 0x0000000717000000| Untracked 
| 185|0x0000000717200000, 0x0000000717200000, 0x0000000717400000|  0%| F|  |TAMS 0x0000000717200000, 0x0000000717200000| Untracked 
| 186|0x0000000717400000, 0x0000000717400000, 0x0000000717600000|  0%| F|  |TAMS 0x0000000717400000, 0x0000000717400000| Untracked 
| 187|0x0000000717600000, 0x0000000717600000, 0x0000000717800000|  0%| F|  |TAMS 0x0000000717600000, 0x0000000717600000| Untracked 
| 188|0x0000000717800000, 0x0000000717800000, 0x0000000717a00000|  0%| F|  |TAMS 0x0000000717800000, 0x0000000717800000| Untracked 
| 189|0x0000000717a00000, 0x0000000717a00000, 0x0000000717c00000|  0%| F|  |TAMS 0x0000000717a00000, 0x0000000717a00000| Untracked 
| 190|0x0000000717c00000, 0x0000000717c00000, 0x0000000717e00000|  0%| F|  |TAMS 0x0000000717c00000, 0x0000000717c00000| Untracked 
| 191|0x0000000717e00000, 0x0000000717e00000, 0x0000000718000000|  0%| F|  |TAMS 0x0000000717e00000, 0x0000000717e00000| Untracked 
| 192|0x0000000718000000, 0x0000000718000000, 0x0000000718200000|  0%| F|  |TAMS 0x0000000718000000, 0x0000000718000000| Untracked 
| 193|0x0000000718200000, 0x0000000718200000, 0x0000000718400000|  0%| F|  |TAMS 0x0000000718200000, 0x0000000718200000| Untracked 
| 194|0x0000000718400000, 0x0000000718400000, 0x0000000718600000|  0%| F|  |TAMS 0x0000000718400000, 0x0000000718400000| Untracked 
| 195|0x0000000718600000, 0x0000000718600000, 0x0000000718800000|  0%| F|  |TAMS 0x0000000718600000, 0x0000000718600000| Untracked 
| 196|0x0000000718800000, 0x0000000718800000, 0x0000000718a00000|  0%| F|  |TAMS 0x0000000718800000, 0x0000000718800000| Untracked 
| 197|0x0000000718a00000, 0x0000000718a00000, 0x0000000718c00000|  0%| F|  |TAMS 0x0000000718a00000, 0x0000000718a00000| Untracked 
| 198|0x0000000718c00000, 0x0000000718c00000, 0x0000000718e00000|  0%| F|  |TAMS 0x0000000718c00000, 0x0000000718c00000| Untracked 
| 199|0x0000000718e00000, 0x0000000718e00000, 0x0000000719000000|  0%| F|  |TAMS 0x0000000718e00000, 0x0000000718e00000| Untracked 
| 200|0x0000000719000000, 0x0000000719000000, 0x0000000719200000|  0%| F|  |TAMS 0x0000000719000000, 0x0000000719000000| Untracked 
| 201|0x0000000719200000, 0x0000000719200000, 0x0000000719400000|  0%| F|  |TAMS 0x0000000719200000, 0x0000000719200000| Untracked 
| 202|0x0000000719400000, 0x0000000719400000, 0x0000000719600000|  0%| F|  |TAMS 0x0000000719400000, 0x0000000719400000| Untracked 
| 203|0x0000000719600000, 0x0000000719600000, 0x0000000719800000|  0%| F|  |TAMS 0x0000000719600000, 0x0000000719600000| Untracked 
| 204|0x0000000719800000, 0x0000000719800000, 0x0000000719a00000|  0%| F|  |TAMS 0x0000000719800000, 0x0000000719800000| Untracked 
| 205|0x0000000719a00000, 0x0000000719a00000, 0x0000000719c00000|  0%| F|  |TAMS 0x0000000719a00000, 0x0000000719a00000| Untracked 
| 206|0x0000000719c00000, 0x0000000719c00000, 0x0000000719e00000|  0%| F|  |TAMS 0x0000000719c00000, 0x0000000719c00000| Untracked 
| 207|0x0000000719e00000, 0x0000000719e00000, 0x000000071a000000|  0%| F|  |TAMS 0x0000000719e00000, 0x0000000719e00000| Untracked 
| 208|0x000000071a000000, 0x000000071a000000, 0x000000071a200000|  0%| F|  |TAMS 0x000000071a000000, 0x000000071a000000| Untracked 
| 209|0x000000071a200000, 0x000000071a200000, 0x000000071a400000|  0%| F|  |TAMS 0x000000071a200000, 0x000000071a200000| Untracked 
| 210|0x000000071a400000, 0x000000071a400000, 0x000000071a600000|  0%| F|  |TAMS 0x000000071a400000, 0x000000071a400000| Untracked 
| 211|0x000000071a600000, 0x000000071a600000, 0x000000071a800000|  0%| F|  |TAMS 0x000000071a600000, 0x000000071a600000| Untracked 
| 212|0x000000071a800000, 0x000000071a800000, 0x000000071aa00000|  0%| F|  |TAMS 0x000000071a800000, 0x000000071a800000| Untracked 
| 213|0x000000071aa00000, 0x000000071aa00000, 0x000000071ac00000|  0%| F|  |TAMS 0x000000071aa00000, 0x000000071aa00000| Untracked 
| 214|0x000000071ac00000, 0x000000071ac00000, 0x000000071ae00000|  0%| F|  |TAMS 0x000000071ac00000, 0x000000071ac00000| Untracked 
| 215|0x000000071ae00000, 0x000000071ae00000, 0x000000071b000000|  0%| F|  |TAMS 0x000000071ae00000, 0x000000071ae00000| Untracked 
| 216|0x000000071b000000, 0x000000071b000000, 0x000000071b200000|  0%| F|  |TAMS 0x000000071b000000, 0x000000071b000000| Untracked 
| 217|0x000000071b200000, 0x000000071b200000, 0x000000071b400000|  0%| F|  |TAMS 0x000000071b200000, 0x000000071b200000| Untracked 
| 218|0x000000071b400000, 0x000000071b400000, 0x000000071b600000|  0%| F|  |TAMS 0x000000071b400000, 0x000000071b400000| Untracked 
| 219|0x000000071b600000, 0x000000071b600000, 0x000000071b800000|  0%| F|  |TAMS 0x000000071b600000, 0x000000071b600000| Untracked 
| 220|0x000000071b800000, 0x000000071b800000, 0x000000071ba00000|  0%| F|  |TAMS 0x000000071b800000, 0x000000071b800000| Untracked 
| 221|0x000000071ba00000, 0x000000071ba00000, 0x000000071bc00000|  0%| F|  |TAMS 0x000000071ba00000, 0x000000071ba00000| Untracked 
| 222|0x000000071bc00000, 0x000000071bc00000, 0x000000071be00000|  0%| F|  |TAMS 0x000000071bc00000, 0x000000071bc00000| Untracked 
| 223|0x000000071be00000, 0x000000071be00000, 0x000000071c000000|  0%| F|  |TAMS 0x000000071be00000, 0x000000071be00000| Untracked 
| 224|0x000000071c000000, 0x000000071c000000, 0x000000071c200000|  0%| F|  |TAMS 0x000000071c000000, 0x000000071c000000| Untracked 
| 225|0x000000071c200000, 0x000000071c200000, 0x000000071c400000|  0%| F|  |TAMS 0x000000071c200000, 0x000000071c200000| Untracked 
| 226|0x000000071c400000, 0x000000071c400000, 0x000000071c600000|  0%| F|  |TAMS 0x000000071c400000, 0x000000071c400000| Untracked 
| 227|0x000000071c600000, 0x000000071c600000, 0x000000071c800000|  0%| F|  |TAMS 0x000000071c600000, 0x000000071c600000| Untracked 
| 228|0x000000071c800000, 0x000000071c800000, 0x000000071ca00000|  0%| F|  |TAMS 0x000000071c800000, 0x000000071c800000| Untracked 
| 229|0x000000071ca00000, 0x000000071ca00000, 0x000000071cc00000|  0%| F|  |TAMS 0x000000071ca00000, 0x000000071ca00000| Untracked 
| 230|0x000000071cc00000, 0x000000071cc00000, 0x000000071ce00000|  0%| F|  |TAMS 0x000000071cc00000, 0x000000071cc00000| Untracked 
| 231|0x000000071ce00000, 0x000000071ce00000, 0x000000071d000000|  0%| F|  |TAMS 0x000000071ce00000, 0x000000071ce00000| Untracked 
| 232|0x000000071d000000, 0x000000071d000000, 0x000000071d200000|  0%| F|  |TAMS 0x000000071d000000, 0x000000071d000000| Untracked 
| 233|0x000000071d200000, 0x000000071d200000, 0x000000071d400000|  0%| F|  |TAMS 0x000000071d200000, 0x000000071d200000| Untracked 
| 234|0x000000071d400000, 0x000000071d400000, 0x000000071d600000|  0%| F|  |TAMS 0x000000071d400000, 0x000000071d400000| Untracked 
| 235|0x000000071d600000, 0x000000071d600000, 0x000000071d800000|  0%| F|  |TAMS 0x000000071d600000, 0x000000071d600000| Untracked 
| 236|0x000000071d800000, 0x000000071d800000, 0x000000071da00000|  0%| F|  |TAMS 0x000000071d800000, 0x000000071d800000| Untracked 
| 237|0x000000071da00000, 0x000000071da00000, 0x000000071dc00000|  0%| F|  |TAMS 0x000000071da00000, 0x000000071da00000| Untracked 
| 238|0x000000071dc00000, 0x000000071dc00000, 0x000000071de00000|  0%| F|  |TAMS 0x000000071dc00000, 0x000000071dc00000| Untracked 
| 239|0x000000071de00000, 0x000000071de00000, 0x000000071e000000|  0%| F|  |TAMS 0x000000071de00000, 0x000000071de00000| Untracked 
| 240|0x000000071e000000, 0x000000071e000000, 0x000000071e200000|  0%| F|  |TAMS 0x000000071e000000, 0x000000071e000000| Untracked 
| 241|0x000000071e200000, 0x000000071e200000, 0x000000071e400000|  0%| F|  |TAMS 0x000000071e200000, 0x000000071e200000| Untracked 
| 242|0x000000071e400000, 0x000000071e400000, 0x000000071e600000|  0%| F|  |TAMS 0x000000071e400000, 0x000000071e400000| Untracked 
| 243|0x000000071e600000, 0x000000071e600000, 0x000000071e800000|  0%| F|  |TAMS 0x000000071e600000, 0x000000071e600000| Untracked 
| 244|0x000000071e800000, 0x000000071e800000, 0x000000071ea00000|  0%| F|  |TAMS 0x000000071e800000, 0x000000071e800000| Untracked 
| 245|0x000000071ea00000, 0x000000071ea00000, 0x000000071ec00000|  0%| F|  |TAMS 0x000000071ea00000, 0x000000071ea00000| Untracked 
| 246|0x000000071ec00000, 0x000000071ec00000, 0x000000071ee00000|  0%| F|  |TAMS 0x000000071ec00000, 0x000000071ec00000| Untracked 
| 247|0x000000071ee00000, 0x000000071ee00000, 0x000000071f000000|  0%| F|  |TAMS 0x000000071ee00000, 0x000000071ee00000| Untracked 
| 248|0x000000071f000000, 0x000000071f000000, 0x000000071f200000|  0%| F|  |TAMS 0x000000071f000000, 0x000000071f000000| Untracked 
| 249|0x000000071f200000, 0x000000071f200000, 0x000000071f400000|  0%| F|  |TAMS 0x000000071f200000, 0x000000071f200000| Untracked 
| 250|0x000000071f400000, 0x000000071f400000, 0x000000071f600000|  0%| F|  |TAMS 0x000000071f400000, 0x000000071f400000| Untracked 
| 251|0x000000071f600000, 0x000000071f600000, 0x000000071f800000|  0%| F|  |TAMS 0x000000071f600000, 0x000000071f600000| Untracked 
| 252|0x000000071f800000, 0x000000071f800000, 0x000000071fa00000|  0%| F|  |TAMS 0x000000071f800000, 0x000000071f800000| Untracked 
| 253|0x000000071fa00000, 0x000000071fa00000, 0x000000071fc00000|  0%| F|  |TAMS 0x000000071fa00000, 0x000000071fa00000| Untracked 
| 254|0x000000071fc00000, 0x000000071fc00000, 0x000000071fe00000|  0%| F|  |TAMS 0x000000071fc00000, 0x000000071fc00000| Untracked 
| 255|0x000000071fe00000, 0x000000071fe00000, 0x0000000720000000|  0%| F|  |TAMS 0x000000071fe00000, 0x000000071fe00000| Untracked 
| 256|0x0000000720000000, 0x0000000720000000, 0x0000000720200000|  0%| F|  |TAMS 0x0000000720000000, 0x0000000720000000| Untracked 
| 257|0x0000000720200000, 0x0000000720200000, 0x0000000720400000|  0%| F|  |TAMS 0x0000000720200000, 0x0000000720200000| Untracked 
| 258|0x0000000720400000, 0x0000000720400000, 0x0000000720600000|  0%| F|  |TAMS 0x0000000720400000, 0x0000000720400000| Untracked 
| 259|0x0000000720600000, 0x0000000720600000, 0x0000000720800000|  0%| F|  |TAMS 0x0000000720600000, 0x0000000720600000| Untracked 
| 260|0x0000000720800000, 0x0000000720800000, 0x0000000720a00000|  0%| F|  |TAMS 0x0000000720800000, 0x0000000720800000| Untracked 
| 261|0x0000000720a00000, 0x0000000720a00000, 0x0000000720c00000|  0%| F|  |TAMS 0x0000000720a00000, 0x0000000720a00000| Untracked 
| 262|0x0000000720c00000, 0x0000000720c00000, 0x0000000720e00000|  0%| F|  |TAMS 0x0000000720c00000, 0x0000000720c00000| Untracked 
| 263|0x0000000720e00000, 0x0000000720e00000, 0x0000000721000000|  0%| F|  |TAMS 0x0000000720e00000, 0x0000000720e00000| Untracked 
| 264|0x0000000721000000, 0x0000000721000000, 0x0000000721200000|  0%| F|  |TAMS 0x0000000721000000, 0x0000000721000000| Untracked 
| 265|0x0000000721200000, 0x0000000721200000, 0x0000000721400000|  0%| F|  |TAMS 0x0000000721200000, 0x0000000721200000| Untracked 
| 266|0x0000000721400000, 0x0000000721400000, 0x0000000721600000|  0%| F|  |TAMS 0x0000000721400000, 0x0000000721400000| Untracked 
| 267|0x0000000721600000, 0x0000000721600000, 0x0000000721800000|  0%| F|  |TAMS 0x0000000721600000, 0x0000000721600000| Untracked 
| 268|0x0000000721800000, 0x0000000721800000, 0x0000000721a00000|  0%| F|  |TAMS 0x0000000721800000, 0x0000000721800000| Untracked 
| 269|0x0000000721a00000, 0x0000000721a00000, 0x0000000721c00000|  0%| F|  |TAMS 0x0000000721a00000, 0x0000000721a00000| Untracked 
| 270|0x0000000721c00000, 0x0000000721c00000, 0x0000000721e00000|  0%| F|  |TAMS 0x0000000721c00000, 0x0000000721c00000| Untracked 
| 271|0x0000000721e00000, 0x0000000721e00000, 0x0000000722000000|  0%| F|  |TAMS 0x0000000721e00000, 0x0000000721e00000| Untracked 
| 272|0x0000000722000000, 0x0000000722000000, 0x0000000722200000|  0%| F|  |TAMS 0x0000000722000000, 0x0000000722000000| Untracked 
| 273|0x0000000722200000, 0x0000000722200000, 0x0000000722400000|  0%| F|  |TAMS 0x0000000722200000, 0x0000000722200000| Untracked 
| 274|0x0000000722400000, 0x0000000722400000, 0x0000000722600000|  0%| F|  |TAMS 0x0000000722400000, 0x0000000722400000| Untracked 
| 275|0x0000000722600000, 0x0000000722600000, 0x0000000722800000|  0%| F|  |TAMS 0x0000000722600000, 0x0000000722600000| Untracked 
| 276|0x0000000722800000, 0x0000000722800000, 0x0000000722a00000|  0%| F|  |TAMS 0x0000000722800000, 0x0000000722800000| Untracked 
| 277|0x0000000722a00000, 0x0000000722a00000, 0x0000000722c00000|  0%| F|  |TAMS 0x0000000722a00000, 0x0000000722a00000| Untracked 
| 278|0x0000000722c00000, 0x0000000722c00000, 0x0000000722e00000|  0%| F|  |TAMS 0x0000000722c00000, 0x0000000722c00000| Untracked 
| 279|0x0000000722e00000, 0x0000000722e00000, 0x0000000723000000|  0%| F|  |TAMS 0x0000000722e00000, 0x0000000722e00000| Untracked 
| 280|0x0000000723000000, 0x0000000723000000, 0x0000000723200000|  0%| F|  |TAMS 0x0000000723000000, 0x0000000723000000| Untracked 
| 281|0x0000000723200000, 0x0000000723200000, 0x0000000723400000|  0%| F|  |TAMS 0x0000000723200000, 0x0000000723200000| Untracked 
| 282|0x0000000723400000, 0x0000000723400000, 0x0000000723600000|  0%| F|  |TAMS 0x0000000723400000, 0x0000000723400000| Untracked 
| 283|0x0000000723600000, 0x0000000723600000, 0x0000000723800000|  0%| F|  |TAMS 0x0000000723600000, 0x0000000723600000| Untracked 
| 284|0x0000000723800000, 0x00000007239d5e58, 0x0000000723a00000| 91%| E|  |TAMS 0x0000000723800000, 0x0000000723800000| Complete 
| 285|0x0000000723a00000, 0x0000000723c00000, 0x0000000723c00000|100%| E|CS|TAMS 0x0000000723a00000, 0x0000000723a00000| Complete 
| 286|0x0000000723c00000, 0x0000000723e00000, 0x0000000723e00000|100%| E|CS|TAMS 0x0000000723c00000, 0x0000000723c00000| Complete 
| 287|0x0000000723e00000, 0x0000000724000000, 0x0000000724000000|100%| E|CS|TAMS 0x0000000723e00000, 0x0000000723e00000| Complete 
| 288|0x0000000724000000, 0x0000000724200000, 0x0000000724200000|100%| E|CS|TAMS 0x0000000724000000, 0x0000000724000000| Complete 
| 289|0x0000000724200000, 0x0000000724400000, 0x0000000724400000|100%| E|CS|TAMS 0x0000000724200000, 0x0000000724200000| Complete 

Card table byte_map: [0x00000211dc840000,0x00000211dd040000] _byte_map_base: 0x00000211d9040000

Marking Bits (Prev, Next): (CMBitMap*) 0x00000211c39e3ab0, (CMBitMap*) 0x00000211c39e3af0
 Prev Bits: [0x00000211dd840000, 0x00000211e1840000)
 Next Bits: [0x00000211e1840000, 0x00000211e5840000)

Polling page: 0x00000211c3a50000

Metaspace:

Usage:
  Non-class:     87.40 MB used.
      Class:     14.28 MB used.
       Both:    101.68 MB used.

Virtual space:
  Non-class space:      128.00 MB reserved,      88.00 MB ( 69%) committed,  2 nodes.
      Class space:      832.00 MB reserved,      14.81 MB (  2%) committed,  1 nodes.
             Both:      960.00 MB reserved,     102.81 MB ( 11%) committed. 

Chunk freelists:
   Non-Class:  7.92 MB
       Class:  1.04 MB
        Both:  8.96 MB

MaxMetaspaceSize: 1.00 GB
CompressedClassSpaceSize: 832.00 MB
Initial GC threshold: 21.00 MB
Current GC threshold: 171.19 MB
CDS: on
MetaspaceReclaimPolicy: balanced
 - commit_granule_bytes: 65536.
 - commit_granule_words: 8192.
 - virtual_space_node_default_size: 8388608.
 - enlarge_chunks_in_place: 1.
 - new_chunks_are_fully_committed: 0.
 - uncommit_free_chunks: 1.
 - use_allocation_guard: 0.
 - handle_deallocations: 1.


Internal statistics:

num_allocs_failed_limit: 12.
num_arena_births: 1392.
num_arena_deaths: 0.
num_vsnodes_births: 3.
num_vsnodes_deaths: 0.
num_space_committed: 1644.
num_space_uncommitted: 0.
num_chunks_returned_to_freelist: 12.
num_chunks_taken_from_freelist: 6124.
num_chunk_merges: 9.
num_chunk_splits: 3912.
num_chunks_enlarged: 2476.
num_inconsistent_stats: 0.

CodeHeap 'non-profiled nmethods': size=120000Kb used=6298Kb max_used=6298Kb free=113701Kb
 bounds [0x00000211d44e0000, 0x00000211d4b10000, 0x00000211dba10000]
CodeHeap 'profiled nmethods': size=120000Kb used=25058Kb max_used=25058Kb free=94941Kb
 bounds [0x00000211cca10000, 0x00000211ce290000, 0x00000211d3f40000]
CodeHeap 'non-nmethods': size=5760Kb used=2428Kb max_used=2520Kb free=3331Kb
 bounds [0x00000211d3f40000, 0x00000211d41d0000, 0x00000211d44e0000]
 total_blobs=14165 nmethods=13201 adapters=874
 compilation: enabled
              stopped_count=0, restarted_count=0
 full_count=0

Compilation events (20 events):
Event: 84.377 Thread 0x00000211e7e41410 15222       3       org.gradle.internal.snapshot.AbstractIncompleteFileSystemNode::rootSnapshots (30 bytes)
Event: 84.377 Thread 0x00000211e7e41410 nmethod 15222 0x00000211ce284510 code [0x00000211ce284720, 0x00000211ce284e28]
Event: 84.386 Thread 0x00000211e7e41410 15225       3       java.io.FileInputStream::read (9 bytes)
Event: 84.387 Thread 0x00000211e7e41410 nmethod 15225 0x00000211ce285090 code [0x00000211ce285240, 0x00000211ce285388]
Event: 84.398 Thread 0x00000211e7e41410 15226       3       org.gradle.internal.service.DefaultServiceRegistry$FactoryService::getAll (26 bytes)
Event: 84.398 Thread 0x00000211e7e41410 nmethod 15226 0x00000211ce285490 code [0x00000211ce285680, 0x00000211ce285a58]
Event: 84.409 Thread 0x00000211e7e41410 15227       3       org.gradle.internal.logging.slf4j.OutputEventListenerBackedLogger::isLevelAtMost (20 bytes)
Event: 84.410 Thread 0x00000211e7e41410 nmethod 15227 0x00000211ce285c10 code [0x00000211ce285dc0, 0x00000211ce286108]
Event: 84.415 Thread 0x00000211e7e41410 15228       1       org.gradle.cache.IndexedCacheParameters::getCacheName (5 bytes)
Event: 84.415 Thread 0x00000211e7e41410 nmethod 15228 0x00000211d4b06590 code [0x00000211d4b06720, 0x00000211d4b067f8]
Event: 84.535 Thread 0x00000211e7e41410 15229       3       org.gradle.internal.event.DefaultListenerManager$EventBroadcast::buildAllWithLogger (57 bytes)
Event: 84.537 Thread 0x00000211e7e41410 nmethod 15229 0x00000211ce286290 code [0x00000211ce2864e0, 0x00000211ce287088]
Event: 84.547 Thread 0x00000211e7e41410 15231       3       org.gradle.cache.internal.DefaultCrossBuildInMemoryCacheFactory$AbstractCrossBuildInMemoryCache::getIfPresentWithoutLock (43 bytes)
Event: 84.548 Thread 0x00000211e7e41410 nmethod 15231 0x00000211ce287490 code [0x00000211ce287660, 0x00000211ce287ac8]
Event: 84.582 Thread 0x00000211e7e41410 15232       1       org.gradle.internal.service.DefaultServiceRegistry$ThisAsService::get (5 bytes)
Event: 84.582 Thread 0x00000211e7e41410 nmethod 15232 0x00000211d4b06890 code [0x00000211d4b06a20, 0x00000211d4b06af8]
Event: 84.594 Thread 0x00000211e7e41410 15233       3       org.gradle.api.internal.initialization.ClassLoaderScopeIdentifier$Id::hashCode (23 bytes)
Event: 84.595 Thread 0x00000211e7e41410 nmethod 15233 0x00000211ce287c10 code [0x00000211ce287e00, 0x00000211ce288328]
Event: 84.645 Thread 0x00000211e7e41410 15234       3       java.util.concurrent.ThreadPoolExecutor::isRunning (10 bytes)
Event: 84.646 Thread 0x00000211e7e41410 nmethod 15234 0x00000211ce288590 code [0x00000211ce288720, 0x00000211ce288878]

GC Heap History (20 events):
Event: 57.414 GC heap before
{Heap before GC invocations=45 (full 0):
 garbage-first heap   total 182272K, used 148177K [0x0000000700000000, 0x0000000800000000)
  region size 2048K, 29 young (59392K), 3 survivors (6144K)
 Metaspace       used 91194K, committed 92032K, reserved 983040K
  class space    used 12963K, committed 13376K, reserved 851968K
}
Event: 57.430 GC heap after
{Heap after GC invocations=46 (full 0):
 garbage-first heap   total 182272K, used 98964K [0x0000000700000000, 0x0000000800000000)
  region size 2048K, 3 young (6144K), 3 survivors (6144K)
 Metaspace       used 91194K, committed 92032K, reserved 983040K
  class space    used 12963K, committed 13376K, reserved 851968K
}
Event: 58.403 GC heap before
{Heap before GC invocations=47 (full 0):
 garbage-first heap   total 194560K, used 146068K [0x0000000700000000, 0x0000000800000000)
  region size 2048K, 27 young (55296K), 3 survivors (6144K)
 Metaspace       used 93168K, committed 94016K, reserved 983040K
  class space    used 13264K, committed 13696K, reserved 851968K
}
Event: 58.424 GC heap after
{Heap after GC invocations=48 (full 0):
 garbage-first heap   total 194560K, used 103704K [0x0000000700000000, 0x0000000800000000)
  region size 2048K, 4 young (8192K), 4 survivors (8192K)
 Metaspace       used 93168K, committed 94016K, reserved 983040K
  class space    used 13264K, committed 13696K, reserved 851968K
}
Event: 59.820 GC heap before
{Heap before GC invocations=48 (full 0):
 garbage-first heap   total 194560K, used 150808K [0x0000000700000000, 0x0000000800000000)
  region size 2048K, 28 young (57344K), 4 survivors (8192K)
 Metaspace       used 93796K, committed 94656K, reserved 983040K
  class space    used 13307K, committed 13760K, reserved 851968K
}
Event: 59.871 GC heap after
{Heap after GC invocations=49 (full 0):
 garbage-first heap   total 235520K, used 113690K [0x0000000700000000, 0x0000000800000000)
  region size 2048K, 4 young (8192K), 4 survivors (8192K)
 Metaspace       used 93796K, committed 94656K, reserved 983040K
  class space    used 13307K, committed 13760K, reserved 851968K
}
Event: 64.023 GC heap before
{Heap before GC invocations=50 (full 0):
 garbage-first heap   total 235520K, used 187418K [0x0000000700000000, 0x0000000800000000)
  region size 2048K, 39 young (79872K), 4 survivors (8192K)
 Metaspace       used 95670K, committed 96640K, reserved 983040K
  class space    used 13577K, committed 14080K, reserved 851968K
}
Event: 64.110 GC heap after
{Heap after GC invocations=51 (full 0):
 garbage-first heap   total 235520K, used 130933K [0x0000000700000000, 0x0000000800000000)
  region size 2048K, 5 young (10240K), 5 survivors (10240K)
 Metaspace       used 95670K, committed 96640K, reserved 983040K
  class space    used 13577K, committed 14080K, reserved 851968K
}
Event: 65.367 GC heap before
{Heap before GC invocations=51 (full 0):
 garbage-first heap   total 235520K, used 186229K [0x0000000700000000, 0x0000000800000000)
  region size 2048K, 32 young (65536K), 5 survivors (10240K)
 Metaspace       used 98828K, committed 99840K, reserved 983040K
  class space    used 14010K, committed 14528K, reserved 851968K
}
Event: 65.417 GC heap after
{Heap after GC invocations=52 (full 0):
 garbage-first heap   total 235520K, used 134964K [0x0000000700000000, 0x0000000800000000)
  region size 2048K, 2 young (4096K), 2 survivors (4096K)
 Metaspace       used 98828K, committed 99840K, reserved 983040K
  class space    used 14010K, committed 14528K, reserved 851968K
}
Event: 66.378 GC heap before
{Heap before GC invocations=53 (full 0):
 garbage-first heap   total 274432K, used 184116K [0x0000000700000000, 0x0000000800000000)
  region size 2048K, 26 young (53248K), 2 survivors (4096K)
 Metaspace       used 101338K, committed 102336K, reserved 983040K
  class space    used 14364K, committed 14848K, reserved 851968K
}
Event: 66.400 GC heap after
{Heap after GC invocations=54 (full 0):
 garbage-first heap   total 274432K, used 137879K [0x0000000700000000, 0x0000000800000000)
  region size 2048K, 4 young (8192K), 4 survivors (8192K)
 Metaspace       used 101338K, committed 102336K, reserved 983040K
  class space    used 14364K, committed 14848K, reserved 851968K
}
Event: 67.071 GC heap before
{Heap before GC invocations=54 (full 0):
 garbage-first heap   total 274432K, used 211607K [0x0000000700000000, 0x0000000800000000)
  region size 2048K, 40 young (81920K), 4 survivors (8192K)
 Metaspace       used 101622K, committed 102592K, reserved 983040K
  class space    used 14389K, committed 14912K, reserved 851968K
}
Event: 67.109 GC heap after
{Heap after GC invocations=55 (full 0):
 garbage-first heap   total 274432K, used 150302K [0x0000000700000000, 0x0000000800000000)
  region size 2048K, 5 young (10240K), 5 survivors (10240K)
 Metaspace       used 101622K, committed 102592K, reserved 983040K
  class space    used 14389K, committed 14912K, reserved 851968K
}
Event: 69.033 GC heap before
{Heap before GC invocations=56 (full 0):
 garbage-first heap   total 296960K, used 213790K [0x0000000700000000, 0x0000000800000000)
  region size 2048K, 37 young (75776K), 5 survivors (10240K)
 Metaspace       used 102311K, committed 103360K, reserved 983040K
  class space    used 14464K, committed 14976K, reserved 851968K
}
Event: 69.096 GC heap after
{Heap after GC invocations=57 (full 0):
 garbage-first heap   total 296960K, used 163440K [0x0000000700000000, 0x0000000800000000)
  region size 2048K, 5 young (10240K), 5 survivors (10240K)
 Metaspace       used 102311K, committed 103360K, reserved 983040K
  class space    used 14464K, committed 14976K, reserved 851968K
}
Event: 69.263 GC heap before
{Heap before GC invocations=57 (full 0):
 garbage-first heap   total 296960K, used 167536K [0x0000000700000000, 0x0000000800000000)
  region size 2048K, 7 young (14336K), 5 survivors (10240K)
 Metaspace       used 102345K, committed 103360K, reserved 983040K
  class space    used 14464K, committed 14976K, reserved 851968K
}
Event: 69.309 GC heap after
{Heap after GC invocations=58 (full 0):
 garbage-first heap   total 296960K, used 165466K [0x0000000700000000, 0x0000000800000000)
  region size 2048K, 1 young (2048K), 1 survivors (2048K)
 Metaspace       used 102345K, committed 103360K, reserved 983040K
  class space    used 14464K, committed 14976K, reserved 851968K
}
Event: 71.177 GC heap before
{Heap before GC invocations=58 (full 0):
 garbage-first heap   total 296960K, used 233050K [0x0000000700000000, 0x0000000800000000)
  region size 2048K, 35 young (71680K), 1 survivors (2048K)
 Metaspace       used 104057K, committed 105152K, reserved 983040K
  class space    used 14615K, committed 15168K, reserved 851968K
}
Event: 71.212 GC heap after
{Heap after GC invocations=59 (full 0):
 garbage-first heap   total 593920K, used 174080K [0x0000000700000000, 0x0000000800000000)
  region size 2048K, 5 young (10240K), 5 survivors (10240K)
 Metaspace       used 104057K, committed 105152K, reserved 983040K
  class space    used 14615K, committed 15168K, reserved 851968K
}

Deoptimization events (20 events):
Event: 84.308 Thread 0x00000211edb0ab20 Uncommon trap: trap_request=0xffffff45 fr.pc=0x00000211d483c9c4 relative=0x00000000000000c4
Event: 84.308 Thread 0x00000211edb0ab20 Uncommon trap: reason=unstable_if action=reinterpret pc=0x00000211d483c9c4 method=jdk.internal.misc.Unsafe.convEndian(ZJ)J @ 4 c2
Event: 84.308 Thread 0x00000211edb0ab20 DEOPT PACKING pc=0x00000211d483c9c4 sp=0x0000003a2adfd3e0
Event: 84.308 Thread 0x00000211edb0ab20 DEOPT UNPACKING pc=0x00000211d3f923a3 sp=0x0000003a2adfd138 mode 2
Event: 84.308 Thread 0x00000211edb0ab20 Uncommon trap: trap_request=0xffffff45 fr.pc=0x00000211d4810108 relative=0x0000000000000088
Event: 84.308 Thread 0x00000211edb0ab20 Uncommon trap: reason=unstable_if action=reinterpret pc=0x00000211d4810108 method=jdk.internal.misc.Unsafe.convEndian(ZJ)J @ 4 c2
Event: 84.308 Thread 0x00000211edb0ab20 DEOPT PACKING pc=0x00000211d4810108 sp=0x0000003a2adfd280
Event: 84.308 Thread 0x00000211edb0ab20 DEOPT UNPACKING pc=0x00000211d3f923a3 sp=0x0000003a2adfd160 mode 2
Event: 84.338 Thread 0x00000211edb0ab20 Uncommon trap: trap_request=0xffffff45 fr.pc=0x00000211d49efdc0 relative=0x0000000000000aa0
Event: 84.338 Thread 0x00000211edb0ab20 Uncommon trap: reason=unstable_if action=reinterpret pc=0x00000211d49efdc0 method=org.gradle.cache.internal.DefaultCrossBuildInMemoryCacheFactory$AbstractCrossBuildInMemoryCache.getIfPresentWithoutLock(Ljava/lang/Object;)Ljava/lang/Object; @ 24 c2
Event: 84.338 Thread 0x00000211edb0ab20 DEOPT PACKING pc=0x00000211d49efdc0 sp=0x0000003a2adfae30
Event: 84.338 Thread 0x00000211edb0ab20 DEOPT UNPACKING pc=0x00000211d3f923a3 sp=0x0000003a2adfae18 mode 2
Event: 84.514 Thread 0x00000211edb0ab20 Uncommon trap: trap_request=0xfffffff4 fr.pc=0x00000211d459ed84 relative=0x0000000000000564
Event: 84.514 Thread 0x00000211edb0ab20 Uncommon trap: reason=null_check action=make_not_entrant pc=0x00000211d459ed84 method=java.lang.ThreadLocal$ThreadLocalMap.expungeStaleEntry(I)I @ 51 c2
Event: 84.514 Thread 0x00000211edb0ab20 DEOPT PACKING pc=0x00000211d459ed84 sp=0x0000003a2adf8250
Event: 84.514 Thread 0x00000211edb0ab20 DEOPT UNPACKING pc=0x00000211d3f923a3 sp=0x0000003a2adf81f0 mode 2
Event: 84.534 Thread 0x00000211edb0ab20 Uncommon trap: trap_request=0xffffff45 fr.pc=0x00000211d4a06118 relative=0x0000000000000078
Event: 84.535 Thread 0x00000211edb0ab20 Uncommon trap: reason=unstable_if action=reinterpret pc=0x00000211d4a06118 method=com.google.common.math.IntMath.log2(ILjava/math/RoundingMode;)I @ 15 c2
Event: 84.535 Thread 0x00000211edb0ab20 DEOPT PACKING pc=0x00000211d4a06118 sp=0x0000003a2adf8120
Event: 84.535 Thread 0x00000211edb0ab20 DEOPT UNPACKING pc=0x00000211d3f923a3 sp=0x0000003a2adf80a8 mode 2

Classes unloaded (0 events):
No events

Classes redefined (0 events):
No events

Internal exceptions (20 events):
Event: 68.979 Thread 0x00000211edb0ab20 Exception <a 'java/lang/ClassNotFoundException'{0x000000070e305a88}: org/gradle/api/internal/artifacts/dependencies/DefaultDependencyConstraintBeanInfo> (0x000000070e305a88) 
thrown [s\open\src\hotspot\share\classfile\systemDictionary.cpp, line 256]
Event: 68.982 Thread 0x00000211edb0ab20 Exception <a 'java/lang/ClassNotFoundException'{0x000000070e3239d0}: org/gradle/api/internal/artifacts/dependencies/DefaultDependencyConstraintCustomizer> (0x000000070e3239d0) 
thrown [s\open\src\hotspot\share\classfile\systemDictionary.cpp, line 256]
Event: 68.986 Thread 0x00000211edb0ab20 Exception <a 'java/lang/ClassNotFoundException'{0x000000070e353628}: org/gradle/api/internal/artifacts/dependencies/DefaultDependencyConstraint_DecoratedCustomizer> (0x000000070e353628) 
thrown [s\open\src\hotspot\share\classfile\systemDictionary.cpp, line 256]
Event: 69.569 Thread 0x00000211edb0ab20 Exception <a 'java/lang/ClassNotFoundException'{0x000000071196ba60}: build_d2zgns7vw4pqolgz4hoeyqrmzBeanInfo> (0x000000071196ba60) 
thrown [s\open\src\hotspot\share\classfile\systemDictionary.cpp, line 256]
Event: 69.569 Thread 0x00000211edb0ab20 Exception <a 'java/lang/ClassNotFoundException'{0x00000007119723c0}: build_d2zgns7vw4pqolgz4hoeyqrmzCustomizer> (0x00000007119723c0) 
thrown [s\open\src\hotspot\share\classfile\systemDictionary.cpp, line 256]
Event: 70.053 Thread 0x00000211edb0ab20 Exception <a 'java/lang/ClassNotFoundException'{0x00000007107d34a0}: build_d2zgns7vw4pqolgz4hoeyqrmzBeanInfo> (0x00000007107d34a0) 
thrown [s\open\src\hotspot\share\classfile\systemDictionary.cpp, line 256]
Event: 70.053 Thread 0x00000211edb0ab20 Exception <a 'java/lang/ClassNotFoundException'{0x00000007107d9da0}: build_d2zgns7vw4pqolgz4hoeyqrmzCustomizer> (0x00000007107d9da0) 
thrown [s\open\src\hotspot\share\classfile\systemDictionary.cpp, line 256]
Event: 70.213 Thread 0x00000211edb0ab20 Exception <a 'java/lang/ClassNotFoundException'{0x000000070ff13590}: build_d2zgns7vw4pqolgz4hoeyqrmz$_run_closure1BeanInfo> (0x000000070ff13590) 
thrown [s\open\src\hotspot\share\classfile\systemDictionary.cpp, line 256]
Event: 70.214 Thread 0x00000211edb0ab20 Exception <a 'java/lang/ClassNotFoundException'{0x000000070ff1f0b0}: build_d2zgns7vw4pqolgz4hoeyqrmz$_run_closure1Customizer> (0x000000070ff1f0b0) 
thrown [s\open\src\hotspot\share\classfile\systemDictionary.cpp, line 256]
Event: 70.624 Thread 0x00000211ef95e620 Implicit null exception at 0x00000211d4a7b392 to 0x00000211d4a7bdd4
Event: 70.861 Thread 0x00000211edb0ab20 Exception <a 'java/lang/NoSuchMethodError'{0x000000070e50a040}: static Lorg/jetbrains/kotlin/gradle/plugin/statistics/MetricContainer;.<clinit>()V> (0x000000070e50a040) 
thrown [s\open\src\hotspot\share\prims\jni.cpp, line 1112]
Event: 70.900 Thread 0x00000211edb0ab20 Exception <a 'java/lang/NoSuchMethodError'{0x000000070e216168}: static Lorg/jetbrains/kotlin/gradle/plugin/statistics/MetricContainer;.<clinit>()V> (0x000000070e216168) 
thrown [s\open\src\hotspot\share\prims\jni.cpp, line 1112]
Event: 70.932 Thread 0x00000211edb0ab20 Implicit null exception at 0x00000211d4a8aeac to 0x00000211d4a8b7e4
Event: 71.016 Thread 0x00000211edb0ab20 Implicit null exception at 0x00000211d470468f to 0x00000211d47046e0
Event: 71.145 Thread 0x00000211edb0ab20 Implicit null exception at 0x00000211d4a7fe05 to 0x00000211d4a7ffd8
Event: 84.514 Thread 0x00000211edb0ab20 Implicit null exception at 0x00000211d459e8f0 to 0x00000211d459ed64
Event: 84.562 Thread 0x00000211edb0ab20 Exception <a 'sun/nio/fs/WindowsException'{0x0000000723808e40}> (0x0000000723808e40) 
thrown [s\open\src\hotspot\share\prims\jni.cpp, line 516]
Event: 84.564 Thread 0x00000211edb0ab20 Exception <a 'sun/nio/fs/WindowsException'{0x000000072380a420}> (0x000000072380a420) 
thrown [s\open\src\hotspot\share\prims\jni.cpp, line 516]
Event: 84.565 Thread 0x00000211edb0ab20 Exception <a 'sun/nio/fs/WindowsException'{0x000000072380ba00}> (0x000000072380ba00) 
thrown [s\open\src\hotspot\share\prims\jni.cpp, line 516]
Event: 84.566 Thread 0x00000211edb0ab20 Exception <a 'sun/nio/fs/WindowsException'{0x000000072380cfd0}> (0x000000072380cfd0) 
thrown [s\open\src\hotspot\share\prims\jni.cpp, line 516]

VM Operations (20 events):
Event: 69.878 Executing VM operation: ICBufferFull
Event: 69.878 Executing VM operation: ICBufferFull done
Event: 70.368 Executing VM operation: ICBufferFull
Event: 70.369 Executing VM operation: ICBufferFull done
Event: 70.653 Executing VM operation: HandshakeAllThreads
Event: 70.653 Executing VM operation: HandshakeAllThreads done
Event: 70.763 Executing VM operation: ICBufferFull
Event: 70.764 Executing VM operation: ICBufferFull done
Event: 70.935 Executing VM operation: HandshakeAllThreads
Event: 70.935 Executing VM operation: HandshakeAllThreads done
Event: 71.177 Executing VM operation: G1CollectForAllocation
Event: 71.212 Executing VM operation: G1CollectForAllocation done
Event: 71.939 Executing VM operation: G1Concurrent
Event: 71.951 Executing VM operation: G1Concurrent done
Event: 72.286 Executing VM operation: G1Concurrent
Event: 72.286 Executing VM operation: G1Concurrent done
Event: 74.304 Executing VM operation: Cleanup
Event: 74.307 Executing VM operation: Cleanup done
Event: 84.365 Executing VM operation: Cleanup
Event: 84.365 Executing VM operation: Cleanup done

Events (20 events):
Event: 71.176 loading class java/util/Locale$1 done
Event: 71.229 Thread 0x00000211edb0a610 Thread exited: 0x00000211edb0a610
Event: 71.241 Thread 0x00000211edb22990 Thread exited: 0x00000211edb22990
Event: 84.037 Thread 0x00000211f79729f0 Thread added: 0x00000211f79729f0
Event: 84.198 Thread 0x00000211f7973920 Thread added: 0x00000211f7973920
Event: 84.238 Thread 0x00000211f7971fd0 Thread added: 0x00000211f7971fd0
Event: 84.246 loading class jdk/internal/math/FormattedFloatingDecimal$Form
Event: 84.250 loading class jdk/internal/math/FormattedFloatingDecimal$Form done
Event: 84.251 loading class jdk/internal/math/FormattedFloatingDecimal
Event: 84.252 loading class jdk/internal/math/FormattedFloatingDecimal done
Event: 84.252 loading class jdk/internal/math/FormattedFloatingDecimal$1
Event: 84.252 loading class jdk/internal/math/FormattedFloatingDecimal$1 done
Event: 84.254 loading class jdk/internal/math/FormattedFloatingDecimal$2
Event: 84.254 loading class jdk/internal/math/FormattedFloatingDecimal$2 done
Event: 84.265 Thread 0x00000211f7973e30 Thread added: 0x00000211f7973e30
Event: 84.267 Thread 0x00000211f79724e0 Thread added: 0x00000211f79724e0
Event: 84.402 Thread 0x00000211f7974d60 Thread added: 0x00000211f7974d60
Event: 84.416 Thread 0x00000211f7975780 Thread added: 0x00000211f7975780
Event: 84.505 Thread 0x00000211f7975270 Thread added: 0x00000211f7975270
Event: 84.515 Thread 0x00000211f7972f00 Thread added: 0x00000211f7972f00


Dynamic libraries:
0x00007ff740c30000 - 0x00007ff740c40000 	C:\Program Files\Java\jdk-17\bin\java.exe
0x00007ffc38f30000 - 0x00007ffc39128000 	C:\WINDOWS\SYSTEM32\ntdll.dll
0x00007ffc37350000 - 0x00007ffc37411000 	C:\WINDOWS\System32\KERNEL32.DLL
0x00007ffc36c10000 - 0x00007ffc36f06000 	C:\WINDOWS\System32\KERNELBASE.dll
0x00007ffc36820000 - 0x00007ffc36920000 	C:\WINDOWS\System32\ucrtbase.dll
0x00007ffc186e0000 - 0x00007ffc186fb000 	C:\Program Files\Java\jdk-17\bin\VCRUNTIME140.dll
0x00007ffc19580000 - 0x00007ffc19599000 	C:\Program Files\Java\jdk-17\bin\jli.dll
0x00007ffc38300000 - 0x00007ffc383b0000 	C:\WINDOWS\System32\ADVAPI32.dll
0x00007ffc38df0000 - 0x00007ffc38e8e000 	C:\WINDOWS\System32\msvcrt.dll
0x00007ffc37100000 - 0x00007ffc371a0000 	C:\WINDOWS\System32\sechost.dll
0x00007ffc36f60000 - 0x00007ffc37083000 	C:\WINDOWS\System32\RPCRT4.dll
0x00007ffc365e0000 - 0x00007ffc36607000 	C:\WINDOWS\System32\bcrypt.dll
0x00007ffc37500000 - 0x00007ffc3769f000 	C:\WINDOWS\System32\USER32.dll
0x00007ffc367f0000 - 0x00007ffc36812000 	C:\WINDOWS\System32\win32u.dll
0x00007ffc1edc0000 - 0x00007ffc1f05a000 	C:\WINDOWS\WinSxS\amd64_microsoft.windows.common-controls_6595b64144ccf1df_6.0.19041.4355_none_60b8b9eb71f62e16\COMCTL32.dll
0x00007ffc371a0000 - 0x00007ffc371cb000 	C:\WINDOWS\System32\GDI32.dll
0x00007ffc36990000 - 0x00007ffc36aa7000 	C:\WINDOWS\System32\gdi32full.dll
0x00007ffc36610000 - 0x00007ffc366ad000 	C:\WINDOWS\System32\msvcp_win.dll
0x00007ffc2baf0000 - 0x00007ffc2bafa000 	C:\WINDOWS\SYSTEM32\VERSION.dll
0x00007ffc37420000 - 0x00007ffc3744f000 	C:\WINDOWS\System32\IMM32.DLL
0x00007ffc2c520000 - 0x00007ffc2c52c000 	C:\Program Files\Java\jdk-17\bin\vcruntime140_1.dll
0x00007ffc166a0000 - 0x00007ffc1672e000 	C:\Program Files\Java\jdk-17\bin\msvcp140.dll
0x00007ffbb9de0000 - 0x00007ffbba9c0000 	C:\Program Files\Java\jdk-17\bin\server\jvm.dll
0x00007ffc37090000 - 0x00007ffc37098000 	C:\WINDOWS\System32\PSAPI.DLL
0x00007ffc23330000 - 0x00007ffc23339000 	C:\WINDOWS\SYSTEM32\WSOCK32.dll
0x00007ffc12ec0000 - 0x00007ffc12ee7000 	C:\WINDOWS\SYSTEM32\WINMM.dll
0x00007ffc376a0000 - 0x00007ffc3770b000 	C:\WINDOWS\System32\WS2_32.dll
0x00007ffc34e20000 - 0x00007ffc34e32000 	C:\WINDOWS\SYSTEM32\kernel.appcore.dll
0x00007ffc2af20000 - 0x00007ffc2af2a000 	C:\Program Files\Java\jdk-17\bin\jimage.dll
0x00007ffc31ab0000 - 0x00007ffc31c94000 	C:\WINDOWS\SYSTEM32\DBGHELP.DLL
0x00007ffc29110000 - 0x00007ffc29144000 	C:\WINDOWS\SYSTEM32\dbgcore.DLL
0x00007ffc366b0000 - 0x00007ffc36732000 	C:\WINDOWS\System32\bcryptPrimitives.dll
0x00007ffc17a30000 - 0x00007ffc17a3e000 	C:\Program Files\Java\jdk-17\bin\instrument.dll
0x00007ffc17d30000 - 0x00007ffc17d55000 	C:\Program Files\Java\jdk-17\bin\java.dll
0x00007ffc0dea0000 - 0x00007ffc0df77000 	C:\Program Files\Java\jdk-17\bin\jsvml.dll
0x00007ffc37710000 - 0x00007ffc37e7c000 	C:\WINDOWS\System32\SHELL32.dll
0x00007ffc31310000 - 0x00007ffc31aae000 	C:\WINDOWS\SYSTEM32\windows.storage.dll
0x00007ffc38a90000 - 0x00007ffc38de3000 	C:\WINDOWS\System32\combase.dll
0x00007ffc35f90000 - 0x00007ffc35fbe000 	C:\WINDOWS\SYSTEM32\Wldp.dll
0x00007ffc38910000 - 0x00007ffc389dd000 	C:\WINDOWS\System32\OLEAUT32.dll
0x00007ffc38860000 - 0x00007ffc3890d000 	C:\WINDOWS\System32\SHCORE.dll
0x00007ffc371d0000 - 0x00007ffc37225000 	C:\WINDOWS\System32\shlwapi.dll
0x00007ffc36510000 - 0x00007ffc36534000 	C:\WINDOWS\SYSTEM32\profapi.dll
0x00007ffc17af0000 - 0x00007ffc17b08000 	C:\Program Files\Java\jdk-17\bin\zip.dll
0x00007ffc17d10000 - 0x00007ffc17d29000 	C:\Program Files\Java\jdk-17\bin\net.dll
0x00007ffc28650000 - 0x00007ffc2875a000 	C:\WINDOWS\SYSTEM32\WINHTTP.dll
0x00007ffc35cf0000 - 0x00007ffc35d5a000 	C:\WINDOWS\system32\mswsock.dll
0x00007ffc17b10000 - 0x00007ffc17b26000 	C:\Program Files\Java\jdk-17\bin\nio.dll
0x00007ffc19020000 - 0x00007ffc19030000 	C:\Program Files\Java\jdk-17\bin\verify.dll
0x00007ffc0da30000 - 0x00007ffc0da57000 	C:\Users\Ghousia computer\.gradle\native\c067742578af261105cb4f569cf0c3c89f3d7b1fecec35dd04571415982c5e48\windows-amd64\native-platform.dll
0x00007ffbfee80000 - 0x00007ffbfefc4000 	C:\Users\Ghousia computer\.gradle\native\38dada09dfb8b06ba9b0570ebf7e218e3eb74d4ef43ca46872605cf95ebc2f47\windows-amd64\native-platform-file-events.dll
0x00007ffc186d0000 - 0x00007ffc186da000 	C:\Program Files\Java\jdk-17\bin\management.dll
0x00007ffc184f0000 - 0x00007ffc184fb000 	C:\Program Files\Java\jdk-17\bin\management_ext.dll
0x00007ffc35ef0000 - 0x00007ffc35f08000 	C:\WINDOWS\SYSTEM32\CRYPTSP.dll
0x00007ffc35610000 - 0x00007ffc35644000 	C:\WINDOWS\system32\rsaenh.dll
0x00007ffc36480000 - 0x00007ffc364ae000 	C:\WINDOWS\SYSTEM32\USERENV.dll
0x00007ffc35ee0000 - 0x00007ffc35eec000 	C:\WINDOWS\SYSTEM32\CRYPTBASE.dll
0x00007ffc359d0000 - 0x00007ffc35a0b000 	C:\WINDOWS\SYSTEM32\IPHLPAPI.DLL
0x00007ffc37e80000 - 0x00007ffc37e88000 	C:\WINDOWS\System32\NSI.dll
0x00007ffc29580000 - 0x00007ffc29597000 	C:\WINDOWS\SYSTEM32\dhcpcsvc6.DLL
0x00007ffc2a680000 - 0x00007ffc2a69d000 	C:\WINDOWS\SYSTEM32\dhcpcsvc.DLL
0x00007ffc35a10000 - 0x00007ffc35ada000 	C:\WINDOWS\SYSTEM32\DNSAPI.dll
0x00007ffc17930000 - 0x00007ffc1793e000 	C:\Program Files\Java\jdk-17\bin\sunmscapi.dll
0x00007ffc36ab0000 - 0x00007ffc36c0e000 	C:\WINDOWS\System32\CRYPT32.dll
0x00007ffc36000000 - 0x00007ffc36029000 	C:\WINDOWS\SYSTEM32\ncrypt.dll
0x00007ffc35fc0000 - 0x00007ffc35ffb000 	C:\WINDOWS\SYSTEM32\NTASN1.dll
0x00007ffc19010000 - 0x00007ffc19017000 	C:\WINDOWS\system32\wshunix.dll
0x00007ffc23d20000 - 0x00007ffc23d37000 	C:\WINDOWS\system32\napinsp.dll
0x00007ffc23d40000 - 0x00007ffc23d5b000 	C:\WINDOWS\system32\pnrpnsp.dll
0x00007ffc2f0e0000 - 0x00007ffc2f0f5000 	C:\WINDOWS\system32\wshbth.dll
0x00007ffc2c230000 - 0x00007ffc2c24d000 	C:\WINDOWS\system32\NLAapi.dll
0x00007ffc2c310000 - 0x00007ffc2c322000 	C:\WINDOWS\System32\winrnr.dll
0x00007ffc20bd0000 - 0x00007ffc20bda000 	C:\Windows\System32\rasadhlp.dll
0x00007ffc224e0000 - 0x00007ffc22560000 	C:\WINDOWS\System32\fwpuclnt.dll

dbghelp: loaded successfully - version: 4.0.5 - missing functions: none
symbol engine: initialized successfully - sym options: 0x614 - pdb path: .;C:\Program Files\Java\jdk-17\bin;C:\WINDOWS\SYSTEM32;C:\WINDOWS\WinSxS\amd64_microsoft.windows.common-controls_6595b64144ccf1df_6.0.19041.4355_none_60b8b9eb71f62e16;C:\Program Files\Java\jdk-17\bin\server;C:\Users\Ghousia computer\.gradle\native\c067742578af261105cb4f569cf0c3c89f3d7b1fecec35dd04571415982c5e48\windows-amd64;C:\Users\Ghousia computer\.gradle\native\38dada09dfb8b06ba9b0570ebf7e218e3eb74d4ef43ca46872605cf95ebc2f47\windows-amd64

VM Arguments:
jvm_args: -XX:MaxMetaspaceSize=1024m -XX:+HeapDumpOnOutOfMemoryError --add-opens=java.base/java.util=ALL-UNNAMED --add-opens=java.base/java.lang=ALL-UNNAMED --add-opens=java.base/java.lang.invoke=ALL-UNNAMED --add-opens=java.prefs/java.util.prefs=ALL-UNNAMED --add-opens=java.base/java.nio.charset=ALL-UNNAMED --add-opens=java.base/java.net=ALL-UNNAMED --add-opens=java.base/java.util.concurrent.atomic=ALL-UNNAMED -Xmx4096m -Dfile.encoding=UTF-8 -Duser.country=US -Duser.language=en -Duser.variant -javaagent:C:\Users\Ghousia computer\.gradle\wrapper\dists\gradle-8.6-all\3mbtmo166bl6vumsh5k2lkq5h\gradle-8.6\lib\agents\gradle-instrumentation-agent-8.6.jar 
java_command: org.gradle.launcher.daemon.bootstrap.GradleDaemon 8.6
java_class_path (initial): C:\Users\Ghousia computer\.gradle\wrapper\dists\gradle-8.6-all\3mbtmo166bl6vumsh5k2lkq5h\gradle-8.6\lib\gradle-launcher-8.6.jar
Launcher Type: SUN_STANDARD

[Global flags]
     intx CICompilerCount                          = 3                                         {product} {ergonomic}
   size_t CompressedClassSpaceSize                 = 872415232                                 {product} {ergonomic}
     uint ConcGCThreads                            = 1                                         {product} {ergonomic}
     uint G1ConcRefinementThreads                  = 4                                         {product} {ergonomic}
   size_t G1HeapRegionSize                         = 2097152                                   {product} {ergonomic}
    uintx GCDrainStackTargetSize                   = 64                                        {product} {ergonomic}
     bool HeapDumpOnOutOfMemoryError               = true                                   {manageable} {command line}
   size_t InitialHeapSize                          = 65011712                                  {product} {ergonomic}
   size_t MarkStackSize                            = 4194304                                   {product} {ergonomic}
   size_t MaxHeapSize                              = 4294967296                                {product} {command line}
   size_t MaxMetaspaceSize                         = 1073741824                                {product} {command line}
   size_t MaxNewSize                               = 2575302656                                {product} {ergonomic}
   size_t MinHeapDeltaBytes                        = 2097152                                   {product} {ergonomic}
   size_t MinHeapSize                              = 8388608                                   {product} {ergonomic}
    uintx NonNMethodCodeHeapSize                   = 5832780                                {pd product} {ergonomic}
    uintx NonProfiledCodeHeapSize                  = 122912730                              {pd product} {ergonomic}
    uintx ProfiledCodeHeapSize                     = 122912730                              {pd product} {ergonomic}
    uintx ReservedCodeCacheSize                    = 251658240                              {pd product} {ergonomic}
     bool SegmentedCodeCache                       = true                                      {product} {ergonomic}
   size_t SoftMaxHeapSize                          = 4294967296                             {manageable} {ergonomic}
     bool UseCompressedClassPointers               = true                           {product lp64_product} {ergonomic}
     bool UseCompressedOops                        = true                           {product lp64_product} {ergonomic}
     bool UseG1GC                                  = true                                      {product} {ergonomic}
     bool UseLargePagesIndividualAllocation        = false                                  {pd product} {ergonomic}

Logging:
Log output configuration:
 #0: stdout all=warning uptime,level,tags
 #1: stderr all=off uptime,level,tags

Environment Variables:
CLASSPATH=G:\NativeProject\android\\gradle\wrapper\gradle-wrapper.jar
PATH=C:\Program Files\Common Files\Oracle\Java\javapath;C:\WINDOWS\system32;C:\WINDOWS;C:\WINDOWS\System32\Wbem;C:\WINDOWS\System32\WindowsPowerShell\v1.0\;C:\WINDOWS\System32\OpenSSH\;C:\Program Files\nodejs\;C:\Program Files\Git\cmd;C:\ProgramData\chocolatey\bin;C:\Program Files\MySQL\MySQL Shell 8.0\bin\;C:\Users\Ghousia computer\AppData\Local\Microsoft\WindowsApps;C:\Users\Ghousia computer\AppData\Local\Programs\Microsoft VS Code\bin;C:\Users\Ghousia computer\AppData\Roaming\npm;C:\Program Files\Java\jdk-17\bin;C:\Program Files\Android\Android Studio\bin;
USERNAME=Ghousia computer
LANG=en_US.UTF-8
OS=Windows_NT
PROCESSOR_IDENTIFIER=Intel64 Family 6 Model 142 Stepping 10, GenuineIntel



---------------  S Y S T E M  ---------------

OS:
 Windows 10 , 64 bit Build 19041 (10.0.19041.4597)
OS uptime: 1 days 5:17 hours

CPU: total 4 (initial active 4) (2 cores per cpu, 2 threads per core) family 6 model 142 stepping 10 microcode 0xf4, cx8, cmov, fxsr, ht, mmx, 3dnowpref, sse, sse2, sse3, ssse3, sse4.1, sse4.2, popcnt, lzcnt, tsc, tscinvbit, avx, avx2, aes, erms, clmul, bmi1, bmi2, adx, fma, vzeroupper, clflush, clflushopt

Memory: 4k page, system-wide physical 3939M (177M free)
TotalPageFile size 12780M (AvailPageFile size 0M)
current process WorkingSet (physical memory assigned to process): 273M, peak: 439M
current process commit charge ("private bytes"): 924M, peak: 924M

vm_info: Java HotSpot(TM) 64-Bit Server VM (17.0.11+7-LTS-207) for windows-amd64 JRE (17.0.11+7-LTS-207), built on Mar 11 2024 19:01:50 by "mach5one" with MS VC++ 17.6 (VS2022)

END.
