#
# There is insufficient memory for the Java Runtime Environment to continue.
# Native memory allocation (malloc) failed to allocate 115376 bytes for Chunk::new
# Possible reasons:
#   The system is out of physical RAM or swap space
#   The process is running with CompressedOops enabled, and the Java Heap may be blocking the growth of the native heap
# Possible solutions:
#   Reduce memory load on the system
#   Increase physical memory or swap space
#   Check if swap backing store is full
#   Decrease Java heap size (-Xmx/-Xms)
#   Decrease number of Java threads
#   Decrease Java thread stack sizes (-Xss)
#   Set larger code cache with -XX:ReservedCodeCacheSize=
#   JVM is running with Unscaled Compressed Oops mode in which the Java heap is
#     placed in the first 4GB address space. The Java Heap base address is the
#     maximum limit for the native heap growth. Please use -XX:HeapBaseMinAddress
#     to set the Java Heap base and to place the Java Heap above 4GB virtual address.
# This output file may be truncated or incomplete.
#
#  Out of Memory Error (arena.cpp:189), pid=8240, tid=11500
#
# JRE version: Java(TM) SE Runtime Environment (17.0.11+7) (build 17.0.11+7-LTS-207)
# Java VM: Java HotSpot(TM) 64-Bit Server VM (17.0.11+7-LTS-207, mixed mode, sharing, tiered, compressed oops, compressed class ptrs, g1 gc, windows-amd64)
# No core dump will be written. Minidumps are not enabled by default on client versions of Windows
#

---------------  S U M M A R Y ------------

Command Line: -Xmx64m -Xms64m -Dorg.gradle.appname=gradlew org.gradle.wrapper.GradleWrapperMain app:installDebug -PreactNativeDevServerPort=8081

Host: Intel(R) Core(TM) i3-5010U CPU @ 2.10GHz, 4 cores, 3G,  Windows 10 , 64 bit Build 19041 (10.0.19041.3636)
Time: Mon Jul  8 04:48:28 2024 Pacific Daylight Time elapsed time: 65.830875 seconds (0d 0h 1m 5s)

---------------  T H R E A D  ---------------

Current thread (0x0000020aa3984570):  JavaThread "C2 CompilerThread0" daemon [_thread_in_native, id=11500, stack(0x000000909e700000,0x000000909e800000)]


Current CompileTask:
C2:  65831 1535       4       org.gradle.internal.logging.text.AbstractLineChoppingStyledTextOutput$1::execute (9 bytes)

Stack: [0x000000909e700000,0x000000909e800000]
Native frames: (J=compiled Java code, j=interpreted, Vv=VM code, C=native code)
V  [jvm.dll+0x679cca]
V  [jvm.dll+0x7da13d]
V  [jvm.dll+0x7dba83]
V  [jvm.dll+0x7dc0f3]
V  [jvm.dll+0x2449af]
V  [jvm.dll+0xab83b]
V  [jvm.dll+0xabe1c]
V  [jvm.dll+0x36155f]
V  [jvm.dll+0x32bd61]
V  [jvm.dll+0x32b1fa]
V  [jvm.dll+0x2161df]
V  [jvm.dll+0x21560f]
V  [jvm.dll+0x1a2040]
V  [jvm.dll+0x225a2b]
V  [jvm.dll+0x223bcb]
V  [jvm.dll+0x7903ec]
V  [jvm.dll+0x78a85a]
V  [jvm.dll+0x678bb5]
C  [ucrtbase.dll+0x21bb2]
C  [KERNEL32.DLL+0x17344]
C  [ntdll.dll+0x4cc91]


---------------  P R O C E S S  ---------------

Threads class SMR info:
_java_thread_list=0x0000020ae92e0c40, length=14, elements={
0x0000020a88ad87e0, 0x0000020a88baaa60, 0x0000020a88bab8e0, 0x0000020aa397f520,
0x0000020aa39800e0, 0x0000020aa3982ab0, 0x0000020aa3983470, 0x0000020aa3984570,
0x0000020aa3987440, 0x0000020aa39f7ca0, 0x0000020aa3a8dcc0, 0x0000020aa3bae0b0,
0x0000020ae96ea580, 0x0000020ae98a6f70
}

Java Threads: ( => current thread )
  0x0000020a88ad87e0 JavaThread "main" [_thread_in_Java, id=11756, stack(0x000000909da00000,0x000000909db00000)]
  0x0000020a88baaa60 JavaThread "Reference Handler" daemon [_thread_blocked, id=13100, stack(0x000000909e100000,0x000000909e200000)]
  0x0000020a88bab8e0 JavaThread "Finalizer" daemon [_thread_blocked, id=10548, stack(0x000000909e200000,0x000000909e300000)]
  0x0000020aa397f520 JavaThread "Signal Dispatcher" daemon [_thread_blocked, id=13752, stack(0x000000909e300000,0x000000909e400000)]
  0x0000020aa39800e0 JavaThread "Attach Listener" daemon [_thread_blocked, id=9256, stack(0x000000909e400000,0x000000909e500000)]
  0x0000020aa3982ab0 JavaThread "Service Thread" daemon [_thread_blocked, id=12432, stack(0x000000909e500000,0x000000909e600000)]
  0x0000020aa3983470 JavaThread "Monitor Deflation Thread" daemon [_thread_blocked, id=12720, stack(0x000000909e600000,0x000000909e700000)]
=>0x0000020aa3984570 JavaThread "C2 CompilerThread0" daemon [_thread_in_native, id=11500, stack(0x000000909e700000,0x000000909e800000)]
  0x0000020aa3987440 JavaThread "C1 CompilerThread0" daemon [_thread_blocked, id=12468, stack(0x000000909e800000,0x000000909e900000)]
  0x0000020aa39f7ca0 JavaThread "Sweeper thread" daemon [_thread_blocked, id=11584, stack(0x000000909e900000,0x000000909ea00000)]
  0x0000020aa3a8dcc0 JavaThread "Notification Thread" daemon [_thread_blocked, id=12124, stack(0x000000909ea00000,0x000000909eb00000)]
  0x0000020aa3bae0b0 JavaThread "Common-Cleaner" daemon [_thread_blocked, id=8692, stack(0x000000909ec00000,0x000000909ed00000)]
  0x0000020ae96ea580 JavaThread "pool-1-thread-1" [_thread_blocked, id=11068, stack(0x000000909f000000,0x000000909f100000)]
  0x0000020ae98a6f70 JavaThread "DisconnectableInputStream source reader" daemon [_thread_in_native, id=15460, stack(0x000000909d900000,0x000000909da00000)]

Other Threads:
  0x0000020a88ba2de0 VMThread "VM Thread" [stack: 0x000000909e000000,0x000000909e100000] [id=8296]
  0x0000020aa3a8e940 WatcherThread [stack: 0x000000909eb00000,0x000000909ec00000] [id=15900]
  0x0000020a88af8560 GCTaskThread "GC Thread#0" [stack: 0x000000909db00000,0x000000909dc00000] [id=14784]
  0x0000020aa3daaaf0 GCTaskThread "GC Thread#1" [stack: 0x000000909ed00000,0x000000909ee00000] [id=13780]
  0x0000020aa3f672c0 GCTaskThread "GC Thread#2" [stack: 0x000000909ee00000,0x000000909ef00000] [id=5832]
  0x0000020aa3f67580 GCTaskThread "GC Thread#3" [stack: 0x000000909ef00000,0x000000909f000000] [id=10692]
  0x0000020a88af9cb0 ConcurrentGCThread "G1 Main Marker" [stack: 0x000000909dc00000,0x000000909dd00000] [id=15216]
  0x0000020a88afa6c0 ConcurrentGCThread "G1 Conc#0" [stack: 0x000000909dd00000,0x000000909de00000] [id=8772]
  0x0000020a88b46120 ConcurrentGCThread "G1 Refine#0" [stack: 0x000000909de00000,0x000000909df00000] [id=15324]
  0x0000020a88b46b50 ConcurrentGCThread "G1 Service" [stack: 0x000000909df00000,0x000000909e000000] [id=14980]

Threads with active compile tasks:
C2 CompilerThread0    65968 1535       4       org.gradle.internal.logging.text.AbstractLineChoppingStyledTextOutput$1::execute (9 bytes)

VM state: not at safepoint (normal execution)

VM Mutex/Monitor currently owned by a thread: None

Heap address: 0x00000000fc000000, size: 64 MB, Compressed Oops mode: 32-bit

CDS archive(s) mapped at: [0x0000020aa4000000-0x0000020aa4bd0000-0x0000020aa4bd0000), size 12386304, SharedBaseAddress: 0x0000020aa4000000, ArchiveRelocationMode: 1.
Compressed class space mapped at: 0x0000020aa5000000-0x0000020ae5000000, reserved size: 1073741824
Narrow klass base: 0x0000020aa4000000, Narrow klass shift: 0, Narrow klass range: 0x100000000

GC Precious Log:
 CPUs: 4 total, 4 available
 Memory: 3984M
 Large Page Support: Disabled
 NUMA Support: Disabled
 Compressed Oops: Enabled (32-bit)
 Heap Region Size: 1M
 Heap Min Capacity: 64M
 Heap Initial Capacity: 64M
 Heap Max Capacity: 64M
 Pre-touch: Disabled
 Parallel Workers: 4
 Concurrent Workers: 1
 Concurrent Refinement Workers: 4
 Periodic GC: Disabled

Heap:
 garbage-first heap   total 65536K, used 28297K [0x00000000fc000000, 0x0000000100000000)
  region size 1024K, 21 young (21504K), 3 survivors (3072K)
 Metaspace       used 9443K, committed 9664K, reserved 1114112K
  class space    used 1252K, committed 1344K, reserved 1048576K

Heap Regions: E=young(eden), S=young(survivor), O=old, HS=humongous(starts), HC=humongous(continues), CS=collection set, F=free, OA=open archive, CA=closed archive, TAMS=top-at-mark-start (previous, next)
|   0|0x00000000fc000000, 0x00000000fc100000, 0x00000000fc100000|100%| O|  |TAMS 0x00000000fc000000, 0x00000000fc000000| Untracked 
|   1|0x00000000fc100000, 0x00000000fc200000, 0x00000000fc200000|100%|HS|  |TAMS 0x00000000fc100000, 0x00000000fc100000| Complete 
|   2|0x00000000fc200000, 0x00000000fc300000, 0x00000000fc300000|100%|HC|  |TAMS 0x00000000fc200000, 0x00000000fc200000| Complete 
|   3|0x00000000fc300000, 0x00000000fc400000, 0x00000000fc400000|100%|HC|  |TAMS 0x00000000fc300000, 0x00000000fc300000| Complete 
|   4|0x00000000fc400000, 0x00000000fc500000, 0x00000000fc500000|100%|HC|  |TAMS 0x00000000fc400000, 0x00000000fc400000| Complete 
|   5|0x00000000fc500000, 0x00000000fc600000, 0x00000000fc600000|100%| O|  |TAMS 0x00000000fc500000, 0x00000000fc500000| Untracked 
|   6|0x00000000fc600000, 0x00000000fc700000, 0x00000000fc700000|100%| O|  |TAMS 0x00000000fc600000, 0x00000000fc600000| Untracked 
|   7|0x00000000fc700000, 0x00000000fc7a2400, 0x00000000fc800000| 63%| O|  |TAMS 0x00000000fc700000, 0x00000000fc700000| Untracked 
|   8|0x00000000fc800000, 0x00000000fc800000, 0x00000000fc900000|  0%| F|  |TAMS 0x00000000fc800000, 0x00000000fc800000| Untracked 
|   9|0x00000000fc900000, 0x00000000fc900000, 0x00000000fca00000|  0%| F|  |TAMS 0x00000000fc900000, 0x00000000fc900000| Untracked 
|  10|0x00000000fca00000, 0x00000000fca00000, 0x00000000fcb00000|  0%| F|  |TAMS 0x00000000fca00000, 0x00000000fca00000| Untracked 
|  11|0x00000000fcb00000, 0x00000000fcb00000, 0x00000000fcc00000|  0%| F|  |TAMS 0x00000000fcb00000, 0x00000000fcb00000| Untracked 
|  12|0x00000000fcc00000, 0x00000000fcc00000, 0x00000000fcd00000|  0%| F|  |TAMS 0x00000000fcc00000, 0x00000000fcc00000| Untracked 
|  13|0x00000000fcd00000, 0x00000000fcd00000, 0x00000000fce00000|  0%| F|  |TAMS 0x00000000fcd00000, 0x00000000fcd00000| Untracked 
|  14|0x00000000fce00000, 0x00000000fce00000, 0x00000000fcf00000|  0%| F|  |TAMS 0x00000000fce00000, 0x00000000fce00000| Untracked 
|  15|0x00000000fcf00000, 0x00000000fcf00000, 0x00000000fd000000|  0%| F|  |TAMS 0x00000000fcf00000, 0x00000000fcf00000| Untracked 
|  16|0x00000000fd000000, 0x00000000fd000000, 0x00000000fd100000|  0%| F|  |TAMS 0x00000000fd000000, 0x00000000fd000000| Untracked 
|  17|0x00000000fd100000, 0x00000000fd100000, 0x00000000fd200000|  0%| F|  |TAMS 0x00000000fd100000, 0x00000000fd100000| Untracked 
|  18|0x00000000fd200000, 0x00000000fd200000, 0x00000000fd300000|  0%| F|  |TAMS 0x00000000fd200000, 0x00000000fd200000| Untracked 
|  19|0x00000000fd300000, 0x00000000fd300000, 0x00000000fd400000|  0%| F|  |TAMS 0x00000000fd300000, 0x00000000fd300000| Untracked 
|  20|0x00000000fd400000, 0x00000000fd400000, 0x00000000fd500000|  0%| F|  |TAMS 0x00000000fd400000, 0x00000000fd400000| Untracked 
|  21|0x00000000fd500000, 0x00000000fd500000, 0x00000000fd600000|  0%| F|  |TAMS 0x00000000fd500000, 0x00000000fd500000| Untracked 
|  22|0x00000000fd600000, 0x00000000fd600000, 0x00000000fd700000|  0%| F|  |TAMS 0x00000000fd600000, 0x00000000fd600000| Untracked 
|  23|0x00000000fd700000, 0x00000000fd700000, 0x00000000fd800000|  0%| F|  |TAMS 0x00000000fd700000, 0x00000000fd700000| Untracked 
|  24|0x00000000fd800000, 0x00000000fd800000, 0x00000000fd900000|  0%| F|  |TAMS 0x00000000fd800000, 0x00000000fd800000| Untracked 
|  25|0x00000000fd900000, 0x00000000fd900000, 0x00000000fda00000|  0%| F|  |TAMS 0x00000000fd900000, 0x00000000fd900000| Untracked 
|  26|0x00000000fda00000, 0x00000000fda00000, 0x00000000fdb00000|  0%| F|  |TAMS 0x00000000fda00000, 0x00000000fda00000| Untracked 
|  27|0x00000000fdb00000, 0x00000000fdb00000, 0x00000000fdc00000|  0%| F|  |TAMS 0x00000000fdb00000, 0x00000000fdb00000| Untracked 
|  28|0x00000000fdc00000, 0x00000000fdc00000, 0x00000000fdd00000|  0%| F|  |TAMS 0x00000000fdc00000, 0x00000000fdc00000| Untracked 
|  29|0x00000000fdd00000, 0x00000000fdd00000, 0x00000000fde00000|  0%| F|  |TAMS 0x00000000fdd00000, 0x00000000fdd00000| Untracked 
|  30|0x00000000fde00000, 0x00000000fde00000, 0x00000000fdf00000|  0%| F|  |TAMS 0x00000000fde00000, 0x00000000fde00000| Untracked 
|  31|0x00000000fdf00000, 0x00000000fdf00000, 0x00000000fe000000|  0%| F|  |TAMS 0x00000000fdf00000, 0x00000000fdf00000| Untracked 
|  32|0x00000000fe000000, 0x00000000fe000000, 0x00000000fe100000|  0%| F|  |TAMS 0x00000000fe000000, 0x00000000fe000000| Untracked 
|  33|0x00000000fe100000, 0x00000000fe100000, 0x00000000fe200000|  0%| F|  |TAMS 0x00000000fe100000, 0x00000000fe100000| Untracked 
|  34|0x00000000fe200000, 0x00000000fe200000, 0x00000000fe300000|  0%| F|  |TAMS 0x00000000fe200000, 0x00000000fe200000| Untracked 
|  35|0x00000000fe300000, 0x00000000fe300000, 0x00000000fe400000|  0%| F|  |TAMS 0x00000000fe300000, 0x00000000fe300000| Untracked 
|  36|0x00000000fe400000, 0x00000000fe400000, 0x00000000fe500000|  0%| F|  |TAMS 0x00000000fe400000, 0x00000000fe400000| Untracked 
|  37|0x00000000fe500000, 0x00000000fe500000, 0x00000000fe600000|  0%| F|  |TAMS 0x00000000fe500000, 0x00000000fe500000| Untracked 
|  38|0x00000000fe600000, 0x00000000fe600000, 0x00000000fe700000|  0%| F|  |TAMS 0x00000000fe600000, 0x00000000fe600000| Untracked 
|  39|0x00000000fe700000, 0x00000000fe700000, 0x00000000fe800000|  0%| F|  |TAMS 0x00000000fe700000, 0x00000000fe700000| Untracked 
|  40|0x00000000fe800000, 0x00000000fe800000, 0x00000000fe900000|  0%| F|  |TAMS 0x00000000fe800000, 0x00000000fe800000| Untracked 
|  41|0x00000000fe900000, 0x00000000fe900000, 0x00000000fea00000|  0%| F|  |TAMS 0x00000000fe900000, 0x00000000fe900000| Untracked 
|  42|0x00000000fea00000, 0x00000000fea00000, 0x00000000feb00000|  0%| F|  |TAMS 0x00000000fea00000, 0x00000000fea00000| Untracked 
|  43|0x00000000feb00000, 0x00000000febca7e0, 0x00000000fec00000| 79%| E|  |TAMS 0x00000000feb00000, 0x00000000feb00000| Complete 
|  44|0x00000000fec00000, 0x00000000fed00000, 0x00000000fed00000|100%| S|CS|TAMS 0x00000000fec00000, 0x00000000fec00000| Complete 
|  45|0x00000000fed00000, 0x00000000fee00000, 0x00000000fee00000|100%| S|CS|TAMS 0x00000000fed00000, 0x00000000fed00000| Complete 
|  46|0x00000000fee00000, 0x00000000fef00000, 0x00000000fef00000|100%| S|CS|TAMS 0x00000000fee00000, 0x00000000fee00000| Complete 
|  47|0x00000000fef00000, 0x00000000ff000000, 0x00000000ff000000|100%| E|CS|TAMS 0x00000000fef00000, 0x00000000fef00000| Complete 
|  48|0x00000000ff000000, 0x00000000ff100000, 0x00000000ff100000|100%| E|CS|TAMS 0x00000000ff000000, 0x00000000ff000000| Complete 
|  49|0x00000000ff100000, 0x00000000ff200000, 0x00000000ff200000|100%| E|CS|TAMS 0x00000000ff100000, 0x00000000ff100000| Complete 
|  50|0x00000000ff200000, 0x00000000ff300000, 0x00000000ff300000|100%| E|CS|TAMS 0x00000000ff200000, 0x00000000ff200000| Complete 
|  51|0x00000000ff300000, 0x00000000ff400000, 0x00000000ff400000|100%| E|CS|TAMS 0x00000000ff300000, 0x00000000ff300000| Complete 
|  52|0x00000000ff400000, 0x00000000ff500000, 0x00000000ff500000|100%| E|CS|TAMS 0x00000000ff400000, 0x00000000ff400000| Complete 
|  53|0x00000000ff500000, 0x00000000ff600000, 0x00000000ff600000|100%| E|CS|TAMS 0x00000000ff500000, 0x00000000ff500000| Complete 
|  54|0x00000000ff600000, 0x00000000ff700000, 0x00000000ff700000|100%| E|CS|TAMS 0x00000000ff600000, 0x00000000ff600000| Complete 
|  55|0x00000000ff700000, 0x00000000ff800000, 0x00000000ff800000|100%| E|CS|TAMS 0x00000000ff700000, 0x00000000ff700000| Complete 
|  56|0x00000000ff800000, 0x00000000ff900000, 0x00000000ff900000|100%| E|CS|TAMS 0x00000000ff800000, 0x00000000ff800000| Complete 
|  57|0x00000000ff900000, 0x00000000ffa00000, 0x00000000ffa00000|100%| E|CS|TAMS 0x00000000ff900000, 0x00000000ff900000| Complete 
|  58|0x00000000ffa00000, 0x00000000ffb00000, 0x00000000ffb00000|100%| E|CS|TAMS 0x00000000ffa00000, 0x00000000ffa00000| Complete 
|  59|0x00000000ffb00000, 0x00000000ffc00000, 0x00000000ffc00000|100%| E|CS|TAMS 0x00000000ffb00000, 0x00000000ffb00000| Complete 
|  60|0x00000000ffc00000, 0x00000000ffd00000, 0x00000000ffd00000|100%| E|CS|TAMS 0x00000000ffc00000, 0x00000000ffc00000| Complete 
|  61|0x00000000ffd00000, 0x00000000ffe00000, 0x00000000ffe00000|100%| E|CS|TAMS 0x00000000ffd00000, 0x00000000ffd00000| Complete 
|  62|0x00000000ffe00000, 0x00000000fff00000, 0x00000000fff00000|100%| E|CS|TAMS 0x00000000ffe00000, 0x00000000ffe00000| Complete 
|  63|0x00000000fff00000, 0x0000000100000000, 0x0000000100000000|100%| E|CS|TAMS 0x00000000fff00000, 0x00000000fff00000| Complete 

Card table byte_map: [0x0000020a88be0000,0x0000020a88c00000] _byte_map_base: 0x0000020a88400000

Marking Bits (Prev, Next): (CMBitMap*) 0x0000020a88af8b80, (CMBitMap*) 0x0000020a88af8bc0
 Prev Bits: [0x0000020aa1200000, 0x0000020aa1300000)
 Next Bits: [0x0000020aa1300000, 0x0000020aa1400000)

Polling page: 0x0000020a88990000

Metaspace:

Usage:
  Non-class:      8.00 MB used.
      Class:      1.22 MB used.
       Both:      9.22 MB used.

Virtual space:
  Non-class space:       64.00 MB reserved,       8.12 MB ( 13%) committed,  1 nodes.
      Class space:        1.00 GB reserved,       1.31 MB ( <1%) committed,  1 nodes.
             Both:        1.06 GB reserved,       9.44 MB ( <1%) committed. 

Chunk freelists:
   Non-Class:  7.70 MB
       Class:  14.58 MB
        Both:  22.28 MB

MaxMetaspaceSize: unlimited
CompressedClassSpaceSize: 1.00 GB
Initial GC threshold: 21.00 MB
Current GC threshold: 21.00 MB
CDS: on
MetaspaceReclaimPolicy: balanced
 - commit_granule_bytes: 65536.
 - commit_granule_words: 8192.
 - virtual_space_node_default_size: 8388608.
 - enlarge_chunks_in_place: 1.
 - new_chunks_are_fully_committed: 0.
 - uncommit_free_chunks: 1.
 - use_allocation_guard: 0.
 - handle_deallocations: 1.


Internal statistics:

num_allocs_failed_limit: 0.
num_arena_births: 92.
num_arena_deaths: 0.
num_vsnodes_births: 2.
num_vsnodes_deaths: 0.
num_space_committed: 151.
num_space_uncommitted: 0.
num_chunks_returned_to_freelist: 0.
num_chunks_taken_from_freelist: 343.
num_chunk_merges: 0.
num_chunk_splits: 235.
num_chunks_enlarged: 195.
num_inconsistent_stats: 0.

CodeHeap 'non-profiled nmethods': size=120000Kb used=604Kb max_used=604Kb free=119395Kb
 bounds [0x0000020a996a0000, 0x0000020a99910000, 0x0000020aa0bd0000]
CodeHeap 'profiled nmethods': size=120000Kb used=2976Kb max_used=2976Kb free=117023Kb
 bounds [0x0000020a91bd0000, 0x0000020a91ec0000, 0x0000020a99100000]
CodeHeap 'non-nmethods': size=5760Kb used=1176Kb max_used=1195Kb free=4583Kb
 bounds [0x0000020a99100000, 0x0000020a99370000, 0x0000020a996a0000]
 total_blobs=2010 nmethods=1535 adapters=388
 compilation: enabled
              stopped_count=0, restarted_count=0
 full_count=0

Compilation events (20 events):
Event: 65.744 Thread 0x0000020aa3987440 nmethod 1526 0x0000020a91eb3890 code [0x0000020a91eb3a20, 0x0000020a91eb3b98]
Event: 65.744 Thread 0x0000020aa3987440 1527       3       org.gradle.internal.logging.text.AbstractLineChoppingStyledTextOutput$SeenFromEol::none (13 bytes)
Event: 65.744 Thread 0x0000020aa3987440 nmethod 1527 0x0000020a91eb3c90 code [0x0000020a91eb3e20, 0x0000020a91eb3f98]
Event: 65.744 Thread 0x0000020aa3987440 1525       3       org.gradle.internal.logging.text.AbstractLineChoppingStyledTextOutput$1::execute (140 bytes)
Event: 65.750 Thread 0x0000020aa3987440 nmethod 1525 0x0000020a91eb4010 code [0x0000020a91eb4360, 0x0000020a91eb5698]
Event: 65.750 Thread 0x0000020aa3987440 1528       3       org.gradle.internal.logging.text.AbstractLineChoppingStyledTextOutput::access$800 (4 bytes)
Event: 65.751 Thread 0x0000020aa3987440 nmethod 1528 0x0000020a91eb5e90 code [0x0000020a91eb6020, 0x0000020a91eb6118]
Event: 65.751 Thread 0x0000020aa3987440 1529       3       org.gradle.internal.logging.text.AbstractLineChoppingStyledTextOutput$2::execute (9 bytes)
Event: 65.751 Thread 0x0000020aa3987440 nmethod 1529 0x0000020a91eb6190 code [0x0000020a91eb6340, 0x0000020a91eb6568]
Event: 65.751 Thread 0x0000020aa3987440 1530       3       org.gradle.internal.logging.text.AbstractLineChoppingStyledTextOutput$2::execute (77 bytes)
Event: 65.755 Thread 0x0000020aa3987440 nmethod 1530 0x0000020a91eb6610 code [0x0000020a91eb68c0, 0x0000020a91eb7588]
Event: 65.755 Thread 0x0000020aa3987440 1531       3       org.gradle.internal.logging.text.AbstractLineChoppingStyledTextOutput::access$900 (4 bytes)
Event: 65.755 Thread 0x0000020aa3987440 nmethod 1531 0x0000020a91eb7b10 code [0x0000020a91eb7ca0, 0x0000020a91eb7d98]
Event: 65.755 Thread 0x0000020aa3984570 1533       4       org.gradle.internal.logging.text.AbstractLineChoppingStyledTextOutput$StateContext::isCurrentCharEquals (70 bytes)
Event: 65.755 Thread 0x0000020aa3987440 1532       3       org.gradle.internal.logging.text.AbstractLineChoppingStyledTextOutput$StateContext::next (11 bytes)
Event: 65.756 Thread 0x0000020aa3987440 nmethod 1532 0x0000020a91eb7e10 code [0x0000020a91eb7fa0, 0x0000020a91eb80b8]
Event: 65.763 Thread 0x0000020aa3984570 nmethod 1533 0x0000020a99736890 code [0x0000020a99736a20, 0x0000020a99736b68]
Event: 65.794 Thread 0x0000020aa3984570 1534       4       org.gradle.internal.logging.text.AbstractLineChoppingStyledTextOutput$StateContext::hasChar (25 bytes)
Event: 65.797 Thread 0x0000020aa3984570 nmethod 1534 0x0000020a99736d10 code [0x0000020a99736e80, 0x0000020a99736f38]
Event: 65.797 Thread 0x0000020aa3984570 1535       4       org.gradle.internal.logging.text.AbstractLineChoppingStyledTextOutput$1::execute (9 bytes)

GC Heap History (4 events):
Event: 5.278 GC heap before
{Heap before GC invocations=0 (full 0):
 garbage-first heap   total 65536K, used 12288K [0x00000000fc000000, 0x0000000100000000)
  region size 1024K, 13 young (13312K), 0 survivors (0K)
 Metaspace       used 1828K, committed 1920K, reserved 1114112K
  class space    used 165K, committed 192K, reserved 1048576K
}
Event: 5.382 GC heap after
{Heap after GC invocations=1 (full 0):
 garbage-first heap   total 65536K, used 2680K [0x00000000fc000000, 0x0000000100000000)
  region size 1024K, 2 young (2048K), 2 survivors (2048K)
 Metaspace       used 1828K, committed 1920K, reserved 1114112K
  class space    used 165K, committed 192K, reserved 1048576K
}
Event: 11.608 GC heap before
{Heap before GC invocations=1 (full 0):
 garbage-first heap   total 65536K, used 22136K [0x00000000fc000000, 0x0000000100000000)
  region size 1024K, 17 young (17408K), 2 survivors (2048K)
 Metaspace       used 4902K, committed 5120K, reserved 1114112K
  class space    used 646K, committed 768K, reserved 1048576K
}
Event: 11.621 GC heap after
{Heap after GC invocations=2 (full 0):
 garbage-first heap   total 65536K, used 10889K [0x00000000fc000000, 0x0000000100000000)
  region size 1024K, 3 young (3072K), 3 survivors (3072K)
 Metaspace       used 4902K, committed 5120K, reserved 1114112K
  class space    used 646K, committed 768K, reserved 1048576K
}

Deoptimization events (20 events):
Event: 59.458 Thread 0x0000020ae96b9540 Uncommon trap: trap_request=0xffffff45 fr.pc=0x0000020a996ae780 relative=0x0000000000000080
Event: 59.458 Thread 0x0000020ae96b9540 Uncommon trap: reason=unstable_if action=reinterpret pc=0x0000020a996ae780 method=java.lang.String.codePointAt(I)I @ 4 c2
Event: 59.458 Thread 0x0000020ae96b9540 DEOPT PACKING pc=0x0000020a996ae780 sp=0x000000909f1fec30
Event: 59.458 Thread 0x0000020ae96b9540 DEOPT UNPACKING pc=0x0000020a991523a3 sp=0x000000909f1febc8 mode 2
Event: 59.471 Thread 0x0000020ae96ba360 Uncommon trap: trap_request=0xffffffde fr.pc=0x0000020a99703454 relative=0x0000000000001094
Event: 59.471 Thread 0x0000020ae96ba360 Uncommon trap: reason=class_check action=maybe_recompile pc=0x0000020a99703454 method=java.util.concurrent.ConcurrentHashMap.putVal(Ljava/lang/Object;Ljava/lang/Object;Z)Ljava/lang/Object; @ 159 c2
Event: 59.471 Thread 0x0000020ae96ba360 DEOPT PACKING pc=0x0000020a99703454 sp=0x000000909f3fe040
Event: 59.471 Thread 0x0000020ae96ba360 DEOPT UNPACKING pc=0x0000020a991523a3 sp=0x000000909f3fdfc0 mode 2
Event: 60.473 Thread 0x0000020a88ad87e0 Uncommon trap: trap_request=0xffffff45 fr.pc=0x0000020a996f7764 relative=0x0000000000000404
Event: 60.473 Thread 0x0000020a88ad87e0 Uncommon trap: reason=unstable_if action=reinterpret pc=0x0000020a996f7764 method=java.util.regex.Matcher.match(II)Z @ 76 c2
Event: 60.473 Thread 0x0000020a88ad87e0 DEOPT PACKING pc=0x0000020a996f7764 sp=0x000000909dafbb20
Event: 60.473 Thread 0x0000020a88ad87e0 DEOPT UNPACKING pc=0x0000020a991523a3 sp=0x000000909dafbad8 mode 2
Event: 65.724 Thread 0x0000020a88ad87e0 Uncommon trap: trap_request=0xffffff45 fr.pc=0x0000020a9971f3f4 relative=0x00000000000001d4
Event: 65.725 Thread 0x0000020a88ad87e0 Uncommon trap: reason=unstable_if action=reinterpret pc=0x0000020a9971f3f4 method=java.net.URI$Parser.scan(IILjava/lang/String;)I @ 26 c2
Event: 65.725 Thread 0x0000020a88ad87e0 DEOPT PACKING pc=0x0000020a9971f3f4 sp=0x000000909dafc860
Event: 65.725 Thread 0x0000020a88ad87e0 DEOPT UNPACKING pc=0x0000020a991523a3 sp=0x000000909dafc7f0 mode 2
Event: 65.804 Thread 0x0000020a88ad87e0 Uncommon trap: trap_request=0xffffff45 fr.pc=0x0000020a99736ee8 relative=0x0000000000000068
Event: 65.804 Thread 0x0000020a88ad87e0 Uncommon trap: reason=unstable_if action=reinterpret pc=0x0000020a99736ee8 method=org.gradle.internal.logging.text.AbstractLineChoppingStyledTextOutput$StateContext.hasChar()Z @ 16 c2
Event: 65.804 Thread 0x0000020a88ad87e0 DEOPT PACKING pc=0x0000020a99736ee8 sp=0x000000909dafc030
Event: 65.804 Thread 0x0000020a88ad87e0 DEOPT UNPACKING pc=0x0000020a991523a3 sp=0x000000909dafbfc8 mode 2

Classes unloaded (0 events):
No events

Classes redefined (0 events):
No events

Internal exceptions (20 events):
Event: 10.505 Thread 0x0000020a88ad87e0 Exception <a 'java/lang/NoSuchMethodError'{0x00000000ff4417f8}: 'void java.lang.invoke.DelegatingMethodHandle$Holder.delegate(java.lang.Object, java.lang.Object, int, java.lang.Object)'> (0x00000000ff4417f8) 
thrown [s\open\src\hotspot\share\interpreter\linkResolver.cpp, line 759]
Event: 10.508 Thread 0x0000020a88ad87e0 Exception <a 'java/lang/NoSuchMethodError'{0x00000000ff445940}: 'int java.lang.invoke.DirectMethodHandle$Holder.invokeSpecial(java.lang.Object, java.lang.Object, java.lang.Object)'> (0x00000000ff445940) 
thrown [s\open\src\hotspot\share\interpreter\linkResolver.cpp, line 759]
Event: 10.523 Thread 0x0000020a88ad87e0 Exception <a 'java/lang/NoSuchMethodError'{0x00000000ff458cc8}: 'java.lang.Object java.lang.invoke.Invokers$Holder.invokeExact_MT(java.lang.Object, java.lang.Object, java.lang.Object, java.lang.Object)'> (0x00000000ff458cc8) 
thrown [s\open\src\hotspot\share\interpreter\linkResolver.cpp, line 759]
Event: 11.973 Thread 0x0000020a88ad87e0 Exception <a 'java/lang/NoSuchMethodError'{0x00000000ffeeb248}: 'void java.lang.invoke.DirectMethodHandle$Holder.invokeSpecial(java.lang.Object, java.lang.Object, java.lang.Object)'> (0x00000000ffeeb248) 
thrown [s\open\src\hotspot\share\interpreter\linkResolver.cpp, line 759]
Event: 12.048 Thread 0x0000020a88ad87e0 Implicit null exception at 0x0000020a996f138c to 0x0000020a996f18d0
Event: 12.048 Thread 0x0000020a88ad87e0 Implicit null exception at 0x0000020a996e5c0f to 0x0000020a996e6158
Event: 12.551 Thread 0x0000020a88ad87e0 Exception <a 'java/lang/NoSuchMethodError'{0x00000000ffc48388}: 'java.lang.Object java.lang.invoke.DirectMethodHandle$Holder.invokeStaticInit(java.lang.Object)'> (0x00000000ffc48388) 
thrown [s\open\src\hotspot\share\interpreter\linkResolver.cpp, line 759]
Event: 12.887 Thread 0x0000020a88ad87e0 Exception <a 'java/lang/NoSuchMethodError'{0x00000000ffce32c0}: 'int java.lang.invoke.DirectMethodHandle$Holder.invokeVirtual(java.lang.Object, java.lang.Object, java.lang.Object)'> (0x00000000ffce32c0) 
thrown [s\open\src\hotspot\share\interpreter\linkResolver.cpp, line 759]
Event: 12.956 Thread 0x0000020a88ad87e0 Exception <a 'java/lang/NoSuchMethodError'{0x00000000ffb26420}: 'java.lang.Object java.lang.invoke.DirectMethodHandle$Holder.invokeVirtual(java.lang.Object, java.lang.Object, java.lang.Object)'> (0x00000000ffb26420) 
thrown [s\open\src\hotspot\share\interpreter\linkResolver.cpp, line 759]
Event: 13.783 Thread 0x0000020a88ad87e0 Exception <a 'java/lang/NoSuchMethodError'{0x00000000ff8a22b8}: 'java.lang.Object java.lang.invoke.DirectMethodHandle$Holder.invokeStaticInit(java.lang.Object, int, int, int, int)'> (0x00000000ff8a22b8) 
thrown [s\open\src\hotspot\share\interpreter\linkResolver.cpp, line 759]
Event: 14.322 Thread 0x0000020a88ad87e0 Exception <a 'java/lang/NoSuchMethodError'{0x00000000ff8d0668}: 'java.lang.Object java.lang.invoke.DirectMethodHandle$Holder.invokeStaticInit(java.lang.Object, java.lang.Object, int, int, int, int)'> (0x00000000ff8d0668) 
thrown [s\open\src\hotspot\share\interpreter\linkResolver.cpp, line 759]
Event: 15.695 Thread 0x0000020a88ad87e0 Exception <a 'java/lang/NoSuchMethodError'{0x00000000ff8fd590}: 'void java.lang.invoke.DirectMethodHandle$Holder.invokeStatic(java.lang.Object, java.lang.Object, java.lang.Object)'> (0x00000000ff8fd590) 
thrown [s\open\src\hotspot\share\interpreter\linkResolver.cpp, line 759]
Event: 17.833 Thread 0x0000020ae96b9540 Exception <a 'java/lang/NoSuchMethodError'{0x00000000ff2d81c0}: 'void java.lang.invoke.DirectMethodHandle$Holder.invokeStatic(java.lang.Object, long)'> (0x00000000ff2d81c0) 
thrown [s\open\src\hotspot\share\interpreter\linkResolver.cpp, line 759]
Event: 17.836 Thread 0x0000020ae96b9540 Exception <a 'java/lang/NoSuchMethodError'{0x00000000ff2ddb18}: 'java.lang.Object java.lang.invoke.DirectMethodHandle$Holder.newInvokeSpecial(java.lang.Object, long)'> (0x00000000ff2ddb18) 
thrown [s\open\src\hotspot\share\interpreter\linkResolver.cpp, line 759]
Event: 17.846 Thread 0x0000020ae96b9540 Exception <a 'java/lang/NoSuchMethodError'{0x00000000ff2e86c0}: 'java.lang.Object java.lang.invoke.DirectMethodHandle$Holder.invokeStaticInit(java.lang.Object, java.lang.Object, long, java.lang.Object)'> (0x00000000ff2e86c0) 
thrown [s\open\src\hotspot\share\interpreter\linkResolver.cpp, line 759]
Event: 17.848 Thread 0x0000020ae96b9540 Exception <a 'java/lang/NoSuchMethodError'{0x00000000ff2eed48}: 'java.lang.Object java.lang.invoke.DirectMethodHandle$Holder.newInvokeSpecial(java.lang.Object, java.lang.Object, long)'> (0x00000000ff2eed48) 
thrown [s\open\src\hotspot\share\interpreter\linkResolver.cpp, line 759]
Event: 17.850 Thread 0x0000020ae96b9540 Exception <a 'java/lang/NoSuchMethodError'{0x00000000ff2f3038}: 'java.lang.Object java.lang.invoke.Invokers$Holder.linkToTargetMethod(java.lang.Object, long, java.lang.Object)'> (0x00000000ff2f3038) 
thrown [s\open\src\hotspot\share\interpreter\linkResolver.cpp, line 759]
Event: 65.693 Thread 0x0000020a88ad87e0 Exception <a 'sun/net/ConnectionResetException'{0x00000000fefc5ea0}: Connection reset> (0x00000000fefc5ea0) 
thrown [s\open\src\hotspot\share\prims\jni.cpp, line 535]
Event: 65.717 Thread 0x0000020a88ad87e0 Exception <a 'java/lang/NoSuchMethodError'{0x00000000feb39f28}: 'int java.lang.invoke.DirectMethodHandle$Holder.invokeVirtual(java.lang.Object, java.lang.Object)'> (0x00000000feb39f28) 
thrown [s\open\src\hotspot\share\interpreter\linkResolver.cpp, line 759]
Event: 65.726 Thread 0x0000020aa3f88a30 Exception <a 'java/io/IOException'{0x00000000fefce760}: Connection reset by peer> (0x00000000fefce760) 
thrown [s\open\src\hotspot\share\prims\jni.cpp, line 535]

VM Operations (20 events):
Event: 16.322 Executing VM operation: Cleanup
Event: 16.322 Executing VM operation: Cleanup done
Event: 17.322 Executing VM operation: Cleanup
Event: 17.353 Executing VM operation: Cleanup done
Event: 17.988 Executing VM operation: HandshakeAllThreads
Event: 18.152 Executing VM operation: HandshakeAllThreads done
Event: 19.159 Executing VM operation: Cleanup
Event: 19.159 Executing VM operation: Cleanup done
Event: 37.334 Executing VM operation: Cleanup
Event: 37.334 Executing VM operation: Cleanup done
Event: 49.441 Executing VM operation: Cleanup
Event: 49.441 Executing VM operation: Cleanup done
Event: 59.549 Executing VM operation: Cleanup
Event: 59.550 Executing VM operation: Cleanup done
Event: 59.760 Executing VM operation: HandshakeAllThreads
Event: 59.760 Executing VM operation: HandshakeAllThreads done
Event: 60.231 Executing VM operation: HandshakeAllThreads
Event: 60.231 Executing VM operation: HandshakeAllThreads done
Event: 61.246 Executing VM operation: Cleanup
Event: 61.294 Executing VM operation: Cleanup done

Events (20 events):
Event: 60.287 loading class java/nio/channels/spi/AbstractSelectionKey
Event: 60.287 loading class java/nio/channels/SelectionKey
Event: 60.288 loading class java/nio/channels/SelectionKey done
Event: 60.288 loading class java/nio/channels/spi/AbstractSelectionKey done
Event: 60.288 loading class sun/nio/ch/SelectionKeyImpl done
Event: 60.288 loading class java/lang/invoke/ConstantBootstraps
Event: 60.290 loading class java/lang/invoke/ConstantBootstraps done
Event: 60.571 loading class java/nio/channels/spi/AbstractSelector$1
Event: 60.571 loading class java/nio/channels/spi/AbstractSelector$1 done
Event: 60.967 Thread 0x0000020ae98a6f70 Thread added: 0x0000020ae98a6f70
Event: 60.969 loading class java/nio/channels/AsynchronousCloseException
Event: 60.970 loading class java/nio/channels/ClosedChannelException
Event: 60.971 loading class java/nio/channels/ClosedChannelException done
Event: 60.971 loading class java/nio/channels/AsynchronousCloseException done
Event: 60.972 Thread 0x0000020aa3f88a30 Thread added: 0x0000020aa3f88a30
Event: 65.691 loading class sun/net/ConnectionResetException
Event: 65.692 loading class sun/net/ConnectionResetException done
Event: 65.728 Thread 0x0000020aa3f88a30 Thread exited: 0x0000020aa3f88a30
Event: 65.732 loading class java/util/concurrent/ConcurrentLinkedQueue$Itr
Event: 65.733 loading class java/util/concurrent/ConcurrentLinkedQueue$Itr done


Dynamic libraries:
0x00007ff79d820000 - 0x00007ff79d830000 	C:\Program Files\Java\jdk-17\bin\java.exe
0x00007ffa05e70000 - 0x00007ffa06068000 	C:\Windows\SYSTEM32\ntdll.dll
0x00007ffa04290000 - 0x00007ffa0434d000 	C:\Windows\System32\KERNEL32.DLL
0x00007ffa03690000 - 0x00007ffa03986000 	C:\Windows\System32\KERNELBASE.dll
0x00007ffa03db0000 - 0x00007ffa03eb0000 	C:\Windows\System32\ucrtbase.dll
0x00007ff9fd080000 - 0x00007ff9fd099000 	C:\Program Files\Java\jdk-17\bin\jli.dll
0x00007ffa03eb0000 - 0x00007ffa03f60000 	C:\Windows\System32\ADVAPI32.dll
0x00007ffa053c0000 - 0x00007ffa0545e000 	C:\Windows\System32\msvcrt.dll
0x00007ffa04f60000 - 0x00007ffa05000000 	C:\Windows\System32\sechost.dll
0x00007ffa04350000 - 0x00007ffa04473000 	C:\Windows\System32\RPCRT4.dll
0x00007ffa035c0000 - 0x00007ffa035e7000 	C:\Windows\System32\bcrypt.dll
0x00007ffa040f0000 - 0x00007ffa0428f000 	C:\Windows\System32\USER32.dll
0x00007ffa03660000 - 0x00007ffa03682000 	C:\Windows\System32\win32u.dll
0x00007ffa050b0000 - 0x00007ffa050db000 	C:\Windows\System32\GDI32.dll
0x00007ffa03c90000 - 0x00007ffa03da7000 	C:\Windows\System32\gdi32full.dll
0x00007ffa03990000 - 0x00007ffa03a2d000 	C:\Windows\System32\msvcp_win.dll
0x00007ff9fcfb0000 - 0x00007ff9fcfcb000 	C:\Program Files\Java\jdk-17\bin\VCRUNTIME140.dll
0x00007ff9f3d90000 - 0x00007ff9f402a000 	C:\Windows\WinSxS\amd64_microsoft.windows.common-controls_6595b64144ccf1df_6.0.19041.4355_none_60b8b9eb71f62e16\COMCTL32.dll
0x00007ff9f4700000 - 0x00007ff9f470a000 	C:\Windows\SYSTEM32\VERSION.dll
0x00007ffa05460000 - 0x00007ffa0548f000 	C:\Windows\System32\IMM32.DLL
0x00007ff9ff5d0000 - 0x00007ff9ff5dc000 	C:\Program Files\Java\jdk-17\bin\vcruntime140_1.dll
0x00007ff9f90d0000 - 0x00007ff9f915e000 	C:\Program Files\Java\jdk-17\bin\msvcp140.dll
0x00007ff9b0aa0000 - 0x00007ff9b1680000 	C:\Program Files\Java\jdk-17\bin\server\jvm.dll
0x00007ffa050e0000 - 0x00007ffa050e8000 	C:\Windows\System32\PSAPI.DLL
0x00007ff9f2650000 - 0x00007ff9f2659000 	C:\Windows\SYSTEM32\WSOCK32.dll
0x00007ffa04e90000 - 0x00007ffa04efb000 	C:\Windows\System32\WS2_32.dll
0x00007ff9f26c0000 - 0x00007ff9f26e7000 	C:\Windows\SYSTEM32\WINMM.dll
0x00007ffa01d40000 - 0x00007ffa01d52000 	C:\Windows\SYSTEM32\kernel.appcore.dll
0x00007ff9fe720000 - 0x00007ff9fe72a000 	C:\Program Files\Java\jdk-17\bin\jimage.dll
0x00007ffa01a50000 - 0x00007ffa01c34000 	C:\Windows\SYSTEM32\DBGHELP.DLL
0x00007ff9ef5a0000 - 0x00007ff9ef5d4000 	C:\Windows\SYSTEM32\dbgcore.DLL
0x00007ffa03530000 - 0x00007ffa035b2000 	C:\Windows\System32\bcryptPrimitives.dll
0x00007ff9fc980000 - 0x00007ff9fc9a5000 	C:\Program Files\Java\jdk-17\bin\java.dll
0x00007ff9dd900000 - 0x00007ff9dd9d7000 	C:\Program Files\Java\jdk-17\bin\jsvml.dll
0x00007ffa04480000 - 0x00007ffa04bec000 	C:\Windows\System32\SHELL32.dll
0x00007ffa011e0000 - 0x00007ffa0197d000 	C:\Windows\SYSTEM32\windows.storage.dll
0x00007ffa05560000 - 0x00007ffa058b3000 	C:\Windows\System32\combase.dll
0x00007ffa02f50000 - 0x00007ffa02f7e000 	C:\Windows\SYSTEM32\Wldp.dll
0x00007ffa03f60000 - 0x00007ffa0402d000 	C:\Windows\System32\OLEAUT32.dll
0x00007ffa05000000 - 0x00007ffa050ad000 	C:\Windows\System32\SHCORE.dll
0x00007ffa054f0000 - 0x00007ffa05545000 	C:\Windows\System32\shlwapi.dll
0x00007ffa03460000 - 0x00007ffa03484000 	C:\Windows\SYSTEM32\profapi.dll
0x00007ff9fc960000 - 0x00007ff9fc979000 	C:\Program Files\Java\jdk-17\bin\net.dll
0x00007ff9fafd0000 - 0x00007ff9fb0da000 	C:\Windows\SYSTEM32\WINHTTP.dll
0x00007ffa02cb0000 - 0x00007ffa02d1a000 	C:\Windows\system32\mswsock.dll
0x00007ff9fc940000 - 0x00007ff9fc956000 	C:\Program Files\Java\jdk-17\bin\nio.dll
0x00007ff9fc8f0000 - 0x00007ff9fc908000 	C:\Program Files\Java\jdk-17\bin\zip.dll
0x00007ff9fd070000 - 0x00007ff9fd080000 	C:\Program Files\Java\jdk-17\bin\verify.dll
0x00007ff9f3d40000 - 0x00007ff9f3d67000 	C:\Users\CITY C\.gradle\native\c067742578af261105cb4f569cf0c3c89f3d7b1fecec35dd04571415982c5e48\windows-amd64\native-platform.dll
0x00007ff9fc8c0000 - 0x00007ff9fc8ca000 	C:\Program Files\Java\jdk-17\bin\management.dll
0x00007ff9fc640000 - 0x00007ff9fc64b000 	C:\Program Files\Java\jdk-17\bin\management_ext.dll
0x00007ffa02eb0000 - 0x00007ffa02ec8000 	C:\Windows\SYSTEM32\CRYPTSP.dll
0x00007ffa02560000 - 0x00007ffa02594000 	C:\Windows\system32\rsaenh.dll
0x00007ffa03410000 - 0x00007ffa0343e000 	C:\Windows\SYSTEM32\USERENV.dll
0x00007ffa02ea0000 - 0x00007ffa02eac000 	C:\Windows\SYSTEM32\CRYPTBASE.dll
0x00007ffa02940000 - 0x00007ffa0297b000 	C:\Windows\SYSTEM32\IPHLPAPI.DLL
0x00007ffa04030000 - 0x00007ffa04038000 	C:\Windows\System32\NSI.dll
0x00007ff9fa7f0000 - 0x00007ff9fa807000 	C:\Windows\SYSTEM32\dhcpcsvc6.DLL
0x00007ff9fb7d0000 - 0x00007ff9fb7ed000 	C:\Windows\SYSTEM32\dhcpcsvc.DLL
0x00007ffa02990000 - 0x00007ffa02a5a000 	C:\Windows\SYSTEM32\DNSAPI.dll
0x00007ff9fc590000 - 0x00007ff9fc59e000 	C:\Program Files\Java\jdk-17\bin\sunmscapi.dll
0x00007ffa03b30000 - 0x00007ffa03c8e000 	C:\Windows\System32\CRYPT32.dll
0x00007ffa02fc0000 - 0x00007ffa02fe9000 	C:\Windows\SYSTEM32\ncrypt.dll
0x00007ffa02f80000 - 0x00007ffa02fbb000 	C:\Windows\SYSTEM32\NTASN1.dll
0x00007ff9fb7f0000 - 0x00007ff9fb7f7000 	C:\Windows\system32\wshunix.dll

dbghelp: loaded successfully - version: 4.0.5 - missing functions: none
symbol engine: initialized successfully - sym options: 0x614 - pdb path: .;C:\Program Files\Java\jdk-17\bin;C:\Windows\SYSTEM32;C:\Windows\WinSxS\amd64_microsoft.windows.common-controls_6595b64144ccf1df_6.0.19041.4355_none_60b8b9eb71f62e16;C:\Program Files\Java\jdk-17\bin\server;C:\Users\CITY C\.gradle\native\c067742578af261105cb4f569cf0c3c89f3d7b1fecec35dd04571415982c5e48\windows-amd64

VM Arguments:
jvm_args: -Xmx64m -Xms64m -Dorg.gradle.appname=gradlew 
java_command: org.gradle.wrapper.GradleWrapperMain app:installDebug -PreactNativeDevServerPort=8081
java_class_path (initial): D:\Native Projects\NativeProject\android\\gradle\wrapper\gradle-wrapper.jar
Launcher Type: SUN_STANDARD

[Global flags]
     intx CICompilerCount                          = 3                                         {product} {ergonomic}
     uint ConcGCThreads                            = 1                                         {product} {ergonomic}
     uint G1ConcRefinementThreads                  = 4                                         {product} {ergonomic}
   size_t G1HeapRegionSize                         = 1048576                                   {product} {ergonomic}
    uintx GCDrainStackTargetSize                   = 64                                        {product} {ergonomic}
   size_t InitialHeapSize                          = 67108864                                  {product} {command line}
   size_t MarkStackSize                            = 4194304                                   {product} {ergonomic}
   size_t MaxHeapSize                              = 67108864                                  {product} {command line}
   size_t MaxNewSize                               = 39845888                                  {product} {ergonomic}
   size_t MinHeapDeltaBytes                        = 1048576                                   {product} {ergonomic}
   size_t MinHeapSize                              = 67108864                                  {product} {command line}
    uintx NonNMethodCodeHeapSize                   = 5832780                                {pd product} {ergonomic}
    uintx NonProfiledCodeHeapSize                  = 122912730                              {pd product} {ergonomic}
    uintx ProfiledCodeHeapSize                     = 122912730                              {pd product} {ergonomic}
    uintx ReservedCodeCacheSize                    = 251658240                              {pd product} {ergonomic}
     bool SegmentedCodeCache                       = true                                      {product} {ergonomic}
   size_t SoftMaxHeapSize                          = 67108864                               {manageable} {ergonomic}
     bool UseCompressedClassPointers               = true                           {product lp64_product} {ergonomic}
     bool UseCompressedOops                        = true                           {product lp64_product} {ergonomic}
     bool UseG1GC                                  = true                                      {product} {ergonomic}
     bool UseLargePagesIndividualAllocation        = false                                  {pd product} {ergonomic}

Logging:
Log output configuration:
 #0: stdout all=warning uptime,level,tags
 #1: stderr all=off uptime,level,tags

Environment Variables:
JAVA_HOME=C:\Program Files\Java\jdk-17
CLASSPATH=D:\Native Projects\NativeProject\android\\gradle\wrapper\gradle-wrapper.jar
PATH=D:\Native Projects\NativeProject\node_modules\.bin;D:\Native Projects\NativeProject\node_modules\.bin;D:\Native Projects\node_modules\.bin;D:\node_modules\.bin;C:\Users\CITY C\AppData\Roaming\npm\node_modules\npm\node_modules\@npmcli\run-script\lib\node-gyp-bin;D:\Native Projects\NativeProject\node_modules\.bin;D:\Native Projects\NativeProject\node_modules\.bin;D:\Native Projects\node_modules\.bin;D:\node_modules\.bin;C:\Users\CITY C\AppData\Roaming\npm\node_modules\npm\node_modules\@npmcli\run-script\lib\node-gyp-bin;C:\Program Files\Common Files\Oracle\Java\javapath;C:\Windows\system32;C:\Windows;C:\Windows\System32\Wbem;C:\Windows\System32\WindowsPowerShell\v1.0\;C:\Windows\System32\OpenSSH\;C:\Program Files\nodejs\;C:\Program Files\Git\cmd;C:\Program Files\MySQL\MySQL Shell 8.0\bin\;C:\Users\CITY C\AppData\Local\Microsoft\WindowsApps;C:\Users\CITY C\AppData\Local\Programs\Microsoft VS Code\bin;C:\Users\CITY C\AppData\Roaming\npm;C:\Program Files\Java\jdk-17\bin;C:\Users\CITY C\AppData\Local\Android\Sdk\platform-tools;
USERNAME=CITY C
LANG=en_US.UTF-8
OS=Windows_NT
PROCESSOR_IDENTIFIER=Intel64 Family 6 Model 61 Stepping 4, GenuineIntel



---------------  S Y S T E M  ---------------

OS:
 Windows 10 , 64 bit Build 19041 (10.0.19041.3636)
OS uptime: 3 days 0:54 hours

CPU: total 4 (initial active 4) (2 cores per cpu, 2 threads per core) family 6 model 61 stepping 4 microcode 0x2d, cx8, cmov, fxsr, ht, mmx, 3dnowpref, sse, sse2, sse3, ssse3, sse4.1, sse4.2, popcnt, lzcnt, tsc, tscinvbit, avx, avx2, aes, erms, clmul, bmi1, bmi2, adx, fma, vzeroupper, clflush

Memory: 4k page, system-wide physical 3984M (308M free)
TotalPageFile size 12857M (AvailPageFile size 49M)
current process WorkingSet (physical memory assigned to process): 83M, peak: 85M
current process commit charge ("private bytes"): 155M, peak: 157M

vm_info: Java HotSpot(TM) 64-Bit Server VM (17.0.11+7-LTS-207) for windows-amd64 JRE (17.0.11+7-LTS-207), built on Mar 11 2024 19:01:50 by "mach5one" with MS VC++ 17.6 (VS2022)

END.
