#
# There is insufficient memory for the Java Runtime Environment to continue.
# Native memory allocation (mmap) failed to map 65536 bytes for Failed to commit metaspace.
# Possible reasons:
#   The system is out of physical RAM or swap space
#   The process is running with CompressedOops enabled, and the Java Heap may be blocking the growth of the native heap
# Possible solutions:
#   Reduce memory load on the system
#   Increase physical memory or swap space
#   Check if swap backing store is full
#   Decrease Java heap size (-Xmx/-Xms)
#   Decrease number of Java threads
#   Decrease Java thread stack sizes (-Xss)
#   Set larger code cache with -XX:ReservedCodeCacheSize=
#   JVM is running with Unscaled Compressed Oops mode in which the Java heap is
#     placed in the first 4GB address space. The Java Heap base address is the
#     maximum limit for the native heap growth. Please use -XX:HeapBaseMinAddress
#     to set the Java Heap base and to place the Java Heap above 4GB virtual address.
# This output file may be truncated or incomplete.
#
#  Out of Memory Error (virtualSpaceNode.cpp:110), pid=12524, tid=2268
#
# JRE version: Java(TM) SE Runtime Environment (17.0.11+7) (build 17.0.11+7-LTS-207)
# Java VM: Java HotSpot(TM) 64-Bit Server VM (17.0.11+7-LTS-207, mixed mode, sharing, tiered, compressed oops, compressed class ptrs, g1 gc, windows-amd64)
# No core dump will be written. Minidumps are not enabled by default on client versions of Windows
#

---------------  S U M M A R Y ------------

Command Line: -Xmx64m -Xms64m -Dorg.gradle.appname=gradlew org.gradle.wrapper.GradleWrapperMain app:installDebug -PreactNativeDevServerPort=8081

Host: Intel(R) Core(TM) i3-8130U CPU @ 2.20GHz, 4 cores, 3G,  Windows 10 , 64 bit Build 19041 (10.0.19041.4597)
Time: Tue Aug  6 05:39:06 2024 Pacific Daylight Time elapsed time: 3.647511 seconds (0d 0h 0m 3s)

---------------  T H R E A D  ---------------

Current thread (0x000001c2ae3fa780):  JavaThread "main" [_thread_in_vm, id=2268, stack(0x00000083c7f00000,0x00000083c8000000)]

Stack: [0x00000083c7f00000,0x00000083c8000000]
Native frames: (J=compiled Java code, j=interpreted, Vv=VM code, C=native code)
V  [jvm.dll+0x679cca]
V  [jvm.dll+0x7da13d]
V  [jvm.dll+0x7dba83]
V  [jvm.dll+0x7dc0f3]
V  [jvm.dll+0x2449af]
V  [jvm.dll+0x7d5d0b]
V  [jvm.dll+0x6200b6]
V  [jvm.dll+0x1be687]
V  [jvm.dll+0x622a12]
V  [jvm.dll+0x620a76]
V  [jvm.dll+0x369102]
V  [jvm.dll+0x1dfe0b]
V  [jvm.dll+0x53f1c5]
V  [jvm.dll+0x754fc8]
V  [jvm.dll+0x7550b4]
V  [jvm.dll+0x40cb9f]
V  [jvm.dll+0x413629]
C  [java.dll+0x17ec]

Java frames: (J=compiled Java code, j=interpreted, Vv=VM code)
J 800  java.lang.ClassLoader.defineClass1(Ljava/lang/ClassLoader;Ljava/lang/String;[BIILjava/security/ProtectionDomain;Ljava/lang/String;)Ljava/lang/Class; java.base@17.0.11 (0 bytes) @ 0x000001c2bd7d7563 [0x000001c2bd7d74a0+0x00000000000000c3]
J 923 c1 java.lang.ClassLoader.defineClass(Ljava/lang/String;[BIILjava/security/ProtectionDomain;)Ljava/lang/Class; java.base@17.0.11 (43 bytes) @ 0x000001c2b5e8ba7c [0x000001c2b5e8b960+0x000000000000011c]
J 910 c1 java.security.SecureClassLoader.defineClass(Ljava/lang/String;[BIILjava/security/CodeSource;)Ljava/lang/Class; java.base@17.0.11 (16 bytes) @ 0x000001c2b5e875d4 [0x000001c2b5e87540+0x0000000000000094]
J 831 c1 java.net.URLClassLoader.defineClass(Ljava/lang/String;Ljdk/internal/loader/Resource;)Ljava/lang/Class; java.base@17.0.11 (224 bytes) @ 0x000001c2b5e55944 [0x000001c2b5e53ec0+0x0000000000001a84]
J 735 c1 java.net.URLClassLoader$1.run()Ljava/lang/Class; java.base@17.0.11 (81 bytes) @ 0x000001c2b5e1f5dc [0x000001c2b5e1e9a0+0x0000000000000c3c]
J 734 c1 java.net.URLClassLoader$1.run()Ljava/lang/Object; java.base@17.0.11 (5 bytes) @ 0x000001c2b5e1e4c4 [0x000001c2b5e1e440+0x0000000000000084]
J 588 c1 java.security.AccessController.doPrivileged(Ljava/security/PrivilegedExceptionAction;Ljava/security/AccessControlContext;)Ljava/lang/Object; java.base@17.0.11 (26 bytes) @ 0x000001c2b5dc10fc [0x000001c2b5dc0f20+0x00000000000001dc]
J 733 c1 java.net.URLClassLoader.findClass(Ljava/lang/String;)Ljava/lang/Class; java.base@17.0.11 (47 bytes) @ 0x000001c2b5e1db9c [0x000001c2b5e1da00+0x000000000000019c]
J 625 c1 java.lang.ClassLoader.loadClass(Ljava/lang/String;Z)Ljava/lang/Class; java.base@17.0.11 (121 bytes) @ 0x000001c2b5dd4574 [0x000001c2b5dd3fc0+0x00000000000005b4]
J 601 c1 java.lang.ClassLoader.loadClass(Ljava/lang/String;)Ljava/lang/Class; java.base@17.0.11 (7 bytes) @ 0x000001c2b5dca94c [0x000001c2b5dca840+0x000000000000010c]
v  ~StubRoutines::call_stub
j  org.gradle.internal.logging.slf4j.BuildOperationAwareLogger.log(Lorg/gradle/api/logging/LogLevel;Ljava/lang/Throwable;Ljava/lang/String;[Ljava/lang/Object;)V+3
j  org.gradle.internal.logging.slf4j.BuildOperationAwareLogger.log(Lorg/gradle/api/logging/LogLevel;Ljava/lang/Throwable;Ljava/lang/String;Ljava/lang/Object;)V+13
j  org.gradle.internal.logging.slf4j.BuildOperationAwareLogger.error(Ljava/lang/String;Ljava/lang/Object;)V+14
j  org.gradle.internal.logging.slf4j.OutputEventListenerBackedLogger.error(Ljava/lang/String;Ljava/lang/Object;)V+3
j  org.gradle.launcher.daemon.client.DaemonClient.handleDaemonDisappearance(Lorg/gradle/launcher/daemon/protocol/Build;Lorg/gradle/launcher/daemon/diagnostics/DaemonDiagnostics;)Lorg/gradle/launcher/daemon/protocol/Result;+6
j  org.gradle.launcher.daemon.client.DaemonClient.monitorBuild(Lorg/gradle/launcher/daemon/protocol/Build;Lorg/gradle/launcher/daemon/diagnostics/DaemonDiagnostics;Lorg/gradle/internal/remote/internal/Connection;Lorg/gradle/initialization/BuildCancellationToken;Lorg/gradle/initialization/BuildEventConsumer;)Ljava/lang/Object;+111
j  org.gradle.launcher.daemon.client.DaemonClient.executeBuild(Lorg/gradle/launcher/daemon/protocol/Build;Lorg/gradle/launcher/daemon/client/DaemonClientConnection;Lorg/gradle/initialization/BuildCancellationToken;Lorg/gradle/initialization/BuildEventConsumer;)Lorg/gradle/launcher/exec/BuildActionResult;+128
j  org.gradle.launcher.daemon.client.DaemonClient.execute(Lorg/gradle/internal/invocation/BuildAction;Lorg/gradle/launcher/exec/BuildActionParameters;Lorg/gradle/initialization/BuildRequestContext;)Lorg/gradle/launcher/exec/BuildActionResult;+139
j  org.gradle.launcher.daemon.client.DaemonClient.execute(Lorg/gradle/internal/invocation/BuildAction;Ljava/lang/Object;Ljava/lang/Object;)Lorg/gradle/launcher/exec/BuildActionResult;+10
j  org.gradle.launcher.cli.RunBuildAction.run()V+74
j  org.gradle.internal.Actions$RunnableActionAdapter.execute(Ljava/lang/Object;)V+4
j  org.gradle.launcher.cli.DefaultCommandLineActionFactory$ParseAndBuildAction.execute(Lorg/gradle/launcher/bootstrap/ExecutionListener;)V+60
j  org.gradle.launcher.cli.DefaultCommandLineActionFactory$ParseAndBuildAction.execute(Ljava/lang/Object;)V+5
j  org.gradle.launcher.cli.DebugLoggerWarningAction.execute(Lorg/gradle/launcher/bootstrap/ExecutionListener;)V+9
j  org.gradle.launcher.cli.DebugLoggerWarningAction.execute(Ljava/lang/Object;)V+5
j  org.gradle.launcher.cli.WelcomeMessageAction.execute(Lorg/gradle/launcher/bootstrap/ExecutionListener;)V+218
j  org.gradle.launcher.cli.WelcomeMessageAction.execute(Ljava/lang/Object;)V+5
j  org.gradle.launcher.cli.NativeServicesInitializingAction.execute(Lorg/gradle/launcher/bootstrap/ExecutionListener;)V+35
j  org.gradle.launcher.cli.NativeServicesInitializingAction.execute(Ljava/lang/Object;)V+5
j  org.gradle.launcher.cli.ExceptionReportingAction.execute(Lorg/gradle/launcher/bootstrap/ExecutionListener;)V+5
j  org.gradle.launcher.cli.ExceptionReportingAction.execute(Ljava/lang/Object;)V+5
j  org.gradle.launcher.cli.DefaultCommandLineActionFactory$WithLogging.execute(Lorg/gradle/launcher/bootstrap/ExecutionListener;)V+299
j  org.gradle.launcher.Main.doAction([Ljava/lang/String;Lorg/gradle/launcher/bootstrap/ExecutionListener;)V+14
j  org.gradle.launcher.bootstrap.EntryPoint.run([Ljava/lang/String;)V+12
v  ~StubRoutines::call_stub
j  jdk.internal.reflect.NativeMethodAccessorImpl.invoke0(Ljava/lang/reflect/Method;Ljava/lang/Object;[Ljava/lang/Object;)Ljava/lang/Object;+0 java.base@17.0.11
j  jdk.internal.reflect.NativeMethodAccessorImpl.invoke(Ljava/lang/Object;[Ljava/lang/Object;)Ljava/lang/Object;+133 java.base@17.0.11
j  jdk.internal.reflect.DelegatingMethodAccessorImpl.invoke(Ljava/lang/Object;[Ljava/lang/Object;)Ljava/lang/Object;+6 java.base@17.0.11
j  java.lang.reflect.Method.invoke(Ljava/lang/Object;[Ljava/lang/Object;)Ljava/lang/Object;+59 java.base@17.0.11
j  org.gradle.launcher.bootstrap.ProcessBootstrap.runNoExit(Ljava/lang/String;[Ljava/lang/String;)V+155
j  org.gradle.launcher.bootstrap.ProcessBootstrap.run(Ljava/lang/String;[Ljava/lang/String;)V+2
v  ~StubRoutines::call_stub
j  jdk.internal.reflect.NativeMethodAccessorImpl.invoke0(Ljava/lang/reflect/Method;Ljava/lang/Object;[Ljava/lang/Object;)Ljava/lang/Object;+0 java.base@17.0.11
j  jdk.internal.reflect.NativeMethodAccessorImpl.invoke(Ljava/lang/Object;[Ljava/lang/Object;)Ljava/lang/Object;+133 java.base@17.0.11
j  jdk.internal.reflect.DelegatingMethodAccessorImpl.invoke(Ljava/lang/Object;[Ljava/lang/Object;)Ljava/lang/Object;+6 java.base@17.0.11
j  java.lang.reflect.Method.invoke(Ljava/lang/Object;[Ljava/lang/Object;)Ljava/lang/Object;+59 java.base@17.0.11
j  org.gradle.launcher.GradleMain.main([Ljava/lang/String;)V+100
v  ~StubRoutines::call_stub
j  jdk.internal.reflect.NativeMethodAccessorImpl.invoke0(Ljava/lang/reflect/Method;Ljava/lang/Object;[Ljava/lang/Object;)Ljava/lang/Object;+0 java.base@17.0.11
j  jdk.internal.reflect.NativeMethodAccessorImpl.invoke(Ljava/lang/Object;[Ljava/lang/Object;)Ljava/lang/Object;+133 java.base@17.0.11
j  jdk.internal.reflect.DelegatingMethodAccessorImpl.invoke(Ljava/lang/Object;[Ljava/lang/Object;)Ljava/lang/Object;+6 java.base@17.0.11
j  java.lang.reflect.Method.invoke(Ljava/lang/Object;[Ljava/lang/Object;)Ljava/lang/Object;+59 java.base@17.0.11
j  org.gradle.wrapper.BootstrapMainStarter.start([Ljava/lang/String;Ljava/io/File;)V+105
j  org.gradle.wrapper.WrapperExecutor.execute([Ljava/lang/String;Lorg/gradle/wrapper/Install;Lorg/gradle/wrapper/BootstrapMainStarter;)V+14
j  org.gradle.wrapper.GradleWrapperMain.main([Ljava/lang/String;)V+206
v  ~StubRoutines::call_stub

---------------  P R O C E S S  ---------------

Threads class SMR info:
_java_thread_list=0x000001c30d8a6d70, length=15, elements={
0x000001c2ae3fa780, 0x000001c2c72e2f90, 0x000001c2c72e4120, 0x000001c2c72f48f0,
0x000001c2c72f73c0, 0x000001c2c72f7d80, 0x000001c2c72f8740, 0x000001c2c72fbd10,
0x000001c2c7309030, 0x000001c2c731c200, 0x000001c2c7531120, 0x000001c2c75387e0,
0x000001c30d633de0, 0x000001c30df67470, 0x000001c30d626c50
}

Java Threads: ( => current thread )
=>0x000001c2ae3fa780 JavaThread "main" [_thread_in_vm, id=2268, stack(0x00000083c7f00000,0x00000083c8000000)]
  0x000001c2c72e2f90 JavaThread "Reference Handler" daemon [_thread_blocked, id=14328, stack(0x00000083c8600000,0x00000083c8700000)]
  0x000001c2c72e4120 JavaThread "Finalizer" daemon [_thread_blocked, id=6888, stack(0x00000083c8700000,0x00000083c8800000)]
  0x000001c2c72f48f0 JavaThread "Signal Dispatcher" daemon [_thread_blocked, id=4444, stack(0x00000083c8800000,0x00000083c8900000)]
  0x000001c2c72f73c0 JavaThread "Attach Listener" daemon [_thread_blocked, id=12344, stack(0x00000083c8900000,0x00000083c8a00000)]
  0x000001c2c72f7d80 JavaThread "Service Thread" daemon [_thread_blocked, id=10816, stack(0x00000083c8a00000,0x00000083c8b00000)]
  0x000001c2c72f8740 JavaThread "Monitor Deflation Thread" daemon [_thread_blocked, id=14956, stack(0x00000083c8b00000,0x00000083c8c00000)]
  0x000001c2c72fbd10 JavaThread "C2 CompilerThread0" daemon [_thread_blocked, id=1972, stack(0x00000083c8c00000,0x00000083c8d00000)]
  0x000001c2c7309030 JavaThread "C1 CompilerThread0" daemon [_thread_blocked, id=6928, stack(0x00000083c8d00000,0x00000083c8e00000)]
  0x000001c2c731c200 JavaThread "Sweeper thread" daemon [_thread_blocked, id=4824, stack(0x00000083c8e00000,0x00000083c8f00000)]
  0x000001c2c7531120 JavaThread "Notification Thread" daemon [_thread_blocked, id=7512, stack(0x00000083c8f00000,0x00000083c9000000)]
  0x000001c2c75387e0 JavaThread "Common-Cleaner" daemon [_thread_blocked, id=8952, stack(0x00000083c9100000,0x00000083c9200000)]
  0x000001c30d633de0 JavaThread "pool-1-thread-1" [_thread_blocked, id=11584, stack(0x00000083c9500000,0x00000083c9600000)]
  0x000001c30df67470 JavaThread "DisconnectableInputStream source reader" daemon [_thread_in_native, id=3372, stack(0x00000083c9700000,0x00000083c9800000)]
  0x000001c30d626c50 JavaThread "Forward input" [_thread_blocked, id=9100, stack(0x00000083c9800000,0x00000083c9900000)]

Other Threads:
  0x000001c2ae4c92b0 VMThread "VM Thread" [stack: 0x00000083c8500000,0x00000083c8600000] [id=12648] _threads_hazard_ptr=0x000001c30d8a6d70
  0x000001c2ae41f850 WatcherThread [stack: 0x00000083c9000000,0x00000083c9100000] [id=8504]
  0x000001c2ae416600 GCTaskThread "GC Thread#0" [stack: 0x00000083c8000000,0x00000083c8100000] [id=5844]
  0x000001c2c78dcc50 GCTaskThread "GC Thread#1" [stack: 0x00000083c9200000,0x00000083c9300000] [id=14132]
  0x000001c2c78d5bf0 GCTaskThread "GC Thread#2" [stack: 0x00000083c9300000,0x00000083c9400000] [id=11548]
  0x000001c2c78aa410 GCTaskThread "GC Thread#3" [stack: 0x00000083c9400000,0x00000083c9500000] [id=11960]
  0x000001c2ae417d50 ConcurrentGCThread "G1 Main Marker" [stack: 0x00000083c8100000,0x00000083c8200000] [id=4244]
  0x000001c2ae418760 ConcurrentGCThread "G1 Conc#0" [stack: 0x00000083c8200000,0x00000083c8300000] [id=1192]
  0x000001c2ae468fb0 ConcurrentGCThread "G1 Refine#0" [stack: 0x00000083c8300000,0x00000083c8400000] [id=6400]
  0x000001c2ae4699e0 ConcurrentGCThread "G1 Service" [stack: 0x00000083c8400000,0x00000083c8500000] [id=3608]

Threads with active compile tasks:

VM state: synchronizing (normal execution)

VM Mutex/Monitor currently owned by a thread:  ([mutex/lock_event])
[0x000001c2ae3f5e50] Metaspace_lock - owner thread: 0x000001c2ae3fa780
[0x000001c2ae3f51f0] Threads_lock - owner thread: 0x000001c2ae4c92b0

Heap address: 0x00000000fc000000, size: 64 MB, Compressed Oops mode: 32-bit

CDS archive(s) mapped at: [0x000001c2c8000000-0x000001c2c8bd0000-0x000001c2c8bd0000), size 12386304, SharedBaseAddress: 0x000001c2c8000000, ArchiveRelocationMode: 1.
Compressed class space mapped at: 0x000001c2c9000000-0x000001c309000000, reserved size: 1073741824
Narrow klass base: 0x000001c2c8000000, Narrow klass shift: 0, Narrow klass range: 0x100000000

GC Precious Log:
 CPUs: 4 total, 4 available
 Memory: 3939M
 Large Page Support: Disabled
 NUMA Support: Disabled
 Compressed Oops: Enabled (32-bit)
 Heap Region Size: 1M
 Heap Min Capacity: 64M
 Heap Initial Capacity: 64M
 Heap Max Capacity: 64M
 Pre-touch: Disabled
 Parallel Workers: 4
 Concurrent Workers: 1
 Concurrent Refinement Workers: 4
 Periodic GC: Disabled

Heap:
 garbage-first heap   total 65536K, used 23137K [0x00000000fc000000, 0x0000000100000000)
  region size 1024K, 16 young (16384K), 3 survivors (3072K)
 Metaspace       used 8943K, committed 9088K, reserved 1114112K
  class space    used 1211K, committed 1280K, reserved 1048576K

Heap Regions: E=young(eden), S=young(survivor), O=old, HS=humongous(starts), HC=humongous(continues), CS=collection set, F=free, OA=open archive, CA=closed archive, TAMS=top-at-mark-start (previous, next)
|   0|0x00000000fc000000, 0x00000000fc100000, 0x00000000fc100000|100%| O|  |TAMS 0x00000000fc000000, 0x00000000fc000000| Untracked 
|   1|0x00000000fc100000, 0x00000000fc200000, 0x00000000fc200000|100%|HS|  |TAMS 0x00000000fc100000, 0x00000000fc100000| Complete 
|   2|0x00000000fc200000, 0x00000000fc300000, 0x00000000fc300000|100%|HC|  |TAMS 0x00000000fc200000, 0x00000000fc200000| Complete 
|   3|0x00000000fc300000, 0x00000000fc400000, 0x00000000fc400000|100%|HC|  |TAMS 0x00000000fc300000, 0x00000000fc300000| Complete 
|   4|0x00000000fc400000, 0x00000000fc500000, 0x00000000fc500000|100%|HC|  |TAMS 0x00000000fc400000, 0x00000000fc400000| Complete 
|   5|0x00000000fc500000, 0x00000000fc600000, 0x00000000fc600000|100%| O|  |TAMS 0x00000000fc500000, 0x00000000fc500000| Untracked 
|   6|0x00000000fc600000, 0x00000000fc700000, 0x00000000fc700000|100%| O|  |TAMS 0x00000000fc600000, 0x00000000fc600000| Untracked 
|   7|0x00000000fc700000, 0x00000000fc798400, 0x00000000fc800000| 59%| O|  |TAMS 0x00000000fc700000, 0x00000000fc700000| Untracked 
|   8|0x00000000fc800000, 0x00000000fc800000, 0x00000000fc900000|  0%| F|  |TAMS 0x00000000fc800000, 0x00000000fc800000| Untracked 
|   9|0x00000000fc900000, 0x00000000fc900000, 0x00000000fca00000|  0%| F|  |TAMS 0x00000000fc900000, 0x00000000fc900000| Untracked 
|  10|0x00000000fca00000, 0x00000000fca00000, 0x00000000fcb00000|  0%| F|  |TAMS 0x00000000fca00000, 0x00000000fca00000| Untracked 
|  11|0x00000000fcb00000, 0x00000000fcb00000, 0x00000000fcc00000|  0%| F|  |TAMS 0x00000000fcb00000, 0x00000000fcb00000| Untracked 
|  12|0x00000000fcc00000, 0x00000000fcc00000, 0x00000000fcd00000|  0%| F|  |TAMS 0x00000000fcc00000, 0x00000000fcc00000| Untracked 
|  13|0x00000000fcd00000, 0x00000000fcd00000, 0x00000000fce00000|  0%| F|  |TAMS 0x00000000fcd00000, 0x00000000fcd00000| Untracked 
|  14|0x00000000fce00000, 0x00000000fce00000, 0x00000000fcf00000|  0%| F|  |TAMS 0x00000000fce00000, 0x00000000fce00000| Untracked 
|  15|0x00000000fcf00000, 0x00000000fcf00000, 0x00000000fd000000|  0%| F|  |TAMS 0x00000000fcf00000, 0x00000000fcf00000| Untracked 
|  16|0x00000000fd000000, 0x00000000fd000000, 0x00000000fd100000|  0%| F|  |TAMS 0x00000000fd000000, 0x00000000fd000000| Untracked 
|  17|0x00000000fd100000, 0x00000000fd100000, 0x00000000fd200000|  0%| F|  |TAMS 0x00000000fd100000, 0x00000000fd100000| Untracked 
|  18|0x00000000fd200000, 0x00000000fd200000, 0x00000000fd300000|  0%| F|  |TAMS 0x00000000fd200000, 0x00000000fd200000| Untracked 
|  19|0x00000000fd300000, 0x00000000fd300000, 0x00000000fd400000|  0%| F|  |TAMS 0x00000000fd300000, 0x00000000fd300000| Untracked 
|  20|0x00000000fd400000, 0x00000000fd400000, 0x00000000fd500000|  0%| F|  |TAMS 0x00000000fd400000, 0x00000000fd400000| Untracked 
|  21|0x00000000fd500000, 0x00000000fd500000, 0x00000000fd600000|  0%| F|  |TAMS 0x00000000fd500000, 0x00000000fd500000| Untracked 
|  22|0x00000000fd600000, 0x00000000fd600000, 0x00000000fd700000|  0%| F|  |TAMS 0x00000000fd600000, 0x00000000fd600000| Untracked 
|  23|0x00000000fd700000, 0x00000000fd700000, 0x00000000fd800000|  0%| F|  |TAMS 0x00000000fd700000, 0x00000000fd700000| Untracked 
|  24|0x00000000fd800000, 0x00000000fd800000, 0x00000000fd900000|  0%| F|  |TAMS 0x00000000fd800000, 0x00000000fd800000| Untracked 
|  25|0x00000000fd900000, 0x00000000fd900000, 0x00000000fda00000|  0%| F|  |TAMS 0x00000000fd900000, 0x00000000fd900000| Untracked 
|  26|0x00000000fda00000, 0x00000000fda00000, 0x00000000fdb00000|  0%| F|  |TAMS 0x00000000fda00000, 0x00000000fda00000| Untracked 
|  27|0x00000000fdb00000, 0x00000000fdb00000, 0x00000000fdc00000|  0%| F|  |TAMS 0x00000000fdb00000, 0x00000000fdb00000| Untracked 
|  28|0x00000000fdc00000, 0x00000000fdc00000, 0x00000000fdd00000|  0%| F|  |TAMS 0x00000000fdc00000, 0x00000000fdc00000| Untracked 
|  29|0x00000000fdd00000, 0x00000000fdd00000, 0x00000000fde00000|  0%| F|  |TAMS 0x00000000fdd00000, 0x00000000fdd00000| Untracked 
|  30|0x00000000fde00000, 0x00000000fde00000, 0x00000000fdf00000|  0%| F|  |TAMS 0x00000000fde00000, 0x00000000fde00000| Untracked 
|  31|0x00000000fdf00000, 0x00000000fdf00000, 0x00000000fe000000|  0%| F|  |TAMS 0x00000000fdf00000, 0x00000000fdf00000| Untracked 
|  32|0x00000000fe000000, 0x00000000fe000000, 0x00000000fe100000|  0%| F|  |TAMS 0x00000000fe000000, 0x00000000fe000000| Untracked 
|  33|0x00000000fe100000, 0x00000000fe100000, 0x00000000fe200000|  0%| F|  |TAMS 0x00000000fe100000, 0x00000000fe100000| Untracked 
|  34|0x00000000fe200000, 0x00000000fe200000, 0x00000000fe300000|  0%| F|  |TAMS 0x00000000fe200000, 0x00000000fe200000| Untracked 
|  35|0x00000000fe300000, 0x00000000fe300000, 0x00000000fe400000|  0%| F|  |TAMS 0x00000000fe300000, 0x00000000fe300000| Untracked 
|  36|0x00000000fe400000, 0x00000000fe400000, 0x00000000fe500000|  0%| F|  |TAMS 0x00000000fe400000, 0x00000000fe400000| Untracked 
|  37|0x00000000fe500000, 0x00000000fe500000, 0x00000000fe600000|  0%| F|  |TAMS 0x00000000fe500000, 0x00000000fe500000| Untracked 
|  38|0x00000000fe600000, 0x00000000fe600000, 0x00000000fe700000|  0%| F|  |TAMS 0x00000000fe600000, 0x00000000fe600000| Untracked 
|  39|0x00000000fe700000, 0x00000000fe700000, 0x00000000fe800000|  0%| F|  |TAMS 0x00000000fe700000, 0x00000000fe700000| Untracked 
|  40|0x00000000fe800000, 0x00000000fe800000, 0x00000000fe900000|  0%| F|  |TAMS 0x00000000fe800000, 0x00000000fe800000| Untracked 
|  41|0x00000000fe900000, 0x00000000fe900000, 0x00000000fea00000|  0%| F|  |TAMS 0x00000000fe900000, 0x00000000fe900000| Untracked 
|  42|0x00000000fea00000, 0x00000000fea00000, 0x00000000feb00000|  0%| F|  |TAMS 0x00000000fea00000, 0x00000000fea00000| Untracked 
|  43|0x00000000feb00000, 0x00000000fec00000, 0x00000000fec00000|100%| S|CS|TAMS 0x00000000feb00000, 0x00000000feb00000| Complete 
|  44|0x00000000fec00000, 0x00000000fed00000, 0x00000000fed00000|100%| S|CS|TAMS 0x00000000fec00000, 0x00000000fec00000| Complete 
|  45|0x00000000fed00000, 0x00000000fee00000, 0x00000000fee00000|100%| S|CS|TAMS 0x00000000fed00000, 0x00000000fed00000| Complete 
|  46|0x00000000fee00000, 0x00000000fee00000, 0x00000000fef00000|  0%| F|  |TAMS 0x00000000fee00000, 0x00000000fee00000| Untracked 
|  47|0x00000000fef00000, 0x00000000fef00000, 0x00000000ff000000|  0%| F|  |TAMS 0x00000000fef00000, 0x00000000fef00000| Untracked 
|  48|0x00000000ff000000, 0x00000000ff000000, 0x00000000ff100000|  0%| F|  |TAMS 0x00000000ff000000, 0x00000000ff000000| Untracked 
|  49|0x00000000ff100000, 0x00000000ff100000, 0x00000000ff200000|  0%| F|  |TAMS 0x00000000ff100000, 0x00000000ff100000| Untracked 
|  50|0x00000000ff200000, 0x00000000ff200000, 0x00000000ff300000|  0%| F|  |TAMS 0x00000000ff200000, 0x00000000ff200000| Untracked 
|  51|0x00000000ff300000, 0x00000000ff3b1278, 0x00000000ff400000| 69%| E|  |TAMS 0x00000000ff300000, 0x00000000ff300000| Complete 
|  52|0x00000000ff400000, 0x00000000ff500000, 0x00000000ff500000|100%| E|CS|TAMS 0x00000000ff400000, 0x00000000ff400000| Complete 
|  53|0x00000000ff500000, 0x00000000ff600000, 0x00000000ff600000|100%| E|CS|TAMS 0x00000000ff500000, 0x00000000ff500000| Complete 
|  54|0x00000000ff600000, 0x00000000ff700000, 0x00000000ff700000|100%| E|CS|TAMS 0x00000000ff600000, 0x00000000ff600000| Complete 
|  55|0x00000000ff700000, 0x00000000ff800000, 0x00000000ff800000|100%| E|CS|TAMS 0x00000000ff700000, 0x00000000ff700000| Complete 
|  56|0x00000000ff800000, 0x00000000ff900000, 0x00000000ff900000|100%| E|CS|TAMS 0x00000000ff800000, 0x00000000ff800000| Complete 
|  57|0x00000000ff900000, 0x00000000ffa00000, 0x00000000ffa00000|100%| E|CS|TAMS 0x00000000ff900000, 0x00000000ff900000| Complete 
|  58|0x00000000ffa00000, 0x00000000ffb00000, 0x00000000ffb00000|100%| E|CS|TAMS 0x00000000ffa00000, 0x00000000ffa00000| Complete 
|  59|0x00000000ffb00000, 0x00000000ffc00000, 0x00000000ffc00000|100%| E|CS|TAMS 0x00000000ffb00000, 0x00000000ffb00000| Complete 
|  60|0x00000000ffc00000, 0x00000000ffd00000, 0x00000000ffd00000|100%| E|CS|TAMS 0x00000000ffc00000, 0x00000000ffc00000| Complete 
|  61|0x00000000ffd00000, 0x00000000ffe00000, 0x00000000ffe00000|100%| E|CS|TAMS 0x00000000ffd00000, 0x00000000ffd00000| Complete 
|  62|0x00000000ffe00000, 0x00000000fff00000, 0x00000000fff00000|100%| E|CS|TAMS 0x00000000ffe00000, 0x00000000ffe00000| Complete 
|  63|0x00000000fff00000, 0x0000000100000000, 0x0000000100000000|100%| E|CS|TAMS 0x00000000fff00000, 0x00000000fff00000| Complete 

Card table byte_map: [0x000001c2ac570000,0x000001c2ac590000] _byte_map_base: 0x000001c2abd90000

Marking Bits (Prev, Next): (CMBitMap*) 0x000001c2ae416c20, (CMBitMap*) 0x000001c2ae416c60
 Prev Bits: [0x000001c2ae1f0000, 0x000001c2ae2f0000)
 Next Bits: [0x000001c2c4cc0000, 0x000001c2c4dc0000)

Polling page: 0x000001c2ac280000

Metaspace:

Usage:
  Non-class:      7.55 MB used.
      Class:      1.18 MB used.
       Both:      8.73 MB used.

Virtual space:
  Non-class space:       64.00 MB reserved,       7.62 MB ( 12%) committed,  1 nodes.
      Class space:        1.00 GB reserved,       1.25 MB ( <1%) committed,  1 nodes.
             Both:        1.06 GB reserved,       8.88 MB ( <1%) committed. 

Chunk freelists:
   Non-Class:  7.77 MB
       Class:  14.61 MB
        Both:  22.38 MB

MaxMetaspaceSize: unlimited
CompressedClassSpaceSize: 1.00 GB
Initial GC threshold: 21.00 MB
Current GC threshold: 21.00 MB
CDS: on
MetaspaceReclaimPolicy: balanced
 - commit_granule_bytes: 65536.
 - commit_granule_words: 8192.
 - virtual_space_node_default_size: 8388608.
 - enlarge_chunks_in_place: 1.
 - new_chunks_are_fully_committed: 0.
 - uncommit_free_chunks: 1.
 - use_allocation_guard: 0.
 - handle_deallocations: 1.


Internal statistics:

num_allocs_failed_limit: 0.
num_arena_births: 78.
num_arena_deaths: 0.
num_vsnodes_births: 2.
num_vsnodes_deaths: 0.
num_space_committed: 142.
num_space_uncommitted: 0.
num_chunks_returned_to_freelist: 0.
num_chunks_taken_from_freelist: 312.
num_chunk_merges: 0.
num_chunk_splits: 225.
num_chunks_enlarged: 193.
num_inconsistent_stats: 0.

CodeHeap 'non-profiled nmethods': size=120000Kb used=515Kb max_used=515Kb free=119484Kb
 bounds [0x000001c2bd790000, 0x000001c2bda00000, 0x000001c2c4cc0000]
CodeHeap 'profiled nmethods': size=120000Kb used=2245Kb max_used=2245Kb free=117754Kb
 bounds [0x000001c2b5cc0000, 0x000001c2b5f30000, 0x000001c2bd1f0000]
CodeHeap 'non-nmethods': size=5760Kb used=1171Kb max_used=1200Kb free=4588Kb
 bounds [0x000001c2bd1f0000, 0x000001c2bd460000, 0x000001c2bd790000]
 total_blobs=1696 nmethods=1229 adapters=380
 compilation: enabled
              stopped_count=0, restarted_count=0
 full_count=0

Compilation events (20 events):
Event: 3.011 Thread 0x000001c2c72fbd10 nmethod 1222 0x000001c2bd80d910 code [0x000001c2bd80daa0, 0x000001c2bd80dd98]
Event: 3.030 Thread 0x000001c2c72fbd10 1223       4       java.lang.String::replace (42 bytes)
Event: 3.053 Thread 0x000001c2c7309030 1224       1       java.lang.Boolean::booleanValue (5 bytes)
Event: 3.053 Thread 0x000001c2c7309030 nmethod 1224 0x000001c2bd80e010 code [0x000001c2bd80e1a0, 0x000001c2bd80e278]
Event: 3.061 Thread 0x000001c2c72fbd10 nmethod 1223 0x000001c2bd80e310 code [0x000001c2bd80e4a0, 0x000001c2bd80eb78]
Event: 3.066 Thread 0x000001c2c7309030 1225       1       java.util.concurrent.locks.AbstractOwnableSynchronizer::getExclusiveOwnerThread (5 bytes)
Event: 3.066 Thread 0x000001c2c7309030 nmethod 1225 0x000001c2bd80ef10 code [0x000001c2bd80f0a0, 0x000001c2bd80f178]
Event: 3.104 Thread 0x000001c2c7309030 1226       1       java.util.concurrent.locks.AbstractQueuedSynchronizer::getState (5 bytes)
Event: 3.104 Thread 0x000001c2c7309030 nmethod 1226 0x000001c2bd80f210 code [0x000001c2bd80f3a0, 0x000001c2bd80f478]
Event: 3.184 Thread 0x000001c2c7309030 1227       3       com.google.common.base.Preconditions::checkNotNull (14 bytes)
Event: 3.185 Thread 0x000001c2c7309030 nmethod 1227 0x000001c2b5ef0990 code [0x000001c2b5ef0b40, 0x000001c2b5ef0d28]
Event: 3.394 Thread 0x000001c2c7309030 1228       1       java.util.concurrent.locks.AbstractQueuedSynchronizer::setState (6 bytes)
Event: 3.395 Thread 0x000001c2c7309030 nmethod 1228 0x000001c2bd80f510 code [0x000001c2bd80f6a0, 0x000001c2bd80f778]
Event: 3.417 Thread 0x000001c2c7309030 1229       3       java.nio.Buffer::clear (20 bytes)
Event: 3.417 Thread 0x000001c2c7309030 nmethod 1229 0x000001c2b5ef0e10 code [0x000001c2b5ef0fa0, 0x000001c2b5ef10b8]
Event: 3.497 Thread 0x000001c2c7309030 1230       3       java.util.ArrayList::isEmpty (13 bytes)
Event: 3.498 Thread 0x000001c2c7309030 nmethod 1230 0x000001c2b5ef1190 code [0x000001c2b5ef1320, 0x000001c2b5ef1498]
Event: 3.500 Thread 0x000001c2c72fbd10 1231       4       java.lang.StringBuilder::append (8 bytes)
Event: 3.534 Thread 0x000001c2c72fbd10 nmethod 1231 0x000001c2bd80f810 code [0x000001c2bd80f9c0, 0x000001c2bd8100b8]
Event: 3.636 Thread 0x000001c2c72fbd10 1232  s    4       jdk.internal.perf.PerfCounter::add (18 bytes)

GC Heap History (4 events):
Event: 0.862 GC heap before
{Heap before GC invocations=0 (full 0):
 garbage-first heap   total 65536K, used 12288K [0x00000000fc000000, 0x0000000100000000)
  region size 1024K, 13 young (13312K), 0 survivors (0K)
 Metaspace       used 1829K, committed 1920K, reserved 1114112K
  class space    used 166K, committed 192K, reserved 1048576K
}
Event: 0.867 GC heap after
{Heap after GC invocations=1 (full 0):
 garbage-first heap   total 65536K, used 2356K [0x00000000fc000000, 0x0000000100000000)
  region size 1024K, 2 young (2048K), 2 survivors (2048K)
 Metaspace       used 1829K, committed 1920K, reserved 1114112K
  class space    used 166K, committed 192K, reserved 1048576K
}
Event: 1.847 GC heap before
{Heap before GC invocations=1 (full 0):
 garbage-first heap   total 65536K, used 21812K [0x00000000fc000000, 0x0000000100000000)
  region size 1024K, 18 young (18432K), 2 survivors (2048K)
 Metaspace       used 4948K, committed 5184K, reserved 1114112K
  class space    used 643K, committed 768K, reserved 1048576K
}
Event: 1.856 GC heap after
{Heap after GC invocations=2 (full 0):
 garbage-first heap   total 65536K, used 10849K [0x00000000fc000000, 0x0000000100000000)
  region size 1024K, 3 young (3072K), 3 survivors (3072K)
 Metaspace       used 4948K, committed 5184K, reserved 1114112K
  class space    used 643K, committed 768K, reserved 1048576K
}

Deoptimization events (20 events):
Event: 2.559 Thread 0x000001c2ae3fa780 Uncommon trap: trap_request=0xffffff45 fr.pc=0x000001c2bd7c83a4 relative=0x0000000000000664
Event: 2.559 Thread 0x000001c2ae3fa780 Uncommon trap: reason=unstable_if action=reinterpret pc=0x000001c2bd7c83a4 method=java.lang.AbstractStringBuilder.append(Ljava/lang/String;)Ljava/lang/AbstractStringBuilder; @ 1 c2
Event: 2.559 Thread 0x000001c2ae3fa780 DEOPT PACKING pc=0x000001c2bd7c83a4 sp=0x00000083c7ffc520
Event: 2.559 Thread 0x000001c2ae3fa780 DEOPT UNPACKING pc=0x000001c2bd2423a3 sp=0x00000083c7ffc508 mode 2
Event: 2.754 Thread 0x000001c2ae3fa780 Uncommon trap: trap_request=0xffffffde fr.pc=0x000001c2bd807248 relative=0x0000000000000128
Event: 2.754 Thread 0x000001c2ae3fa780 Uncommon trap: reason=class_check action=maybe_recompile pc=0x000001c2bd807248 method=jdk.internal.misc.Unsafe.allocateUninitializedArray(Ljava/lang/Class;I)Ljava/lang/Object; @ 51 c2
Event: 2.754 Thread 0x000001c2ae3fa780 DEOPT PACKING pc=0x000001c2bd807248 sp=0x00000083c7ffb780
Event: 2.754 Thread 0x000001c2ae3fa780 DEOPT UNPACKING pc=0x000001c2bd2423a3 sp=0x00000083c7ffb708 mode 2
Event: 2.754 Thread 0x000001c2ae3fa780 Uncommon trap: trap_request=0xffffffde fr.pc=0x000001c2bd807248 relative=0x0000000000000128
Event: 2.754 Thread 0x000001c2ae3fa780 Uncommon trap: reason=class_check action=maybe_recompile pc=0x000001c2bd807248 method=jdk.internal.misc.Unsafe.allocateUninitializedArray(Ljava/lang/Class;I)Ljava/lang/Object; @ 51 c2
Event: 2.754 Thread 0x000001c2ae3fa780 DEOPT PACKING pc=0x000001c2bd807248 sp=0x00000083c7ffb820
Event: 2.754 Thread 0x000001c2ae3fa780 DEOPT UNPACKING pc=0x000001c2bd2423a3 sp=0x00000083c7ffb7a8 mode 2
Event: 2.754 Thread 0x000001c2ae3fa780 Uncommon trap: trap_request=0xffffffde fr.pc=0x000001c2bd807248 relative=0x0000000000000128
Event: 2.754 Thread 0x000001c2ae3fa780 Uncommon trap: reason=class_check action=maybe_recompile pc=0x000001c2bd807248 method=jdk.internal.misc.Unsafe.allocateUninitializedArray(Ljava/lang/Class;I)Ljava/lang/Object; @ 51 c2
Event: 2.754 Thread 0x000001c2ae3fa780 DEOPT PACKING pc=0x000001c2bd807248 sp=0x00000083c7ffb850
Event: 2.754 Thread 0x000001c2ae3fa780 DEOPT UNPACKING pc=0x000001c2bd2423a3 sp=0x00000083c7ffb7d8 mode 2
Event: 2.754 Thread 0x000001c2ae3fa780 Uncommon trap: trap_request=0xffffffde fr.pc=0x000001c2bd807248 relative=0x0000000000000128
Event: 2.754 Thread 0x000001c2ae3fa780 Uncommon trap: reason=class_check action=maybe_recompile pc=0x000001c2bd807248 method=jdk.internal.misc.Unsafe.allocateUninitializedArray(Ljava/lang/Class;I)Ljava/lang/Object; @ 51 c2
Event: 2.754 Thread 0x000001c2ae3fa780 DEOPT PACKING pc=0x000001c2bd807248 sp=0x00000083c7ffb8f0
Event: 2.754 Thread 0x000001c2ae3fa780 DEOPT UNPACKING pc=0x000001c2bd2423a3 sp=0x00000083c7ffb878 mode 2

Classes unloaded (0 events):
No events

Classes redefined (0 events):
No events

Internal exceptions (19 events):
Event: 0.330 Thread 0x000001c2ae3fa780 Exception <a 'java/lang/NoSuchMethodError'{0x00000000ffc67c10}: 'int java.lang.invoke.DirectMethodHandle$Holder.invokeStaticInit(java.lang.Object, java.lang.Object)'> (0x00000000ffc67c10) 
thrown [s\open\src\hotspot\share\interpreter\linkResolver.cpp, line 759]
Event: 1.584 Thread 0x000001c2ae3fa780 Exception <a 'java/lang/NoSuchMethodError'{0x00000000ff5afe40}: 'void java.lang.invoke.DirectMethodHandle$Holder.invokeStatic(java.lang.Object, java.lang.Object)'> (0x00000000ff5afe40) 
thrown [s\open\src\hotspot\share\interpreter\linkResolver.cpp, line 759]
Event: 1.627 Thread 0x000001c2ae3fa780 Exception <a 'java/lang/NoClassDefFoundError'{0x00000000ff438730}: org/slf4j/impl/StaticMarkerBinder> (0x00000000ff438730) 
thrown [s\open\src\hotspot\share\classfile\systemDictionary.cpp, line 245]
Event: 1.666 Thread 0x000001c2ae3fa780 Exception <a 'java/lang/NoSuchMethodError'{0x00000000ff4e3af8}: 'java.lang.Object java.lang.invoke.DirectMethodHandle$Holder.invokeVirtual(java.lang.Object, java.lang.Object, java.lang.Object, java.lang.Object, java.lang.Object, java.lang.Object, java.lang.Object)'> (0x00000000ff4e3af8) 
thrown [s\open\src\hotspot\share\interpreter\linkResolver.cpp, line 759]
Event: 1.670 Thread 0x000001c2ae3fa780 Exception <a 'java/lang/NoSuchMethodError'{0x00000000ff4f54f0}: 'java.lang.Object java.lang.invoke.Invokers$Holder.invoker(java.lang.Object, java.lang.Object, java.lang.Object)'> (0x00000000ff4f54f0) 
thrown [s\open\src\hotspot\share\interpreter\linkResolver.cpp, line 759]
Event: 1.673 Thread 0x000001c2ae3fa780 Exception <a 'java/lang/NoSuchMethodError'{0x00000000ff4fe648}: 'java.lang.Object java.lang.invoke.DirectMethodHandle$Holder.invokeStatic(java.lang.Object, java.lang.Object, int)'> (0x00000000ff4fe648) 
thrown [s\open\src\hotspot\share\interpreter\linkResolver.cpp, line 759]
Event: 1.675 Thread 0x000001c2ae3fa780 Exception <a 'java/lang/NoSuchMethodError'{0x00000000ff30a7d8}: 'void java.lang.invoke.DelegatingMethodHandle$Holder.delegate(java.lang.Object, java.lang.Object, int, java.lang.Object)'> (0x00000000ff30a7d8) 
thrown [s\open\src\hotspot\share\interpreter\linkResolver.cpp, line 759]
Event: 1.676 Thread 0x000001c2ae3fa780 Exception <a 'java/lang/NoSuchMethodError'{0x00000000ff30e920}: 'int java.lang.invoke.DirectMethodHandle$Holder.invokeSpecial(java.lang.Object, java.lang.Object, java.lang.Object)'> (0x00000000ff30e920) 
thrown [s\open\src\hotspot\share\interpreter\linkResolver.cpp, line 759]
Event: 1.680 Thread 0x000001c2ae3fa780 Exception <a 'java/lang/NoSuchMethodError'{0x00000000ff321a68}: 'java.lang.Object java.lang.invoke.Invokers$Holder.invokeExact_MT(java.lang.Object, java.lang.Object, java.lang.Object, java.lang.Object)'> (0x00000000ff321a68) 
thrown [s\open\src\hotspot\share\interpreter\linkResolver.cpp, line 759]
Event: 1.953 Thread 0x000001c2ae3fa780 Exception <a 'java/lang/NoSuchMethodError'{0x00000000ffc27fd8}: 'void java.lang.invoke.DirectMethodHandle$Holder.invokeSpecial(java.lang.Object, java.lang.Object, java.lang.Object)'> (0x00000000ffc27fd8) 
thrown [s\open\src\hotspot\share\interpreter\linkResolver.cpp, line 759]
Event: 2.004 Thread 0x000001c2ae3fa780 Exception <a 'java/lang/NoSuchMethodError'{0x00000000ffb8f9a8}: 'java.lang.Object java.lang.invoke.DirectMethodHandle$Holder.invokeStaticInit(java.lang.Object)'> (0x00000000ffb8f9a8) 
thrown [s\open\src\hotspot\share\interpreter\linkResolver.cpp, line 759]
Event: 2.052 Thread 0x000001c2ae3fa780 Exception <a 'java/lang/NoSuchMethodError'{0x00000000ffa2edf0}: 'int java.lang.invoke.DirectMethodHandle$Holder.invokeVirtual(java.lang.Object, java.lang.Object, java.lang.Object)'> (0x00000000ffa2edf0) 
thrown [s\open\src\hotspot\share\interpreter\linkResolver.cpp, line 759]
Event: 2.062 Thread 0x000001c2ae3fa780 Exception <a 'java/lang/NoSuchMethodError'{0x00000000ffa73358}: 'java.lang.Object java.lang.invoke.DirectMethodHandle$Holder.invokeVirtual(java.lang.Object, java.lang.Object, java.lang.Object)'> (0x00000000ffa73358) 
thrown [s\open\src\hotspot\share\interpreter\linkResolver.cpp, line 759]
Event: 2.182 Thread 0x000001c2ae3fa780 Exception <a 'java/lang/NoSuchMethodError'{0x00000000ff7fd970}: 'java.lang.Object java.lang.invoke.DirectMethodHandle$Holder.invokeStaticInit(java.lang.Object, int, int, int, int)'> (0x00000000ff7fd970) 
thrown [s\open\src\hotspot\share\interpreter\linkResolver.cpp, line 759]
Event: 2.288 Thread 0x000001c2ae3fa780 Exception <a 'java/lang/NoSuchMethodError'{0x00000000ff625df8}: 'java.lang.Object java.lang.invoke.DirectMethodHandle$Holder.invokeStaticInit(java.lang.Object, java.lang.Object, int, int, int, int)'> (0x00000000ff625df8) 
thrown [s\open\src\hotspot\share\interpreter\linkResolver.cpp, line 759]
Event: 2.499 Thread 0x000001c2ae3fa780 Exception <a 'java/lang/NoSuchMethodError'{0x00000000ff653020}: 'void java.lang.invoke.DirectMethodHandle$Holder.invokeStatic(java.lang.Object, java.lang.Object, java.lang.Object)'> (0x00000000ff653020) 
thrown [s\open\src\hotspot\share\interpreter\linkResolver.cpp, line 759]
Event: 2.558 Thread 0x000001c2ae3fa780 Implicit null exception at 0x000001c2bd7fb472 to 0x000001c2bd7fba8c
Event: 2.559 Thread 0x000001c2ae3fa780 Implicit null exception at 0x000001c2bd7c7d72 to 0x000001c2bd7c838c
Event: 3.634 Thread 0x000001c2ae3fa780 Exception <a 'sun/net/ConnectionResetException'{0x00000000ff34be00}: Connection reset> (0x00000000ff34be00) 
thrown [s\open\src\hotspot\share\prims\jni.cpp, line 535]

VM Operations (20 events):
Event: 0.862 Executing VM operation: G1CollectForAllocation
Event: 0.867 Executing VM operation: G1CollectForAllocation done
Event: 1.412 Executing VM operation: HandshakeAllThreads
Event: 1.412 Executing VM operation: HandshakeAllThreads done
Event: 1.620 Executing VM operation: HandshakeAllThreads
Event: 1.620 Executing VM operation: HandshakeAllThreads done
Event: 1.672 Executing VM operation: HandshakeAllThreads
Event: 1.672 Executing VM operation: HandshakeAllThreads done
Event: 1.847 Executing VM operation: G1CollectForAllocation
Event: 1.856 Executing VM operation: G1CollectForAllocation done
Event: 1.915 Executing VM operation: HandshakeAllThreads
Event: 1.915 Executing VM operation: HandshakeAllThreads done
Event: 2.034 Executing VM operation: HandshakeAllThreads
Event: 2.035 Executing VM operation: HandshakeAllThreads done
Event: 2.117 Executing VM operation: HandshakeAllThreads
Event: 2.117 Executing VM operation: HandshakeAllThreads done
Event: 2.280 Executing VM operation: HandshakeAllThreads
Event: 2.280 Executing VM operation: HandshakeAllThreads done
Event: 2.685 Executing VM operation: HandshakeAllThreads
Event: 2.685 Executing VM operation: HandshakeAllThreads done

Events (20 events):
Event: 2.753 loading class sun/nio/ch/SelectionKeyImpl
Event: 2.753 loading class java/nio/channels/spi/AbstractSelectionKey
Event: 2.753 loading class java/nio/channels/SelectionKey
Event: 2.753 loading class java/nio/channels/SelectionKey done
Event: 2.753 loading class java/nio/channels/spi/AbstractSelectionKey done
Event: 2.753 loading class sun/nio/ch/SelectionKeyImpl done
Event: 2.753 loading class java/lang/invoke/ConstantBootstraps
Event: 2.754 loading class java/lang/invoke/ConstantBootstraps done
Event: 2.788 loading class java/nio/channels/spi/AbstractSelector$1
Event: 2.788 loading class java/nio/channels/spi/AbstractSelector$1 done
Event: 2.823 Thread 0x000001c30df67470 Thread added: 0x000001c30df67470
Event: 2.826 loading class java/nio/charset/CharacterCodingException
Event: 2.826 loading class java/nio/charset/CharacterCodingException done
Event: 2.829 loading class java/nio/channels/AsynchronousCloseException
Event: 2.829 loading class java/nio/channels/ClosedChannelException
Event: 2.829 loading class java/nio/channels/ClosedChannelException done
Event: 2.829 loading class java/nio/channels/AsynchronousCloseException done
Event: 2.830 Thread 0x000001c30d626c50 Thread added: 0x000001c30d626c50
Event: 3.631 loading class sun/net/ConnectionResetException
Event: 3.634 loading class sun/net/ConnectionResetException done


Dynamic libraries:
0x00007ff740c30000 - 0x00007ff740c40000 	C:\Program Files\Java\jdk-17\bin\java.exe
0x00007ffc38f30000 - 0x00007ffc39128000 	C:\WINDOWS\SYSTEM32\ntdll.dll
0x00007ffc37350000 - 0x00007ffc37411000 	C:\WINDOWS\System32\KERNEL32.DLL
0x00007ffc36c10000 - 0x00007ffc36f06000 	C:\WINDOWS\System32\KERNELBASE.dll
0x00007ffc36820000 - 0x00007ffc36920000 	C:\WINDOWS\System32\ucrtbase.dll
0x00007ffc186e0000 - 0x00007ffc186fb000 	C:\Program Files\Java\jdk-17\bin\VCRUNTIME140.dll
0x00007ffc19580000 - 0x00007ffc19599000 	C:\Program Files\Java\jdk-17\bin\jli.dll
0x00007ffc38300000 - 0x00007ffc383b0000 	C:\WINDOWS\System32\ADVAPI32.dll
0x00007ffc38df0000 - 0x00007ffc38e8e000 	C:\WINDOWS\System32\msvcrt.dll
0x00007ffc37100000 - 0x00007ffc371a0000 	C:\WINDOWS\System32\sechost.dll
0x00007ffc36f60000 - 0x00007ffc37083000 	C:\WINDOWS\System32\RPCRT4.dll
0x00007ffc365e0000 - 0x00007ffc36607000 	C:\WINDOWS\System32\bcrypt.dll
0x00007ffc37500000 - 0x00007ffc3769f000 	C:\WINDOWS\System32\USER32.dll
0x00007ffc367f0000 - 0x00007ffc36812000 	C:\WINDOWS\System32\win32u.dll
0x00007ffc1edc0000 - 0x00007ffc1f05a000 	C:\WINDOWS\WinSxS\amd64_microsoft.windows.common-controls_6595b64144ccf1df_6.0.19041.4355_none_60b8b9eb71f62e16\COMCTL32.dll
0x00007ffc371a0000 - 0x00007ffc371cb000 	C:\WINDOWS\System32\GDI32.dll
0x00007ffc36990000 - 0x00007ffc36aa7000 	C:\WINDOWS\System32\gdi32full.dll
0x00007ffc36610000 - 0x00007ffc366ad000 	C:\WINDOWS\System32\msvcp_win.dll
0x00007ffc2baf0000 - 0x00007ffc2bafa000 	C:\WINDOWS\SYSTEM32\VERSION.dll
0x00007ffc37420000 - 0x00007ffc3744f000 	C:\WINDOWS\System32\IMM32.DLL
0x00007ffc2c520000 - 0x00007ffc2c52c000 	C:\Program Files\Java\jdk-17\bin\vcruntime140_1.dll
0x00007ffc166a0000 - 0x00007ffc1672e000 	C:\Program Files\Java\jdk-17\bin\msvcp140.dll
0x00007ffbb9de0000 - 0x00007ffbba9c0000 	C:\Program Files\Java\jdk-17\bin\server\jvm.dll
0x00007ffc37090000 - 0x00007ffc37098000 	C:\WINDOWS\System32\PSAPI.DLL
0x00007ffc12ec0000 - 0x00007ffc12ee7000 	C:\WINDOWS\SYSTEM32\WINMM.dll
0x00007ffc23330000 - 0x00007ffc23339000 	C:\WINDOWS\SYSTEM32\WSOCK32.dll
0x00007ffc376a0000 - 0x00007ffc3770b000 	C:\WINDOWS\System32\WS2_32.dll
0x00007ffc34e20000 - 0x00007ffc34e32000 	C:\WINDOWS\SYSTEM32\kernel.appcore.dll
0x00007ffc2af20000 - 0x00007ffc2af2a000 	C:\Program Files\Java\jdk-17\bin\jimage.dll
0x00007ffc31ab0000 - 0x00007ffc31c94000 	C:\WINDOWS\SYSTEM32\DBGHELP.DLL
0x00007ffc29110000 - 0x00007ffc29144000 	C:\WINDOWS\SYSTEM32\dbgcore.DLL
0x00007ffc366b0000 - 0x00007ffc36732000 	C:\WINDOWS\System32\bcryptPrimitives.dll
0x00007ffc17d30000 - 0x00007ffc17d55000 	C:\Program Files\Java\jdk-17\bin\java.dll
0x00007ffc0dea0000 - 0x00007ffc0df77000 	C:\Program Files\Java\jdk-17\bin\jsvml.dll
0x00007ffc37710000 - 0x00007ffc37e7c000 	C:\WINDOWS\System32\SHELL32.dll
0x00007ffc31310000 - 0x00007ffc31aae000 	C:\WINDOWS\SYSTEM32\windows.storage.dll
0x00007ffc38a90000 - 0x00007ffc38de3000 	C:\WINDOWS\System32\combase.dll
0x00007ffc35f90000 - 0x00007ffc35fbe000 	C:\WINDOWS\SYSTEM32\Wldp.dll
0x00007ffc38910000 - 0x00007ffc389dd000 	C:\WINDOWS\System32\OLEAUT32.dll
0x00007ffc38860000 - 0x00007ffc3890d000 	C:\WINDOWS\System32\SHCORE.dll
0x00007ffc371d0000 - 0x00007ffc37225000 	C:\WINDOWS\System32\shlwapi.dll
0x00007ffc36510000 - 0x00007ffc36534000 	C:\WINDOWS\SYSTEM32\profapi.dll
0x00007ffc17d10000 - 0x00007ffc17d29000 	C:\Program Files\Java\jdk-17\bin\net.dll
0x00007ffc28650000 - 0x00007ffc2875a000 	C:\WINDOWS\SYSTEM32\WINHTTP.dll
0x00007ffc35cf0000 - 0x00007ffc35d5a000 	C:\WINDOWS\system32\mswsock.dll
0x00007ffc17b10000 - 0x00007ffc17b26000 	C:\Program Files\Java\jdk-17\bin\nio.dll
0x00007ffc17af0000 - 0x00007ffc17b08000 	C:\Program Files\Java\jdk-17\bin\zip.dll
0x00007ffc19020000 - 0x00007ffc19030000 	C:\Program Files\Java\jdk-17\bin\verify.dll
0x00007ffc0da30000 - 0x00007ffc0da57000 	C:\Users\Ghousia computer\.gradle\native\c067742578af261105cb4f569cf0c3c89f3d7b1fecec35dd04571415982c5e48\windows-amd64\native-platform.dll
0x00007ffc17ae0000 - 0x00007ffc17aea000 	C:\Users\Ghousia computer\.gradle\native\jansi\1.18\windows64\jansi.dll
0x00007ffc186d0000 - 0x00007ffc186da000 	C:\Program Files\Java\jdk-17\bin\management.dll
0x00007ffc184f0000 - 0x00007ffc184fb000 	C:\Program Files\Java\jdk-17\bin\management_ext.dll
0x00007ffc35ef0000 - 0x00007ffc35f08000 	C:\WINDOWS\SYSTEM32\CRYPTSP.dll
0x00007ffc35610000 - 0x00007ffc35644000 	C:\WINDOWS\system32\rsaenh.dll
0x00007ffc36480000 - 0x00007ffc364ae000 	C:\WINDOWS\SYSTEM32\USERENV.dll
0x00007ffc35ee0000 - 0x00007ffc35eec000 	C:\WINDOWS\SYSTEM32\CRYPTBASE.dll
0x00007ffc359d0000 - 0x00007ffc35a0b000 	C:\WINDOWS\SYSTEM32\IPHLPAPI.DLL
0x00007ffc37e80000 - 0x00007ffc37e88000 	C:\WINDOWS\System32\NSI.dll
0x00007ffc29580000 - 0x00007ffc29597000 	C:\WINDOWS\SYSTEM32\dhcpcsvc6.DLL
0x00007ffc2a680000 - 0x00007ffc2a69d000 	C:\WINDOWS\SYSTEM32\dhcpcsvc.DLL
0x00007ffc35a10000 - 0x00007ffc35ada000 	C:\WINDOWS\SYSTEM32\DNSAPI.dll
0x00007ffc17930000 - 0x00007ffc1793e000 	C:\Program Files\Java\jdk-17\bin\sunmscapi.dll
0x00007ffc36ab0000 - 0x00007ffc36c0e000 	C:\WINDOWS\System32\CRYPT32.dll
0x00007ffc36000000 - 0x00007ffc36029000 	C:\WINDOWS\SYSTEM32\ncrypt.dll
0x00007ffc35fc0000 - 0x00007ffc35ffb000 	C:\WINDOWS\SYSTEM32\NTASN1.dll
0x00007ffc19010000 - 0x00007ffc19017000 	C:\WINDOWS\system32\wshunix.dll

dbghelp: loaded successfully - version: 4.0.5 - missing functions: none
symbol engine: initialized successfully - sym options: 0x614 - pdb path: .;C:\Program Files\Java\jdk-17\bin;C:\WINDOWS\SYSTEM32;C:\WINDOWS\WinSxS\amd64_microsoft.windows.common-controls_6595b64144ccf1df_6.0.19041.4355_none_60b8b9eb71f62e16;C:\Program Files\Java\jdk-17\bin\server;C:\Users\Ghousia computer\.gradle\native\c067742578af261105cb4f569cf0c3c89f3d7b1fecec35dd04571415982c5e48\windows-amd64;C:\Users\Ghousia computer\.gradle\native\jansi\1.18\windows64

VM Arguments:
jvm_args: -Xmx64m -Xms64m -Dorg.gradle.appname=gradlew 
java_command: org.gradle.wrapper.GradleWrapperMain app:installDebug -PreactNativeDevServerPort=8081
java_class_path (initial): G:\NativeProject\android\\gradle\wrapper\gradle-wrapper.jar
Launcher Type: SUN_STANDARD

[Global flags]
     intx CICompilerCount                          = 3                                         {product} {ergonomic}
     uint ConcGCThreads                            = 1                                         {product} {ergonomic}
     uint G1ConcRefinementThreads                  = 4                                         {product} {ergonomic}
   size_t G1HeapRegionSize                         = 1048576                                   {product} {ergonomic}
    uintx GCDrainStackTargetSize                   = 64                                        {product} {ergonomic}
   size_t InitialHeapSize                          = 67108864                                  {product} {command line}
   size_t MarkStackSize                            = 4194304                                   {product} {ergonomic}
   size_t MaxHeapSize                              = 67108864                                  {product} {command line}
   size_t MaxNewSize                               = 39845888                                  {product} {ergonomic}
   size_t MinHeapDeltaBytes                        = 1048576                                   {product} {ergonomic}
   size_t MinHeapSize                              = 67108864                                  {product} {command line}
    uintx NonNMethodCodeHeapSize                   = 5832780                                {pd product} {ergonomic}
    uintx NonProfiledCodeHeapSize                  = 122912730                              {pd product} {ergonomic}
    uintx ProfiledCodeHeapSize                     = 122912730                              {pd product} {ergonomic}
    uintx ReservedCodeCacheSize                    = 251658240                              {pd product} {ergonomic}
     bool SegmentedCodeCache                       = true                                      {product} {ergonomic}
   size_t SoftMaxHeapSize                          = 67108864                               {manageable} {ergonomic}
     bool UseCompressedClassPointers               = true                           {product lp64_product} {ergonomic}
     bool UseCompressedOops                        = true                           {product lp64_product} {ergonomic}
     bool UseG1GC                                  = true                                      {product} {ergonomic}
     bool UseLargePagesIndividualAllocation        = false                                  {pd product} {ergonomic}

Logging:
Log output configuration:
 #0: stdout all=warning uptime,level,tags
 #1: stderr all=off uptime,level,tags

Environment Variables:
CLASSPATH=G:\NativeProject\android\\gradle\wrapper\gradle-wrapper.jar
PATH=G:\NativeProject\node_modules\.bin;G:\NativeProject\node_modules\.bin;G:\node_modules\.bin;C:\Program Files\nodejs\node_modules\npm\node_modules\@npmcli\run-script\lib\node-gyp-bin;C:\Program Files\Common Files\Oracle\Java\javapath;C:\WINDOWS\system32;C:\WINDOWS;C:\WINDOWS\System32\Wbem;C:\WINDOWS\System32\WindowsPowerShell\v1.0\;C:\WINDOWS\System32\OpenSSH\;C:\Program Files\nodejs\;C:\Program Files\Git\cmd;C:\ProgramData\chocolatey\bin;C:\Program Files\MySQL\MySQL Shell 8.0\bin\;C:\Users\Ghousia computer\AppData\Local\Microsoft\WindowsApps;C:\Users\Ghousia computer\AppData\Local\Programs\Microsoft VS Code\bin;C:\Users\Ghousia computer\AppData\Roaming\npm;C:\Program Files\Java\jdk-17\bin;C:\Program Files\Android\Android Studio\bin;
USERNAME=Ghousia computer
LANG=en_US.UTF-8
OS=Windows_NT
PROCESSOR_IDENTIFIER=Intel64 Family 6 Model 142 Stepping 10, GenuineIntel



---------------  S Y S T E M  ---------------

OS:
 Windows 10 , 64 bit Build 19041 (10.0.19041.4597)
OS uptime: 1 days 5:17 hours

CPU: total 4 (initial active 4) (2 cores per cpu, 2 threads per core) family 6 model 142 stepping 10 microcode 0xf4, cx8, cmov, fxsr, ht, mmx, 3dnowpref, sse, sse2, sse3, ssse3, sse4.1, sse4.2, popcnt, lzcnt, tsc, tscinvbit, avx, avx2, aes, erms, clmul, bmi1, bmi2, adx, fma, vzeroupper, clflush, clflushopt

Memory: 4k page, system-wide physical 3939M (258M free)
TotalPageFile size 12780M (AvailPageFile size 0M)
current process WorkingSet (physical memory assigned to process): 95M, peak: 95M
current process commit charge ("private bytes"): 166M, peak: 166M

vm_info: Java HotSpot(TM) 64-Bit Server VM (17.0.11+7-LTS-207) for windows-amd64 JRE (17.0.11+7-LTS-207), built on Mar 11 2024 19:01:50 by "mach5one" with MS VC++ 17.6 (VS2022)

END.
